Using pre-set license
Built from '2020.3/release' branch; Version is '2020.3.7f1 (dd97f2c94397) revision 14522354'; Using compiler version '192528614'; Build Type 'Release'
OS: 'Windows 10 Home; OS build 19043.1165; Version 2009; 64bit' Language: 'fr' Physical Memory: 16331 MB
BatchMode: 1, IsHumanControllingUs: 0, StartBugReporterOnCrash: 0, Is64bit: 1, IsPro: 0

 COMMAND LINE ARGUMENTS:
E:\Unity\Unity\2020.3.7f1\Editor\Unity.exe
-adb2
-batchMode
-noUpm
-name
AssetImportWorker2
-projectPath
C:/Users/Doryan LB/Documents/GitHub/2021-JCO-PO-Jeu_De_Sabre/Jeu de Sabre
-logFile
Logs/AssetImportWorker2.log
-srvPort
65046
Successfully changed project path to: C:/Users/Doryan LB/Documents/GitHub/2021-JCO-PO-Jeu_De_Sabre/Jeu de Sabre
C:/Users/Doryan LB/Documents/GitHub/2021-JCO-PO-Jeu_De_Sabre/Jeu de Sabre
Using Asset Import Pipeline V2.
Refreshing native plugins compatible for Editor in 83.27 ms, found 2 plugins.
Preloading 0 native plugins for Editor in 0.00 ms.
Initialize engine version: 2020.3.7f1 (dd97f2c94397)
[Subsystems] Discovering subsystems at path E:/Unity/Unity/2020.3.7f1/Editor/Data/Resources/UnitySubsystems
[Subsystems] Discovering subsystems at path C:/Users/Doryan LB/Documents/GitHub/2021-JCO-PO-Jeu_De_Sabre/Jeu de Sabre/Assets
GfxDevice: creating device client; threaded=0
Direct3D:
    Version:  Direct3D 11.0 [level 11.1]
    Renderer: NVIDIA GeForce GTX 1060 6GB (ID=0x1b83)
    Vendor:   
    VRAM:     6052 MB
    Driver:   27.21.14.5671
Initialize mono
Mono path[0] = 'E:/Unity/Unity/2020.3.7f1/Editor/Data/Managed'
Mono path[1] = 'E:/Unity/Unity/2020.3.7f1/Editor/Data/MonoBleedingEdge/lib/mono/unityjit'
Mono config path = 'E:/Unity/Unity/2020.3.7f1/Editor/Data/MonoBleedingEdge/etc'
Using monoOptions --debugger-agent=transport=dt_socket,embedding=1,server=y,suspend=n,address=127.0.0.1:56636
Begin MonoManager ReloadAssembly
Registering precompiled unity dll's ...
Register platform support module: E:/Unity/Unity/2020.3.7f1/Editor/Data/PlaybackEngines/WindowsStandaloneSupport/UnityEditor.WindowsStandalone.Extensions.dll
Registered in 0.001288 seconds.
Native extension for WindowsStandalone target not found
Refreshing native plugins compatible for Editor in 83.23 ms, found 2 plugins.
Preloading 0 native plugins for Editor in 0.00 ms.
Mono: successfully reloaded assembly
- Completed reload, in  4.297 seconds
Platform modules already initialized, skipping
Registering precompiled user dll's ...
Registered in 0.003064 seconds.
Begin MonoManager ReloadAssembly
Native extension for WindowsStandalone target not found
Refreshing native plugins compatible for Editor in 78.95 ms, found 2 plugins.
Preloading 0 native plugins for Editor in 0.00 ms.
Mono: successfully reloaded assembly
- Completed reload, in  1.164 seconds
Platform modules already initialized, skipping
========================================================================
Worker process is ready to serve import requests
Launched and connected shader compiler UnityShaderCompiler.exe after 0.18 seconds
Refreshing native plugins compatible for Editor in 0.87 ms, found 2 plugins.
Preloading 0 native plugins for Editor in 0.00 ms.
Unloading 1818 Unused Serialized files (Serialized files now loaded: 0)
System memory in use before: 106.2 MB.
System memory in use after: 106.3 MB.

Unloading 15 unused Assets to reduce memory usage. Loaded Objects now: 2287.
Total: 2.933600 ms (FindLiveObjects: 0.276900 ms CreateObjectMapping: 0.047400 ms MarkObjects: 2.415500 ms  DeleteObjects: 0.191900 ms)

========================================================================
Received Import Request.
  path: Assets/Scripts/Animations/Personnage.controller
  artifactKey: Guid(d9e46d0890edf434fa917cd5291a063c) Importer(815301076,1909f56bfc062723c751e8b465ee728b)
Start importing Assets/Scripts/Animations/Personnage.controller using Guid(d9e46d0890edf434fa917cd5291a063c) Importer(815301076,1909f56bfc062723c751e8b465ee728b)  -> (artifact id: 'd992cf6a1f0c44440c11c2332afe9a71') in 0.113492 seconds
  Import took 0.117911 seconds .

========================================================================
Received Prepare
Registering precompiled user dll's ...
Registered in 0.003439 seconds.
Begin MonoManager ReloadAssembly
Native extension for WindowsStandalone target not found
Refreshing native plugins compatible for Editor in 0.86 ms, found 2 plugins.
Preloading 0 native plugins for Editor in 0.00 ms.
Mono: successfully reloaded assembly
- Completed reload, in  1.098 seconds
Platform modules already initialized, skipping
Refreshing native plugins compatible for Editor in 1.51 ms, found 2 plugins.
Preloading 0 native plugins for Editor in 0.00 ms.
Unloading 1765 Unused Serialized files (Serialized files now loaded: 0)
System memory in use before: 101.7 MB.
System memory in use after: 101.8 MB.

Unloading 8 unused Assets to reduce memory usage. Loaded Objects now: 2290.
Total: 2.571600 ms (FindLiveObjects: 0.399400 ms CreateObjectMapping: 0.072200 ms MarkObjects: 2.080400 ms  DeleteObjects: 0.018400 ms)

========================================================================
Received Prepare
Registering precompiled user dll's ...
Registered in 0.009127 seconds.
Begin MonoManager ReloadAssembly
Native extension for WindowsStandalone target not found
Refreshing native plugins compatible for Editor in 1.23 ms, found 2 plugins.
Preloading 0 native plugins for Editor in 0.00 ms.
Mono: successfully reloaded assembly
- Completed reload, in  1.390 seconds
Platform modules already initialized, skipping
Refreshing native plugins compatible for Editor in 0.91 ms, found 2 plugins.
Preloading 0 native plugins for Editor in 0.00 ms.
Unloading 1765 Unused Serialized files (Serialized files now loaded: 0)
System memory in use before: 101.8 MB.
System memory in use after: 101.9 MB.

Unloading 8 unused Assets to reduce memory usage. Loaded Objects now: 2293.
Total: 2.520500 ms (FindLiveObjects: 0.295400 ms CreateObjectMapping: 0.047100 ms MarkObjects: 2.155600 ms  DeleteObjects: 0.021000 ms)

========================================================================
Received Prepare
Registering precompiled user dll's ...
Registered in 0.003011 seconds.
Begin MonoManager ReloadAssembly
Native extension for WindowsStandalone target not found
Refreshing native plugins compatible for Editor in 0.90 ms, found 2 plugins.
Preloading 0 native plugins for Editor in 0.00 ms.
Mono: successfully reloaded assembly
- Completed reload, in  1.048 seconds
Platform modules already initialized, skipping
Refreshing native plugins compatible for Editor in 0.83 ms, found 2 plugins.
Preloading 0 native plugins for Editor in 0.00 ms.
Unloading 1765 Unused Serialized files (Serialized files now loaded: 0)
System memory in use before: 101.8 MB.
System memory in use after: 101.9 MB.

Unloading 8 unused Assets to reduce memory usage. Loaded Objects now: 2296.
Total: 2.393700 ms (FindLiveObjects: 0.239600 ms CreateObjectMapping: 0.048100 ms MarkObjects: 2.083000 ms  DeleteObjects: 0.021700 ms)

========================================================================
Received Prepare
Registering precompiled user dll's ...
Registered in 0.004144 seconds.
Begin MonoManager ReloadAssembly
Native extension for WindowsStandalone target not found
Refreshing native plugins compatible for Editor in 1.39 ms, found 2 plugins.
Preloading 0 native plugins for Editor in 0.00 ms.
Mono: successfully reloaded assembly
- Completed reload, in  1.068 seconds
Platform modules already initialized, skipping
Refreshing native plugins compatible for Editor in 0.86 ms, found 2 plugins.
Preloading 0 native plugins for Editor in 0.00 ms.
Unloading 1765 Unused Serialized files (Serialized files now loaded: 0)
System memory in use before: 101.8 MB.
System memory in use after: 101.9 MB.

Unloading 8 unused Assets to reduce memory usage. Loaded Objects now: 2299.
Total: 2.396100 ms (FindLiveObjects: 0.352900 ms CreateObjectMapping: 0.057400 ms MarkObjects: 1.966200 ms  DeleteObjects: 0.017600 ms)

========================================================================
Received Prepare
Registering precompiled user dll's ...
Registered in 0.004628 seconds.
Begin MonoManager ReloadAssembly
Native extension for WindowsStandalone target not found
Refreshing native plugins compatible for Editor in 0.96 ms, found 2 plugins.
Preloading 0 native plugins for Editor in 0.00 ms.
Mono: successfully reloaded assembly
- Completed reload, in  1.108 seconds
Platform modules already initialized, skipping
Refreshing native plugins compatible for Editor in 1.41 ms, found 2 plugins.
Preloading 0 native plugins for Editor in 0.00 ms.
Unloading 1765 Unused Serialized files (Serialized files now loaded: 0)
System memory in use before: 101.8 MB.
System memory in use after: 101.9 MB.

Unloading 8 unused Assets to reduce memory usage. Loaded Objects now: 2302.
Total: 3.902500 ms (FindLiveObjects: 0.269600 ms CreateObjectMapping: 0.048900 ms MarkObjects: 3.557800 ms  DeleteObjects: 0.024500 ms)

========================================================================
Received Prepare
Registering precompiled user dll's ...
Registered in 0.003187 seconds.
Begin MonoManager ReloadAssembly
Native extension for WindowsStandalone target not found
Refreshing native plugins compatible for Editor in 1.68 ms, found 2 plugins.
Preloading 0 native plugins for Editor in 0.00 ms.
Mono: successfully reloaded assembly
- Completed reload, in  1.491 seconds
Platform modules already initialized, skipping
Refreshing native plugins compatible for Editor in 1.89 ms, found 2 plugins.
Preloading 0 native plugins for Editor in 0.00 ms.
Unloading 1765 Unused Serialized files (Serialized files now loaded: 0)
System memory in use before: 101.8 MB.
System memory in use after: 101.9 MB.

Unloading 8 unused Assets to reduce memory usage. Loaded Objects now: 2305.
Total: 3.354000 ms (FindLiveObjects: 0.431000 ms CreateObjectMapping: 0.068800 ms MarkObjects: 2.828900 ms  DeleteObjects: 0.023500 ms)

========================================================================
Received Prepare
Registering precompiled user dll's ...
Registered in 0.004046 seconds.
Begin MonoManager ReloadAssembly
Native extension for WindowsStandalone target not found
Refreshing native plugins compatible for Editor in 1.20 ms, found 2 plugins.
Preloading 0 native plugins for Editor in 0.00 ms.
Mono: successfully reloaded assembly
- Completed reload, in  1.035 seconds
Platform modules already initialized, skipping
Refreshing native plugins compatible for Editor in 1.02 ms, found 2 plugins.
Preloading 0 native plugins for Editor in 0.00 ms.
Unloading 1765 Unused Serialized files (Serialized files now loaded: 0)
System memory in use before: 101.8 MB.
System memory in use after: 101.9 MB.

Unloading 8 unused Assets to reduce memory usage. Loaded Objects now: 2308.
Total: 2.663800 ms (FindLiveObjects: 0.269500 ms CreateObjectMapping: 0.051600 ms MarkObjects: 2.319600 ms  DeleteObjects: 0.021300 ms)

========================================================================
Received Prepare
Registering precompiled user dll's ...
Registered in 0.003211 seconds.
Begin MonoManager ReloadAssembly
Native extension for WindowsStandalone target not found
Refreshing native plugins compatible for Editor in 1.40 ms, found 2 plugins.
Preloading 0 native plugins for Editor in 0.00 ms.
Mono: successfully reloaded assembly
- Completed reload, in  1.039 seconds
Platform modules already initialized, skipping
Refreshing native plugins compatible for Editor in 0.84 ms, found 2 plugins.
Preloading 0 native plugins for Editor in 0.00 ms.
Unloading 1765 Unused Serialized files (Serialized files now loaded: 0)
System memory in use before: 101.8 MB.
System memory in use after: 101.9 MB.

Unloading 8 unused Assets to reduce memory usage. Loaded Objects now: 2311.
Total: 3.001400 ms (FindLiveObjects: 0.334100 ms CreateObjectMapping: 0.063500 ms MarkObjects: 2.579000 ms  DeleteObjects: 0.023300 ms)

========================================================================
Received Prepare
Registering precompiled user dll's ...
Registered in 0.003573 seconds.
Begin MonoManager ReloadAssembly
Native extension for WindowsStandalone target not found
Refreshing native plugins compatible for Editor in 0.84 ms, found 2 plugins.
Preloading 0 native plugins for Editor in 0.00 ms.
Mono: successfully reloaded assembly
- Completed reload, in  0.980 seconds
Platform modules already initialized, skipping
Refreshing native plugins compatible for Editor in 0.97 ms, found 2 plugins.
Preloading 0 native plugins for Editor in 0.00 ms.
Unloading 1765 Unused Serialized files (Serialized files now loaded: 0)
System memory in use before: 101.8 MB.
System memory in use after: 101.9 MB.

Unloading 8 unused Assets to reduce memory usage. Loaded Objects now: 2314.
Total: 3.631000 ms (FindLiveObjects: 0.347800 ms CreateObjectMapping: 0.049300 ms MarkObjects: 3.201000 ms  DeleteObjects: 0.031200 ms)

========================================================================
Received Prepare
Registering precompiled user dll's ...
Registered in 0.003229 seconds.
Begin MonoManager ReloadAssembly
Native extension for WindowsStandalone target not found
Refreshing native plugins compatible for Editor in 1.13 ms, found 2 plugins.
Preloading 0 native plugins for Editor in 0.00 ms.
Mono: successfully reloaded assembly
- Completed reload, in  1.004 seconds
Platform modules already initialized, skipping
Refreshing native plugins compatible for Editor in 1.36 ms, found 2 plugins.
Preloading 0 native plugins for Editor in 0.00 ms.
Unloading 1765 Unused Serialized files (Serialized files now loaded: 0)
System memory in use before: 101.8 MB.
System memory in use after: 101.9 MB.

Unloading 8 unused Assets to reduce memory usage. Loaded Objects now: 2317.
Total: 3.245400 ms (FindLiveObjects: 0.350600 ms CreateObjectMapping: 0.075500 ms MarkObjects: 2.795100 ms  DeleteObjects: 0.022300 ms)

========================================================================
Received Prepare
Registering precompiled user dll's ...
Registered in 0.002520 seconds.
Begin MonoManager ReloadAssembly
Native extension for WindowsStandalone target not found
Refreshing native plugins compatible for Editor in 1.37 ms, found 2 plugins.
Preloading 0 native plugins for Editor in 0.00 ms.
Mono: successfully reloaded assembly
- Completed reload, in  1.079 seconds
Platform modules already initialized, skipping
Refreshing native plugins compatible for Editor in 0.85 ms, found 2 plugins.
Preloading 0 native plugins for Editor in 0.00 ms.
Unloading 1765 Unused Serialized files (Serialized files now loaded: 0)
System memory in use before: 101.8 MB.
System memory in use after: 102.0 MB.

Unloading 8 unused Assets to reduce memory usage. Loaded Objects now: 2320.
Total: 3.320000 ms (FindLiveObjects: 0.363900 ms CreateObjectMapping: 0.061000 ms MarkObjects: 2.868400 ms  DeleteObjects: 0.025000 ms)

========================================================================
Received Prepare
Registering precompiled user dll's ...
Registered in 0.003264 seconds.
Begin MonoManager ReloadAssembly
Native extension for WindowsStandalone target not found
Refreshing native plugins compatible for Editor in 0.84 ms, found 2 plugins.
Preloading 0 native plugins for Editor in 0.00 ms.
Mono: successfully reloaded assembly
- Completed reload, in  1.090 seconds
Platform modules already initialized, skipping
Refreshing native plugins compatible for Editor in 0.92 ms, found 2 plugins.
Preloading 0 native plugins for Editor in 0.00 ms.
Unloading 1765 Unused Serialized files (Serialized files now loaded: 0)
System memory in use before: 101.8 MB.
System memory in use after: 102.0 MB.

Unloading 8 unused Assets to reduce memory usage. Loaded Objects now: 2323.
Total: 2.616300 ms (FindLiveObjects: 0.358200 ms CreateObjectMapping: 0.061000 ms MarkObjects: 2.178700 ms  DeleteObjects: 0.016600 ms)

========================================================================
Received Import Request.
  Time since last request: 1028.559159 seconds.
  path: Assets/EmoteFace/Angry
  artifactKey: Guid(6c2dba1ef9dbab04cbe63fba86de6f55) Importer(815301076,1909f56bfc062723c751e8b465ee728b)
Start importing Assets/EmoteFace/Angry using Guid(6c2dba1ef9dbab04cbe63fba86de6f55) Importer(815301076,1909f56bfc062723c751e8b465ee728b)  -> (artifact id: 'c36ebdb8fff24fa70a93db9d7e8b958a') in 0.013405 seconds
  Import took 0.018398 seconds .

========================================================================
Received Import Request.
  Time since last request: 0.002066 seconds.
  path: Assets/EmoteFace/Angry
  artifactKey: Guid(6c2dba1ef9dbab04cbe63fba86de6f55) Importer(815301076,1909f56bfc062723c751e8b465ee728b)
Start importing Assets/EmoteFace/Angry using Guid(6c2dba1ef9dbab04cbe63fba86de6f55) Importer(815301076,1909f56bfc062723c751e8b465ee728b)  -> (artifact id: 'c36ebdb8fff24fa70a93db9d7e8b958a') in 0.004527 seconds
  Import took 0.008189 seconds .

========================================================================
Received Import Request.
  Time since last request: 0.039196 seconds.
  path: Assets/EmoteFace/Angry/Angry_1.png
  artifactKey: Guid(7e16b950ab7c8db47b100821b469abad) Importer(815301076,1909f56bfc062723c751e8b465ee728b)
Start importing Assets/EmoteFace/Angry/Angry_1.png using Guid(7e16b950ab7c8db47b100821b469abad) Importer(815301076,1909f56bfc062723c751e8b465ee728b)  -> (artifact id: '0a6579b9e0c2c7cf432bff130dac9b8d') in 0.084365 seconds
  Import took 0.088256 seconds .

========================================================================
Received Import Request.
  Time since last request: 0.000280 seconds.
  path: Assets/EmoteFace/Angry/Angry_3.png
  artifactKey: Guid(4d59a109f86ac79478f61cc072a899d3) Importer(815301076,1909f56bfc062723c751e8b465ee728b)
Start importing Assets/EmoteFace/Angry/Angry_3.png using Guid(4d59a109f86ac79478f61cc072a899d3) Importer(815301076,1909f56bfc062723c751e8b465ee728b)  -> (artifact id: '70eb25c4bbf866b8b8391758c594c012') in 0.029149 seconds
  Import took 0.033365 seconds .

========================================================================
Received Import Request.
  Time since last request: 0.000258 seconds.
  path: Assets/EmoteFace/Angry/Angry_4.png
  artifactKey: Guid(9eaf5c946b305eb4ea553679ebe2c981) Importer(815301076,1909f56bfc062723c751e8b465ee728b)
Start importing Assets/EmoteFace/Angry/Angry_4.png using Guid(9eaf5c946b305eb4ea553679ebe2c981) Importer(815301076,1909f56bfc062723c751e8b465ee728b)  -> (artifact id: '65cca3ab73b13b1a1acad086eb59a6d2') in 0.027110 seconds
  Import took 0.031012 seconds .

========================================================================
Received Import Request.
  Time since last request: 0.000241 seconds.
  path: Assets/EmoteFace/Angry/Angry_2.png
  artifactKey: Guid(12e9afd14256aac43a215348de5b60c5) Importer(815301076,1909f56bfc062723c751e8b465ee728b)
Start importing Assets/EmoteFace/Angry/Angry_2.png using Guid(12e9afd14256aac43a215348de5b60c5) Importer(815301076,1909f56bfc062723c751e8b465ee728b)  -> (artifact id: 'de3a64c67cae336a2ead693121f88f28') in 0.025516 seconds
  Import took 0.029365 seconds .

========================================================================
Received Import Request.
  Time since last request: 6.017529 seconds.
  path: Assets/EmoteFace/Angry/Materials
  artifactKey: Guid(55925a4d3d078be4e8138956daf98640) Importer(815301076,1909f56bfc062723c751e8b465ee728b)
Start importing Assets/EmoteFace/Angry/Materials using Guid(55925a4d3d078be4e8138956daf98640) Importer(815301076,1909f56bfc062723c751e8b465ee728b)  -> (artifact id: 'c8730a91fdc005beb90fdd00b8177487') in 0.008871 seconds
  Import took 0.012750 seconds .

========================================================================
Received Import Request.
  Time since last request: 0.001444 seconds.
  path: Assets/EmoteFace/Angry/Materials
  artifactKey: Guid(55925a4d3d078be4e8138956daf98640) Importer(815301076,1909f56bfc062723c751e8b465ee728b)
Start importing Assets/EmoteFace/Angry/Materials using Guid(55925a4d3d078be4e8138956daf98640) Importer(815301076,1909f56bfc062723c751e8b465ee728b)  -> (artifact id: 'c8730a91fdc005beb90fdd00b8177487') in 0.004404 seconds
  Import took 0.007933 seconds .

========================================================================
Received Import Request.
  Time since last request: 0.113952 seconds.
  path: Assets/EmoteFace/Angry/Materials/Angry_1.mat
  artifactKey: Guid(82623d82eda723545915d2829dd4a401) Importer(815301076,1909f56bfc062723c751e8b465ee728b)
Start importing Assets/EmoteFace/Angry/Materials/Angry_1.mat using Guid(82623d82eda723545915d2829dd4a401) Importer(815301076,1909f56bfc062723c751e8b465ee728b)  -> (artifact id: '909f3536840708f4ccdb90d80a516ecc') in 0.256698 seconds
  Import took 0.260572 seconds .

========================================================================
Received Import Request.
  Time since last request: 0.000210 seconds.
  path: Assets/EmoteFace/Angry/Materials/Angry_7.mat
  artifactKey: Guid(ac05077e231abfc4197995c87898670b) Importer(815301076,1909f56bfc062723c751e8b465ee728b)
Start importing Assets/EmoteFace/Angry/Materials/Angry_7.mat using Guid(ac05077e231abfc4197995c87898670b) Importer(815301076,1909f56bfc062723c751e8b465ee728b)  -> (artifact id: 'fe3e65d4617eb456edd7db56e7021f9b') in 0.022148 seconds
  Import took 0.025402 seconds .

========================================================================
Received Import Request.
  Time since last request: 0.000201 seconds.
  path: Assets/EmoteFace/Angry/Materials/Angry_8.mat
  artifactKey: Guid(65c94c1937c7f694bba7e5a365c18cda) Importer(815301076,1909f56bfc062723c751e8b465ee728b)
Start importing Assets/EmoteFace/Angry/Materials/Angry_8.mat using Guid(65c94c1937c7f694bba7e5a365c18cda) Importer(815301076,1909f56bfc062723c751e8b465ee728b)  -> (artifact id: 'fb54e2199e7da730840d0ed6d061b163') in 0.022531 seconds
  Import took 0.026049 seconds .

========================================================================
Received Import Request.
  Time since last request: 0.000353 seconds.
  path: Assets/EmoteFace/Angry/Materials/Angry_6.mat
  artifactKey: Guid(ac468681fe46ff646bea6d90932532a9) Importer(815301076,1909f56bfc062723c751e8b465ee728b)
Start importing Assets/EmoteFace/Angry/Materials/Angry_6.mat using Guid(ac468681fe46ff646bea6d90932532a9) Importer(815301076,1909f56bfc062723c751e8b465ee728b)  -> (artifact id: '6e401facd9a170ca2a28ab29c393932b') in 0.028543 seconds
  Import took 0.032701 seconds .

========================================================================
Received Import Request.
  Time since last request: 0.000204 seconds.
  path: Assets/EmoteFace/Angry/Materials/Angry_3.mat
  artifactKey: Guid(dc9e11e6774e83844833db2c4f886b05) Importer(815301076,1909f56bfc062723c751e8b465ee728b)
Start importing Assets/EmoteFace/Angry/Materials/Angry_3.mat using Guid(dc9e11e6774e83844833db2c4f886b05) Importer(815301076,1909f56bfc062723c751e8b465ee728b)  -> (artifact id: 'c416113e5e01dcae2a74d854ff0c3abe') in 0.017824 seconds
  Import took 0.021379 seconds .

========================================================================
Received Import Request.
  Time since last request: 0.000231 seconds.
  path: Assets/EmoteFace/Angry/Materials/Angry_5.mat
  artifactKey: Guid(946f434f816899744ba0230b41d6e865) Importer(815301076,1909f56bfc062723c751e8b465ee728b)
Start importing Assets/EmoteFace/Angry/Materials/Angry_5.mat using Guid(946f434f816899744ba0230b41d6e865) Importer(815301076,1909f56bfc062723c751e8b465ee728b)  -> (artifact id: '90e6cb613c79029393b45d15497043d3') in 0.033202 seconds
  Import took 0.037054 seconds .

========================================================================
Received Import Request.
  Time since last request: 0.000230 seconds.
  path: Assets/EmoteFace/Angry/Materials/Angry_2.mat
  artifactKey: Guid(611e126d4e29c0043a35c885eedf3a33) Importer(815301076,1909f56bfc062723c751e8b465ee728b)
Start importing Assets/EmoteFace/Angry/Materials/Angry_2.mat using Guid(611e126d4e29c0043a35c885eedf3a33) Importer(815301076,1909f56bfc062723c751e8b465ee728b)  -> (artifact id: '34b1d1cc28529a975dd113c63cbcfb07') in 0.023190 seconds
  Import took 0.027018 seconds .

========================================================================
Received Import Request.
  Time since last request: 0.000267 seconds.
  path: Assets/EmoteFace/Angry/Materials/Angry_4.mat
  artifactKey: Guid(280b0dba00b0cf2439968f4c5291b50e) Importer(815301076,1909f56bfc062723c751e8b465ee728b)
Start importing Assets/EmoteFace/Angry/Materials/Angry_4.mat using Guid(280b0dba00b0cf2439968f4c5291b50e) Importer(815301076,1909f56bfc062723c751e8b465ee728b)  -> (artifact id: '2e86540f0adca70a94f871801f0b77bc') in 0.022318 seconds
  Import took 0.027802 seconds .

========================================================================
Received Import Request.
  Time since last request: 79.454891 seconds.
  path: Assets/EmoteFace/Angry/Materials/Angry_9.mat
  artifactKey: Guid(e1156b47372f52844ae6df47f0a83128) Importer(815301076,1909f56bfc062723c751e8b465ee728b)
Start importing Assets/EmoteFace/Angry/Materials/Angry_9.mat using Guid(e1156b47372f52844ae6df47f0a83128) Importer(815301076,1909f56bfc062723c751e8b465ee728b)  -> (artifact id: '2719a475afbe2a0a5d825e97f0403205') in 0.015517 seconds
  Import took 0.021189 seconds .

========================================================================
Received Import Request.
  Time since last request: 0.000209 seconds.
  path: Assets/EmoteFace/Angry/Materials/Angry_10.mat
  artifactKey: Guid(1886b5f45396c8544a2ecd66136f6130) Importer(815301076,1909f56bfc062723c751e8b465ee728b)
Start importing Assets/EmoteFace/Angry/Materials/Angry_10.mat using Guid(1886b5f45396c8544a2ecd66136f6130) Importer(815301076,1909f56bfc062723c751e8b465ee728b)  -> (artifact id: 'f6a0f92728eaa949542ee6de04d68eaa') in 0.015401 seconds
  Import took 0.019137 seconds .

========================================================================
Received Import Request.
  Time since last request: 0.000253 seconds.
  path: Assets/EmoteFace/Angry/Materials/Angry_11.mat
  artifactKey: Guid(c077889a4117785469c8b674b53e68a3) Importer(815301076,1909f56bfc062723c751e8b465ee728b)
Start importing Assets/EmoteFace/Angry/Materials/Angry_11.mat using Guid(c077889a4117785469c8b674b53e68a3) Importer(815301076,1909f56bfc062723c751e8b465ee728b)  -> (artifact id: 'ca455661b84a3c2777e3b5944f74c241') in 0.014712 seconds
  Import took 0.018899 seconds .

========================================================================
Received Prepare
Registering precompiled user dll's ...
Registered in 0.002556 seconds.
Begin MonoManager ReloadAssembly
Native extension for WindowsStandalone target not found
Refreshing native plugins compatible for Editor in 1.25 ms, found 2 plugins.
Preloading 0 native plugins for Editor in 0.00 ms.
Mono: successfully reloaded assembly
- Completed reload, in  1.021 seconds
Platform modules already initialized, skipping
Refreshing native plugins compatible for Editor in 0.85 ms, found 2 plugins.
Preloading 0 native plugins for Editor in 0.00 ms.
Unloading 1765 Unused Serialized files (Serialized files now loaded: 0)
System memory in use before: 105.2 MB.
System memory in use after: 105.3 MB.

Unloading 8 unused Assets to reduce memory usage. Loaded Objects now: 2368.
Total: 2.817900 ms (FindLiveObjects: 0.379700 ms CreateObjectMapping: 0.128300 ms MarkObjects: 2.286200 ms  DeleteObjects: 0.022300 ms)

========================================================================
Received Prepare
Registering precompiled user dll's ...
Registered in 0.002853 seconds.
Begin MonoManager ReloadAssembly
Native extension for WindowsStandalone target not found
Refreshing native plugins compatible for Editor in 1.01 ms, found 2 plugins.
Preloading 0 native plugins for Editor in 0.00 ms.
Mono: successfully reloaded assembly
- Completed reload, in  1.049 seconds
Platform modules already initialized, skipping
Refreshing native plugins compatible for Editor in 0.95 ms, found 2 plugins.
Preloading 0 native plugins for Editor in 0.00 ms.
Unloading 1765 Unused Serialized files (Serialized files now loaded: 0)
System memory in use before: 105.2 MB.
System memory in use after: 105.3 MB.

Unloading 8 unused Assets to reduce memory usage. Loaded Objects now: 2371.
Total: 2.593600 ms (FindLiveObjects: 0.256900 ms CreateObjectMapping: 0.047100 ms MarkObjects: 2.259900 ms  DeleteObjects: 0.027900 ms)

========================================================================
Received Prepare
Registering precompiled user dll's ...
Registered in 0.003959 seconds.
Begin MonoManager ReloadAssembly
Native extension for WindowsStandalone target not found
Refreshing native plugins compatible for Editor in 1.53 ms, found 2 plugins.
Preloading 0 native plugins for Editor in 0.00 ms.
Mono: successfully reloaded assembly
- Completed reload, in  1.178 seconds
Platform modules already initialized, skipping
Refreshing native plugins compatible for Editor in 1.50 ms, found 2 plugins.
Preloading 0 native plugins for Editor in 0.00 ms.
Unloading 1765 Unused Serialized files (Serialized files now loaded: 0)
System memory in use before: 105.2 MB.
System memory in use after: 105.3 MB.

Unloading 8 unused Assets to reduce memory usage. Loaded Objects now: 2374.
Total: 3.923900 ms (FindLiveObjects: 0.431200 ms CreateObjectMapping: 0.067700 ms MarkObjects: 3.402100 ms  DeleteObjects: 0.021000 ms)

========================================================================
Received Prepare
Registering precompiled user dll's ...
Registered in 0.002954 seconds.
Begin MonoManager ReloadAssembly
Native extension for WindowsStandalone target not found
Refreshing native plugins compatible for Editor in 0.98 ms, found 2 plugins.
Preloading 0 native plugins for Editor in 0.00 ms.
Mono: successfully reloaded assembly
- Completed reload, in  1.084 seconds
Platform modules already initialized, skipping
Refreshing native plugins compatible for Editor in 0.86 ms, found 2 plugins.
Preloading 0 native plugins for Editor in 0.00 ms.
Unloading 1765 Unused Serialized files (Serialized files now loaded: 0)
System memory in use before: 105.2 MB.
System memory in use after: 105.3 MB.

Unloading 8 unused Assets to reduce memory usage. Loaded Objects now: 2377.
Total: 2.881400 ms (FindLiveObjects: 0.385200 ms CreateObjectMapping: 0.069000 ms MarkObjects: 2.404300 ms  DeleteObjects: 0.021400 ms)

========================================================================
Received Prepare
Registering precompiled user dll's ...
Registered in 0.003148 seconds.
Begin MonoManager ReloadAssembly
Native extension for WindowsStandalone target not found
Refreshing native plugins compatible for Editor in 0.83 ms, found 2 plugins.
Preloading 0 native plugins for Editor in 0.00 ms.
Mono: successfully reloaded assembly
- Completed reload, in  1.062 seconds
Platform modules already initialized, skipping
Refreshing native plugins compatible for Editor in 1.27 ms, found 2 plugins.
Preloading 0 native plugins for Editor in 0.00 ms.
Unloading 1765 Unused Serialized files (Serialized files now loaded: 0)
System memory in use before: 105.2 MB.
System memory in use after: 105.3 MB.

Unloading 8 unused Assets to reduce memory usage. Loaded Objects now: 2380.
Total: 2.784000 ms (FindLiveObjects: 0.399500 ms CreateObjectMapping: 0.055900 ms MarkObjects: 2.308600 ms  DeleteObjects: 0.018400 ms)

========================================================================
Received Prepare
Registering precompiled user dll's ...
Registered in 0.002544 seconds.
Begin MonoManager ReloadAssembly
Native extension for WindowsStandalone target not found
Refreshing native plugins compatible for Editor in 1.28 ms, found 2 plugins.
Preloading 0 native plugins for Editor in 0.00 ms.
Mono: successfully reloaded assembly
- Completed reload, in  1.098 seconds
Platform modules already initialized, skipping
Refreshing native plugins compatible for Editor in 1.41 ms, found 2 plugins.
Preloading 0 native plugins for Editor in 0.00 ms.
Unloading 1765 Unused Serialized files (Serialized files now loaded: 0)
System memory in use before: 105.2 MB.
System memory in use after: 105.3 MB.

Unloading 8 unused Assets to reduce memory usage. Loaded Objects now: 2383.
Total: 2.572700 ms (FindLiveObjects: 0.306000 ms CreateObjectMapping: 0.050700 ms MarkObjects: 2.195800 ms  DeleteObjects: 0.017900 ms)

========================================================================
Received Prepare
Registering precompiled user dll's ...
Registered in 0.002580 seconds.
Begin MonoManager ReloadAssembly
Native extension for WindowsStandalone target not found
Refreshing native plugins compatible for Editor in 0.85 ms, found 2 plugins.
Preloading 0 native plugins for Editor in 0.00 ms.
Mono: successfully reloaded assembly
- Completed reload, in  1.022 seconds
Platform modules already initialized, skipping
Refreshing native plugins compatible for Editor in 0.98 ms, found 2 plugins.
Preloading 0 native plugins for Editor in 0.00 ms.
Unloading 1765 Unused Serialized files (Serialized files now loaded: 0)
System memory in use before: 105.2 MB.
System memory in use after: 105.3 MB.

Unloading 8 unused Assets to reduce memory usage. Loaded Objects now: 2386.
Total: 2.534600 ms (FindLiveObjects: 0.290200 ms CreateObjectMapping: 0.049300 ms MarkObjects: 2.174900 ms  DeleteObjects: 0.018400 ms)

========================================================================
Received Prepare
Registering precompiled user dll's ...
Registered in 0.008629 seconds.
Begin MonoManager ReloadAssembly
Native extension for WindowsStandalone target not found
Refreshing native plugins compatible for Editor in 0.94 ms, found 2 plugins.
Preloading 0 native plugins for Editor in 0.00 ms.
Mono: successfully reloaded assembly
- Completed reload, in  1.289 seconds
Platform modules already initialized, skipping
Refreshing native plugins compatible for Editor in 1.25 ms, found 2 plugins.
Preloading 0 native plugins for Editor in 0.00 ms.
Unloading 1765 Unused Serialized files (Serialized files now loaded: 0)
System memory in use before: 105.2 MB.
System memory in use after: 105.4 MB.

Unloading 8 unused Assets to reduce memory usage. Loaded Objects now: 2389.
Total: 3.536300 ms (FindLiveObjects: 0.413500 ms CreateObjectMapping: 0.108200 ms MarkObjects: 2.987800 ms  DeleteObjects: 0.024700 ms)

========================================================================
Received Prepare
Registering precompiled user dll's ...
Registered in 0.003472 seconds.
Begin MonoManager ReloadAssembly
Native extension for WindowsStandalone target not found
Refreshing native plugins compatible for Editor in 1.52 ms, found 2 plugins.
Preloading 0 native plugins for Editor in 0.00 ms.
Mono: successfully reloaded assembly
- Completed reload, in  1.036 seconds
Platform modules already initialized, skipping
Refreshing native plugins compatible for Editor in 0.85 ms, found 2 plugins.
Preloading 0 native plugins for Editor in 0.00 ms.
Unloading 1765 Unused Serialized files (Serialized files now loaded: 0)
System memory in use before: 105.2 MB.
System memory in use after: 105.4 MB.

Unloading 8 unused Assets to reduce memory usage. Loaded Objects now: 2392.
Total: 2.737300 ms (FindLiveObjects: 0.379800 ms CreateObjectMapping: 0.087000 ms MarkObjects: 2.249700 ms  DeleteObjects: 0.019200 ms)

========================================================================
Received Prepare
Registering precompiled user dll's ...
Registered in 0.003066 seconds.
Begin MonoManager ReloadAssembly
Native extension for WindowsStandalone target not found
Refreshing native plugins compatible for Editor in 0.85 ms, found 2 plugins.
Preloading 0 native plugins for Editor in 0.00 ms.
Mono: successfully reloaded assembly
- Completed reload, in  1.024 seconds
Platform modules already initialized, skipping
Refreshing native plugins compatible for Editor in 0.87 ms, found 2 plugins.
Preloading 0 native plugins for Editor in 0.00 ms.
Unloading 1765 Unused Serialized files (Serialized files now loaded: 0)
System memory in use before: 105.2 MB.
System memory in use after: 105.4 MB.

Unloading 8 unused Assets to reduce memory usage. Loaded Objects now: 2395.
Total: 2.977800 ms (FindLiveObjects: 0.382800 ms CreateObjectMapping: 0.069300 ms MarkObjects: 2.500400 ms  DeleteObjects: 0.023800 ms)

========================================================================
Received Prepare
Registering precompiled user dll's ...
Registered in 0.003252 seconds.
Begin MonoManager ReloadAssembly
Native extension for WindowsStandalone target not found
Refreshing native plugins compatible for Editor in 1.28 ms, found 2 plugins.
Preloading 0 native plugins for Editor in 0.00 ms.
Mono: successfully reloaded assembly
- Completed reload, in  1.147 seconds
Platform modules already initialized, skipping
Refreshing native plugins compatible for Editor in 1.66 ms, found 2 plugins.
Preloading 0 native plugins for Editor in 0.00 ms.
Unloading 1765 Unused Serialized files (Serialized files now loaded: 0)
System memory in use before: 105.3 MB.
System memory in use after: 105.4 MB.

Unloading 8 unused Assets to reduce memory usage. Loaded Objects now: 2398.
Total: 2.867200 ms (FindLiveObjects: 0.334300 ms CreateObjectMapping: 0.061400 ms MarkObjects: 2.446200 ms  DeleteObjects: 0.023900 ms)

========================================================================
Received Prepare
Registering precompiled user dll's ...
Registered in 0.003964 seconds.
Begin MonoManager ReloadAssembly
Native extension for WindowsStandalone target not found
Refreshing native plugins compatible for Editor in 1.24 ms, found 2 plugins.
Preloading 0 native plugins for Editor in 0.00 ms.
Mono: successfully reloaded assembly
- Completed reload, in  1.014 seconds
Platform modules already initialized, skipping
Refreshing native plugins compatible for Editor in 0.84 ms, found 2 plugins.
Preloading 0 native plugins for Editor in 0.00 ms.
Unloading 1765 Unused Serialized files (Serialized files now loaded: 0)
System memory in use before: 105.3 MB.
System memory in use after: 105.4 MB.

Unloading 8 unused Assets to reduce memory usage. Loaded Objects now: 2401.
Total: 2.620400 ms (FindLiveObjects: 0.317000 ms CreateObjectMapping: 0.047900 ms MarkObjects: 2.224500 ms  DeleteObjects: 0.029300 ms)

========================================================================
Received Prepare
Registering precompiled user dll's ...
Registered in 0.005116 seconds.
Begin MonoManager ReloadAssembly
Native extension for WindowsStandalone target not found
Refreshing native plugins compatible for Editor in 1.24 ms, found 2 plugins.
Preloading 0 native plugins for Editor in 0.00 ms.
Mono: successfully reloaded assembly
- Completed reload, in  1.194 seconds
Platform modules already initialized, skipping
Refreshing native plugins compatible for Editor in 0.90 ms, found 2 plugins.
Preloading 0 native plugins for Editor in 0.00 ms.
Unloading 1765 Unused Serialized files (Serialized files now loaded: 0)
System memory in use before: 105.3 MB.
System memory in use after: 105.4 MB.

Unloading 8 unused Assets to reduce memory usage. Loaded Objects now: 2404.
Total: 2.924000 ms (FindLiveObjects: 0.373500 ms CreateObjectMapping: 0.072200 ms MarkObjects: 2.453900 ms  DeleteObjects: 0.022800 ms)

========================================================================
Received Prepare
Registering precompiled user dll's ...
Registered in 0.003385 seconds.
Begin MonoManager ReloadAssembly
Native extension for WindowsStandalone target not found
Refreshing native plugins compatible for Editor in 0.90 ms, found 2 plugins.
Preloading 0 native plugins for Editor in 0.00 ms.
Mono: successfully reloaded assembly
- Completed reload, in  1.053 seconds
Platform modules already initialized, skipping
Refreshing native plugins compatible for Editor in 1.23 ms, found 2 plugins.
Preloading 0 native plugins for Editor in 0.00 ms.
Unloading 1765 Unused Serialized files (Serialized files now loaded: 0)
System memory in use before: 105.3 MB.
System memory in use after: 105.4 MB.

Unloading 8 unused Assets to reduce memory usage. Loaded Objects now: 2407.
Total: 2.682000 ms (FindLiveObjects: 0.377500 ms CreateObjectMapping: 0.084000 ms MarkObjects: 2.197700 ms  DeleteObjects: 0.021400 ms)

========================================================================
Received Prepare
Registering precompiled user dll's ...
Registered in 0.002776 seconds.
Begin MonoManager ReloadAssembly
Native extension for WindowsStandalone target not found
Refreshing native plugins compatible for Editor in 1.24 ms, found 2 plugins.
Preloading 0 native plugins for Editor in 0.00 ms.
Mono: successfully reloaded assembly
- Completed reload, in  1.242 seconds
Platform modules already initialized, skipping
Refreshing native plugins compatible for Editor in 1.01 ms, found 2 plugins.
Preloading 0 native plugins for Editor in 0.00 ms.
Unloading 1765 Unused Serialized files (Serialized files now loaded: 0)
System memory in use before: 105.3 MB.
System memory in use after: 105.4 MB.

Unloading 8 unused Assets to reduce memory usage. Loaded Objects now: 2410.
Total: 3.155000 ms (FindLiveObjects: 0.710600 ms CreateObjectMapping: 0.122900 ms MarkObjects: 2.299700 ms  DeleteObjects: 0.020100 ms)

========================================================================
Received Prepare
Registering precompiled user dll's ...
Registered in 0.003312 seconds.
Begin MonoManager ReloadAssembly
Native extension for WindowsStandalone target not found
Refreshing native plugins compatible for Editor in 0.83 ms, found 2 plugins.
Preloading 0 native plugins for Editor in 0.00 ms.
Mono: successfully reloaded assembly
- Completed reload, in  1.021 seconds
Platform modules already initialized, skipping
Refreshing native plugins compatible for Editor in 0.82 ms, found 2 plugins.
Preloading 0 native plugins for Editor in 0.00 ms.
Unloading 1765 Unused Serialized files (Serialized files now loaded: 0)
System memory in use before: 105.3 MB.
System memory in use after: 105.4 MB.

Unloading 8 unused Assets to reduce memory usage. Loaded Objects now: 2413.
Total: 2.598200 ms (FindLiveObjects: 0.294100 ms CreateObjectMapping: 0.048000 ms MarkObjects: 2.234900 ms  DeleteObjects: 0.019700 ms)

========================================================================
Received Prepare
Registering precompiled user dll's ...
Registered in 0.003832 seconds.
Begin MonoManager ReloadAssembly
Native extension for WindowsStandalone target not found
Refreshing native plugins compatible for Editor in 1.22 ms, found 2 plugins.
Preloading 0 native plugins for Editor in 0.00 ms.
Mono: successfully reloaded assembly
- Completed reload, in  1.151 seconds
Platform modules already initialized, skipping
Refreshing native plugins compatible for Editor in 0.93 ms, found 2 plugins.
Preloading 0 native plugins for Editor in 0.00 ms.
Unloading 1765 Unused Serialized files (Serialized files now loaded: 0)
System memory in use before: 105.3 MB.
System memory in use after: 105.4 MB.

Unloading 8 unused Assets to reduce memory usage. Loaded Objects now: 2416.
Total: 2.477400 ms (FindLiveObjects: 0.324400 ms CreateObjectMapping: 0.048200 ms MarkObjects: 2.084600 ms  DeleteObjects: 0.018000 ms)

========================================================================
Received Prepare
Registering precompiled user dll's ...
Registered in 0.002698 seconds.
Begin MonoManager ReloadAssembly
Native extension for WindowsStandalone target not found
Refreshing native plugins compatible for Editor in 1.36 ms, found 2 plugins.
Preloading 0 native plugins for Editor in 0.00 ms.
Mono: successfully reloaded assembly
- Completed reload, in  1.065 seconds
Platform modules already initialized, skipping
Refreshing native plugins compatible for Editor in 0.95 ms, found 2 plugins.
Preloading 0 native plugins for Editor in 0.00 ms.
Unloading 1765 Unused Serialized files (Serialized files now loaded: 0)
System memory in use before: 105.3 MB.
System memory in use after: 105.4 MB.

Unloading 8 unused Assets to reduce memory usage. Loaded Objects now: 2419.
Total: 4.404500 ms (FindLiveObjects: 0.388300 ms CreateObjectMapping: 0.075700 ms MarkObjects: 3.910500 ms  DeleteObjects: 0.027800 ms)

========================================================================
Received Prepare
Registering precompiled user dll's ...
Registered in 0.002793 seconds.
Begin MonoManager ReloadAssembly
Native extension for WindowsStandalone target not found
Refreshing native plugins compatible for Editor in 0.85 ms, found 2 plugins.
Preloading 0 native plugins for Editor in 0.00 ms.
Mono: successfully reloaded assembly
- Completed reload, in  1.016 seconds
Platform modules already initialized, skipping
Refreshing native plugins compatible for Editor in 1.31 ms, found 2 plugins.
Preloading 0 native plugins for Editor in 0.00 ms.
Unloading 1765 Unused Serialized files (Serialized files now loaded: 0)
System memory in use before: 105.3 MB.
System memory in use after: 105.4 MB.

Unloading 8 unused Assets to reduce memory usage. Loaded Objects now: 2422.
Total: 2.696800 ms (FindLiveObjects: 0.335800 ms CreateObjectMapping: 0.060200 ms MarkObjects: 2.280900 ms  DeleteObjects: 0.018400 ms)

========================================================================
Received Prepare
Registering precompiled user dll's ...
Registered in 0.002496 seconds.
Begin MonoManager ReloadAssembly
Native extension for WindowsStandalone target not found
Refreshing native plugins compatible for Editor in 0.83 ms, found 2 plugins.
Preloading 0 native plugins for Editor in 0.00 ms.
Mono: successfully reloaded assembly
- Completed reload, in  1.008 seconds
Platform modules already initialized, skipping
Refreshing native plugins compatible for Editor in 1.23 ms, found 2 plugins.
Preloading 0 native plugins for Editor in 0.00 ms.
Unloading 1765 Unused Serialized files (Serialized files now loaded: 0)
System memory in use before: 105.3 MB.
System memory in use after: 105.4 MB.

Unloading 8 unused Assets to reduce memory usage. Loaded Objects now: 2425.
Total: 2.807100 ms (FindLiveObjects: 0.347000 ms CreateObjectMapping: 0.077100 ms MarkObjects: 2.358800 ms  DeleteObjects: 0.022900 ms)

========================================================================
Received Prepare
Registering precompiled user dll's ...
Registered in 0.003655 seconds.
Begin MonoManager ReloadAssembly
Native extension for WindowsStandalone target not found
Refreshing native plugins compatible for Editor in 1.39 ms, found 2 plugins.
Preloading 0 native plugins for Editor in 0.00 ms.
Mono: successfully reloaded assembly
- Completed reload, in  1.169 seconds
Platform modules already initialized, skipping
Refreshing native plugins compatible for Editor in 1.32 ms, found 2 plugins.
Preloading 0 native plugins for Editor in 0.00 ms.
Unloading 1765 Unused Serialized files (Serialized files now loaded: 0)
System memory in use before: 105.3 MB.
System memory in use after: 105.4 MB.

Unloading 8 unused Assets to reduce memory usage. Loaded Objects now: 2428.
Total: 2.573700 ms (FindLiveObjects: 0.306900 ms CreateObjectMapping: 0.048800 ms MarkObjects: 2.195000 ms  DeleteObjects: 0.021600 ms)

========================================================================
Received Import Request.
  Time since last request: 1132.418126 seconds.
  path: Assets/PolygonParticleFX
  artifactKey: Guid(1c59972048eb0a347896a1afbab1e737) Importer(815301076,1909f56bfc062723c751e8b465ee728b)
Start importing Assets/PolygonParticleFX using Guid(1c59972048eb0a347896a1afbab1e737) Importer(815301076,1909f56bfc062723c751e8b465ee728b)  -> (artifact id: 'e96188716ee328b91c4f8b6a9aa9bc5f') in 0.012555 seconds
  Import took 0.017204 seconds .

========================================================================
Received Import Request.
  Time since last request: 2.687877 seconds.
  path: Assets/PolygonParticleFX/Prefabs
  artifactKey: Guid(6ffb2d6e0933bb742bf8c56cb03c26b7) Importer(815301076,1909f56bfc062723c751e8b465ee728b)
Start importing Assets/PolygonParticleFX/Prefabs using Guid(6ffb2d6e0933bb742bf8c56cb03c26b7) Importer(815301076,1909f56bfc062723c751e8b465ee728b)  -> (artifact id: '92dd59e284bcbb2f289b7253703de8c4') in 0.008948 seconds
  Import took 0.012588 seconds .

========================================================================
Received Import Request.
  Time since last request: 6.521038 seconds.
  path: Assets/PolygonParticleFX/Materials/PolygonParticleFX_Cutout_Round.mat
  artifactKey: Guid(f55d44db4612b10438c11e63bc1ea9ca) Importer(815301076,1909f56bfc062723c751e8b465ee728b)
Start importing Assets/PolygonParticleFX/Materials/PolygonParticleFX_Cutout_Round.mat using Guid(f55d44db4612b10438c11e63bc1ea9ca) Importer(815301076,1909f56bfc062723c751e8b465ee728b)  -> (artifact id: '38935861178c309ce469a3b847d4a3da') in 0.086819 seconds
  Import took 0.091542 seconds .

========================================================================
Received Import Request.
  Time since last request: 0.002414 seconds.
  path: Assets/PolygonParticleFX/Materials/PolygonParticleFX_Cutout_Round.mat
  artifactKey: Guid(f55d44db4612b10438c11e63bc1ea9ca) Importer(815301076,1909f56bfc062723c751e8b465ee728b)
Start importing Assets/PolygonParticleFX/Materials/PolygonParticleFX_Cutout_Round.mat using Guid(f55d44db4612b10438c11e63bc1ea9ca) Importer(815301076,1909f56bfc062723c751e8b465ee728b)  -> (artifact id: '38935861178c309ce469a3b847d4a3da') in 0.010824 seconds
  Import took 0.015279 seconds .

========================================================================
Received Import Request.
  Time since last request: 4.264960 seconds.
  path: Assets/PolygonParticleFX/Materials/PolygonParticleFX_Dust.mat
  artifactKey: Guid(cd97a4f0bfba00a46a4a29156f2a23bd) Importer(815301076,1909f56bfc062723c751e8b465ee728b)
Start importing Assets/PolygonParticleFX/Materials/PolygonParticleFX_Dust.mat using Guid(cd97a4f0bfba00a46a4a29156f2a23bd) Importer(815301076,1909f56bfc062723c751e8b465ee728b)  -> (artifact id: '0dbc6e076f63c2d7917ebfd2b7479944') in 0.017640 seconds
  Import took 0.022237 seconds .

========================================================================
Received Import Request.
  Time since last request: 0.007503 seconds.
  path: Assets/PolygonParticleFX/Materials/PolygonParticleFX_Dust.mat
  artifactKey: Guid(cd97a4f0bfba00a46a4a29156f2a23bd) Importer(815301076,1909f56bfc062723c751e8b465ee728b)
Start importing Assets/PolygonParticleFX/Materials/PolygonParticleFX_Dust.mat using Guid(cd97a4f0bfba00a46a4a29156f2a23bd) Importer(815301076,1909f56bfc062723c751e8b465ee728b)  -> (artifact id: '0dbc6e076f63c2d7917ebfd2b7479944') in 0.009667 seconds
  Import took 0.013398 seconds .

========================================================================
Received Import Request.
  Time since last request: 10.838547 seconds.
  path: Assets/PolygonParticleFX/Materials/PolygonParticleFX_Circle.mat
  artifactKey: Guid(f3053f8556ff7cf4fb59de5cf109104e) Importer(815301076,1909f56bfc062723c751e8b465ee728b)
Start importing Assets/PolygonParticleFX/Materials/PolygonParticleFX_Circle.mat using Guid(f3053f8556ff7cf4fb59de5cf109104e) Importer(815301076,1909f56bfc062723c751e8b465ee728b)  -> (artifact id: '1c40bd6dbc407cda2bafd9d0d2199454') in 0.015905 seconds
  Import took 0.019998 seconds .

========================================================================
Received Import Request.
  Time since last request: 0.006511 seconds.
  path: Assets/PolygonParticleFX/Materials/PolygonParticleFX_Circle.mat
  artifactKey: Guid(f3053f8556ff7cf4fb59de5cf109104e) Importer(815301076,1909f56bfc062723c751e8b465ee728b)
Start importing Assets/PolygonParticleFX/Materials/PolygonParticleFX_Circle.mat using Guid(f3053f8556ff7cf4fb59de5cf109104e) Importer(815301076,1909f56bfc062723c751e8b465ee728b)  -> (artifact id: '1c40bd6dbc407cda2bafd9d0d2199454') in 0.010352 seconds
  Import took 0.013979 seconds .

========================================================================
Received Import Request.
  Time since last request: 15.940948 seconds.
  path: Assets/PolygonParticleFX/Models/FX_Sphere_Puff_01.fbx
  artifactKey: Guid(ea8b579fee027444ba23862cc3cc5956) Importer(815301076,1909f56bfc062723c751e8b465ee728b)
Start importing Assets/PolygonParticleFX/Models/FX_Sphere_Puff_01.fbx using Guid(ea8b579fee027444ba23862cc3cc5956) Importer(815301076,1909f56bfc062723c751e8b465ee728b)  -> (artifact id: 'a3daa1db6dc367d776fb8e9afde2809b') in 0.076513 seconds
  Import took 0.080721 seconds .

========================================================================
Received Prepare
Registering precompiled user dll's ...
Registered in 0.002497 seconds.
Begin MonoManager ReloadAssembly
Native extension for WindowsStandalone target not found
Refreshing native plugins compatible for Editor in 1.41 ms, found 2 plugins.
Preloading 0 native plugins for Editor in 0.00 ms.
Mono: successfully reloaded assembly
- Completed reload, in  1.122 seconds
Platform modules already initialized, skipping
Refreshing native plugins compatible for Editor in 0.96 ms, found 2 plugins.
Preloading 0 native plugins for Editor in 0.00 ms.
Unloading 1765 Unused Serialized files (Serialized files now loaded: 0)
System memory in use before: 105.4 MB.
System memory in use after: 105.5 MB.

Unloading 10 unused Assets to reduce memory usage. Loaded Objects now: 2435.
Total: 3.789400 ms (FindLiveObjects: 0.328100 ms CreateObjectMapping: 0.051100 ms MarkObjects: 3.337400 ms  DeleteObjects: 0.070400 ms)

========================================================================
Received Prepare
Registering precompiled user dll's ...
Registered in 0.003612 seconds.
Begin MonoManager ReloadAssembly
Native extension for WindowsStandalone target not found
Refreshing native plugins compatible for Editor in 0.85 ms, found 2 plugins.
Preloading 0 native plugins for Editor in 0.00 ms.
Mono: successfully reloaded assembly
- Completed reload, in  1.089 seconds
Platform modules already initialized, skipping
Refreshing native plugins compatible for Editor in 0.89 ms, found 2 plugins.
Preloading 0 native plugins for Editor in 0.00 ms.
Unloading 1765 Unused Serialized files (Serialized files now loaded: 0)
System memory in use before: 105.4 MB.
System memory in use after: 105.5 MB.

Unloading 8 unused Assets to reduce memory usage. Loaded Objects now: 2438.
Total: 2.479200 ms (FindLiveObjects: 0.253700 ms CreateObjectMapping: 0.046700 ms MarkObjects: 2.157100 ms  DeleteObjects: 0.019800 ms)

========================================================================
Received Prepare
Registering precompiled user dll's ...
Registered in 0.003184 seconds.
Begin MonoManager ReloadAssembly
Native extension for WindowsStandalone target not found
Refreshing native plugins compatible for Editor in 0.88 ms, found 2 plugins.
Preloading 0 native plugins for Editor in 0.00 ms.
Mono: successfully reloaded assembly
- Completed reload, in  1.049 seconds
Platform modules already initialized, skipping
Refreshing native plugins compatible for Editor in 0.84 ms, found 2 plugins.
Preloading 0 native plugins for Editor in 0.00 ms.
Unloading 1765 Unused Serialized files (Serialized files now loaded: 0)
System memory in use before: 105.4 MB.
System memory in use after: 105.5 MB.

Unloading 8 unused Assets to reduce memory usage. Loaded Objects now: 2441.
Total: 4.019000 ms (FindLiveObjects: 0.455100 ms CreateObjectMapping: 0.079500 ms MarkObjects: 3.449900 ms  DeleteObjects: 0.032400 ms)

========================================================================
Received Prepare
Registering precompiled user dll's ...
Registered in 0.003257 seconds.
Begin MonoManager ReloadAssembly
Native extension for WindowsStandalone target not found
Refreshing native plugins compatible for Editor in 0.82 ms, found 2 plugins.
Preloading 0 native plugins for Editor in 0.00 ms.
Mono: successfully reloaded assembly
- Completed reload, in  0.988 seconds
Platform modules already initialized, skipping
Refreshing native plugins compatible for Editor in 0.86 ms, found 2 plugins.
Preloading 0 native plugins for Editor in 0.00 ms.
Unloading 1765 Unused Serialized files (Serialized files now loaded: 0)
System memory in use before: 105.4 MB.
System memory in use after: 105.5 MB.

Unloading 8 unused Assets to reduce memory usage. Loaded Objects now: 2444.
Total: 2.945000 ms (FindLiveObjects: 0.359900 ms CreateObjectMapping: 0.063400 ms MarkObjects: 2.497600 ms  DeleteObjects: 0.022700 ms)

========================================================================
Received Prepare
Registering precompiled user dll's ...
Registered in 0.003095 seconds.
Begin MonoManager ReloadAssembly
Native extension for WindowsStandalone target not found
Refreshing native plugins compatible for Editor in 0.88 ms, found 2 plugins.
Preloading 0 native plugins for Editor in 0.00 ms.
Mono: successfully reloaded assembly
- Completed reload, in  0.997 seconds
Platform modules already initialized, skipping
Refreshing native plugins compatible for Editor in 0.87 ms, found 2 plugins.
Preloading 0 native plugins for Editor in 0.00 ms.
Unloading 1765 Unused Serialized files (Serialized files now loaded: 0)
System memory in use before: 105.4 MB.
System memory in use after: 105.5 MB.

Unloading 8 unused Assets to reduce memory usage. Loaded Objects now: 2447.
Total: 3.214800 ms (FindLiveObjects: 0.373100 ms CreateObjectMapping: 0.061700 ms MarkObjects: 2.748600 ms  DeleteObjects: 0.029800 ms)

========================================================================
Received Prepare
Registering precompiled user dll's ...
Registered in 0.007535 seconds.
Begin MonoManager ReloadAssembly
Native extension for WindowsStandalone target not found
Refreshing native plugins compatible for Editor in 1.79 ms, found 2 plugins.
Preloading 0 native plugins for Editor in 0.00 ms.
Mono: successfully reloaded assembly
- Completed reload, in  2.001 seconds
Platform modules already initialized, skipping
Refreshing native plugins compatible for Editor in 0.97 ms, found 2 plugins.
Preloading 0 native plugins for Editor in 0.00 ms.
Unloading 1765 Unused Serialized files (Serialized files now loaded: 0)
System memory in use before: 105.4 MB.
System memory in use after: 105.5 MB.

Unloading 8 unused Assets to reduce memory usage. Loaded Objects now: 2450.
Total: 3.055500 ms (FindLiveObjects: 0.417300 ms CreateObjectMapping: 0.079600 ms MarkObjects: 2.531600 ms  DeleteObjects: 0.024300 ms)

========================================================================
Received Prepare
Registering precompiled user dll's ...
Registered in 0.004228 seconds.
Begin MonoManager ReloadAssembly
Native extension for WindowsStandalone target not found
Refreshing native plugins compatible for Editor in 0.92 ms, found 2 plugins.
Preloading 0 native plugins for Editor in 0.00 ms.
Mono: successfully reloaded assembly
- Completed reload, in  1.181 seconds
Platform modules already initialized, skipping
Refreshing native plugins compatible for Editor in 0.96 ms, found 2 plugins.
Preloading 0 native plugins for Editor in 0.00 ms.
Unloading 1765 Unused Serialized files (Serialized files now loaded: 0)
System memory in use before: 105.4 MB.
System memory in use after: 105.6 MB.

Unloading 8 unused Assets to reduce memory usage. Loaded Objects now: 2453.
Total: 3.864700 ms (FindLiveObjects: 0.448500 ms CreateObjectMapping: 0.147700 ms MarkObjects: 3.246600 ms  DeleteObjects: 0.020400 ms)

========================================================================
Received Prepare
Registering precompiled user dll's ...
Registered in 0.004004 seconds.
Begin MonoManager ReloadAssembly
Native extension for WindowsStandalone target not found
Refreshing native plugins compatible for Editor in 1.15 ms, found 2 plugins.
Preloading 0 native plugins for Editor in 0.00 ms.
Mono: successfully reloaded assembly
- Completed reload, in  1.221 seconds
Platform modules already initialized, skipping
Refreshing native plugins compatible for Editor in 2.07 ms, found 2 plugins.
Preloading 0 native plugins for Editor in 0.00 ms.
Unloading 1765 Unused Serialized files (Serialized files now loaded: 0)
System memory in use before: 105.4 MB.
System memory in use after: 105.6 MB.

Unloading 8 unused Assets to reduce memory usage. Loaded Objects now: 2456.
Total: 4.464000 ms (FindLiveObjects: 0.539200 ms CreateObjectMapping: 0.096400 ms MarkObjects: 3.798600 ms  DeleteObjects: 0.027700 ms)

========================================================================
Received Prepare
Registering precompiled user dll's ...
Registered in 0.003791 seconds.
Begin MonoManager ReloadAssembly
Native extension for WindowsStandalone target not found
Refreshing native plugins compatible for Editor in 1.47 ms, found 2 plugins.
Preloading 0 native plugins for Editor in 0.00 ms.
Mono: successfully reloaded assembly
- Completed reload, in  1.390 seconds
Platform modules already initialized, skipping
Refreshing native plugins compatible for Editor in 1.25 ms, found 2 plugins.
Preloading 0 native plugins for Editor in 0.00 ms.
Unloading 1765 Unused Serialized files (Serialized files now loaded: 0)
System memory in use before: 105.5 MB.
System memory in use after: 105.6 MB.

Unloading 8 unused Assets to reduce memory usage. Loaded Objects now: 2459.
Total: 3.240200 ms (FindLiveObjects: 0.513000 ms CreateObjectMapping: 0.054200 ms MarkObjects: 2.644800 ms  DeleteObjects: 0.025500 ms)

========================================================================
Received Prepare
Registering precompiled user dll's ...
Registered in 0.003814 seconds.
Begin MonoManager ReloadAssembly
Native extension for WindowsStandalone target not found
Refreshing native plugins compatible for Editor in 1.29 ms, found 2 plugins.
Preloading 0 native plugins for Editor in 0.00 ms.
Mono: successfully reloaded assembly
- Completed reload, in  1.378 seconds
Platform modules already initialized, skipping
Refreshing native plugins compatible for Editor in 1.42 ms, found 2 plugins.
Preloading 0 native plugins for Editor in 0.00 ms.
Unloading 1765 Unused Serialized files (Serialized files now loaded: 0)
System memory in use before: 105.5 MB.
System memory in use after: 105.6 MB.

Unloading 8 unused Assets to reduce memory usage. Loaded Objects now: 2462.
Total: 9.731800 ms (FindLiveObjects: 0.589600 ms CreateObjectMapping: 0.073600 ms MarkObjects: 9.037600 ms  DeleteObjects: 0.029000 ms)

========================================================================
Received Prepare
Registering precompiled user dll's ...
Registered in 0.007042 seconds.
Begin MonoManager ReloadAssembly
Native extension for WindowsStandalone target not found
Refreshing native plugins compatible for Editor in 4.30 ms, found 2 plugins.
Preloading 0 native plugins for Editor in 0.00 ms.
Mono: successfully reloaded assembly
- Completed reload, in  1.814 seconds
Platform modules already initialized, skipping
Refreshing native plugins compatible for Editor in 1.67 ms, found 2 plugins.
Preloading 0 native plugins for Editor in 0.00 ms.
Unloading 1765 Unused Serialized files (Serialized files now loaded: 0)
System memory in use before: 105.5 MB.
System memory in use after: 105.6 MB.

Unloading 8 unused Assets to reduce memory usage. Loaded Objects now: 2465.
Total: 4.048900 ms (FindLiveObjects: 0.321200 ms CreateObjectMapping: 0.058100 ms MarkObjects: 3.615100 ms  DeleteObjects: 0.051900 ms)

========================================================================
Received Prepare
Registering precompiled user dll's ...
Registered in 0.003720 seconds.
Begin MonoManager ReloadAssembly
Native extension for WindowsStandalone target not found
Refreshing native plugins compatible for Editor in 1.49 ms, found 2 plugins.
Preloading 0 native plugins for Editor in 0.00 ms.
Mono: successfully reloaded assembly
- Completed reload, in  1.170 seconds
Platform modules already initialized, skipping
Refreshing native plugins compatible for Editor in 1.06 ms, found 2 plugins.
Preloading 0 native plugins for Editor in 0.00 ms.
Unloading 1765 Unused Serialized files (Serialized files now loaded: 0)
System memory in use before: 105.5 MB.
System memory in use after: 105.6 MB.

Unloading 8 unused Assets to reduce memory usage. Loaded Objects now: 2468.
Total: 2.651200 ms (FindLiveObjects: 0.361400 ms CreateObjectMapping: 0.050400 ms MarkObjects: 2.217200 ms  DeleteObjects: 0.020100 ms)

========================================================================
Received Prepare
Registering precompiled user dll's ...
Registered in 0.003482 seconds.
Begin MonoManager ReloadAssembly
Native extension for WindowsStandalone target not found
Refreshing native plugins compatible for Editor in 0.94 ms, found 2 plugins.
Preloading 0 native plugins for Editor in 0.00 ms.
Mono: successfully reloaded assembly
- Completed reload, in  1.256 seconds
Platform modules already initialized, skipping
Refreshing native plugins compatible for Editor in 1.25 ms, found 2 plugins.
Preloading 0 native plugins for Editor in 0.00 ms.
Unloading 1765 Unused Serialized files (Serialized files now loaded: 0)
System memory in use before: 105.5 MB.
System memory in use after: 105.6 MB.

Unloading 8 unused Assets to reduce memory usage. Loaded Objects now: 2471.
Total: 3.148000 ms (FindLiveObjects: 0.418100 ms CreateObjectMapping: 0.065200 ms MarkObjects: 2.629700 ms  DeleteObjects: 0.031700 ms)

========================================================================
Received Prepare
Registering precompiled user dll's ...
Registered in 0.011461 seconds.
Begin MonoManager ReloadAssembly
Native extension for WindowsStandalone target not found
Refreshing native plugins compatible for Editor in 1.47 ms, found 2 plugins.
Preloading 0 native plugins for Editor in 0.00 ms.
Mono: successfully reloaded assembly
- Completed reload, in  1.543 seconds
Platform modules already initialized, skipping
Refreshing native plugins compatible for Editor in 1.84 ms, found 2 plugins.
Preloading 0 native plugins for Editor in 0.00 ms.
Unloading 1765 Unused Serialized files (Serialized files now loaded: 0)
System memory in use before: 105.5 MB.
System memory in use after: 105.6 MB.

Unloading 8 unused Assets to reduce memory usage. Loaded Objects now: 2474.
Total: 5.337300 ms (FindLiveObjects: 0.816900 ms CreateObjectMapping: 0.172800 ms MarkObjects: 4.316400 ms  DeleteObjects: 0.028200 ms)

========================================================================
Received Prepare
Registering precompiled user dll's ...
Registered in 0.003851 seconds.
Begin MonoManager ReloadAssembly
Native extension for WindowsStandalone target not found
Refreshing native plugins compatible for Editor in 0.89 ms, found 2 plugins.
Preloading 0 native plugins for Editor in 0.00 ms.
Mono: successfully reloaded assembly
- Completed reload, in  1.193 seconds
Platform modules already initialized, skipping
Refreshing native plugins compatible for Editor in 1.18 ms, found 2 plugins.
Preloading 0 native plugins for Editor in 0.00 ms.
Unloading 1765 Unused Serialized files (Serialized files now loaded: 0)
System memory in use before: 105.5 MB.
System memory in use after: 105.6 MB.

Unloading 8 unused Assets to reduce memory usage. Loaded Objects now: 2477.
Total: 2.547100 ms (FindLiveObjects: 0.340700 ms CreateObjectMapping: 0.049900 ms MarkObjects: 2.136900 ms  DeleteObjects: 0.018200 ms)

========================================================================
Received Prepare
Registering precompiled user dll's ...
Registered in 0.002963 seconds.
Begin MonoManager ReloadAssembly
Native extension for WindowsStandalone target not found
Refreshing native plugins compatible for Editor in 1.06 ms, found 2 plugins.
Preloading 0 native plugins for Editor in 0.00 ms.
Mono: successfully reloaded assembly
- Completed reload, in  1.109 seconds
Platform modules already initialized, skipping
Refreshing native plugins compatible for Editor in 1.47 ms, found 2 plugins.
Preloading 0 native plugins for Editor in 0.00 ms.
Unloading 1765 Unused Serialized files (Serialized files now loaded: 0)
System memory in use before: 105.5 MB.
System memory in use after: 105.6 MB.

Unloading 8 unused Assets to reduce memory usage. Loaded Objects now: 2480.
Total: 4.804500 ms (FindLiveObjects: 0.427700 ms CreateObjectMapping: 0.070500 ms MarkObjects: 4.278200 ms  DeleteObjects: 0.025300 ms)

========================================================================
Received Prepare
Registering precompiled user dll's ...
Registered in 0.005413 seconds.
Begin MonoManager ReloadAssembly
Native extension for WindowsStandalone target not found
Refreshing native plugins compatible for Editor in 1.60 ms, found 2 plugins.
Preloading 0 native plugins for Editor in 0.00 ms.
Mono: successfully reloaded assembly
- Completed reload, in  1.325 seconds
Platform modules already initialized, skipping
Refreshing native plugins compatible for Editor in 1.34 ms, found 2 plugins.
Preloading 0 native plugins for Editor in 0.00 ms.
Unloading 1765 Unused Serialized files (Serialized files now loaded: 0)
System memory in use before: 105.5 MB.
System memory in use after: 105.6 MB.

Unloading 8 unused Assets to reduce memory usage. Loaded Objects now: 2483.
Total: 3.349900 ms (FindLiveObjects: 0.356900 ms CreateObjectMapping: 0.060600 ms MarkObjects: 2.910000 ms  DeleteObjects: 0.020600 ms)

========================================================================
Received Prepare
Registering precompiled user dll's ...
Registered in 0.002731 seconds.
Begin MonoManager ReloadAssembly
Native extension for WindowsStandalone target not found
Refreshing native plugins compatible for Editor in 1.19 ms, found 2 plugins.
Preloading 0 native plugins for Editor in 0.00 ms.
Mono: successfully reloaded assembly
- Completed reload, in  1.230 seconds
Platform modules already initialized, skipping
Refreshing native plugins compatible for Editor in 1.32 ms, found 2 plugins.
Preloading 0 native plugins for Editor in 0.00 ms.
Unloading 1765 Unused Serialized files (Serialized files now loaded: 0)
System memory in use before: 105.5 MB.
System memory in use after: 105.6 MB.

Unloading 8 unused Assets to reduce memory usage. Loaded Objects now: 2486.
Total: 4.482600 ms (FindLiveObjects: 0.491600 ms CreateObjectMapping: 0.069100 ms MarkObjects: 3.888100 ms  DeleteObjects: 0.031900 ms)

========================================================================
Received Prepare
Registering precompiled user dll's ...
Registered in 0.004222 seconds.
Begin MonoManager ReloadAssembly
Native extension for WindowsStandalone target not found
Refreshing native plugins compatible for Editor in 1.15 ms, found 2 plugins.
Preloading 0 native plugins for Editor in 0.00 ms.
Mono: successfully reloaded assembly
- Completed reload, in  1.293 seconds
Platform modules already initialized, skipping
Refreshing native plugins compatible for Editor in 1.24 ms, found 2 plugins.
Preloading 0 native plugins for Editor in 0.00 ms.
Unloading 1765 Unused Serialized files (Serialized files now loaded: 0)
System memory in use before: 105.5 MB.
System memory in use after: 105.6 MB.

Unloading 8 unused Assets to reduce memory usage. Loaded Objects now: 2489.
Total: 5.230900 ms (FindLiveObjects: 0.490200 ms CreateObjectMapping: 0.078300 ms MarkObjects: 4.627600 ms  DeleteObjects: 0.032300 ms)

========================================================================
Received Prepare
Registering precompiled user dll's ...
Registered in 0.003895 seconds.
Begin MonoManager ReloadAssembly
Native extension for WindowsStandalone target not found
Refreshing native plugins compatible for Editor in 1.37 ms, found 2 plugins.
Preloading 0 native plugins for Editor in 0.00 ms.
Mono: successfully reloaded assembly
- Completed reload, in  1.207 seconds
Platform modules already initialized, skipping
Refreshing native plugins compatible for Editor in 0.82 ms, found 2 plugins.
Preloading 0 native plugins for Editor in 0.00 ms.
Unloading 1765 Unused Serialized files (Serialized files now loaded: 0)
System memory in use before: 105.5 MB.
System memory in use after: 105.6 MB.

Unloading 8 unused Assets to reduce memory usage. Loaded Objects now: 2492.
Total: 2.853800 ms (FindLiveObjects: 0.397500 ms CreateObjectMapping: 0.054000 ms MarkObjects: 2.370500 ms  DeleteObjects: 0.029100 ms)

========================================================================
Received Prepare
Registering precompiled user dll's ...
Registered in 0.004237 seconds.
Begin MonoManager ReloadAssembly
Native extension for WindowsStandalone target not found
Refreshing native plugins compatible for Editor in 2.46 ms, found 2 plugins.
Preloading 0 native plugins for Editor in 0.00 ms.
Mono: successfully reloaded assembly
- Completed reload, in  1.458 seconds
Platform modules already initialized, skipping
Refreshing native plugins compatible for Editor in 1.65 ms, found 2 plugins.
Preloading 0 native plugins for Editor in 0.00 ms.
Unloading 1765 Unused Serialized files (Serialized files now loaded: 0)
System memory in use before: 105.5 MB.
System memory in use after: 105.6 MB.

Unloading 8 unused Assets to reduce memory usage. Loaded Objects now: 2495.
Total: 4.868800 ms (FindLiveObjects: 0.615800 ms CreateObjectMapping: 0.094800 ms MarkObjects: 4.127900 ms  DeleteObjects: 0.028000 ms)

========================================================================
Received Prepare
Refreshing native plugins compatible for Editor in 3.96 ms, found 2 plugins.
Preloading 0 native plugins for Editor in 0.00 ms.
Unloading 5 Unused Serialized files (Serialized files now loaded: 0)
System memory in use before: 70.6 MB.
System memory in use after: 70.7 MB.

Unloading 5 unused Assets to reduce memory usage. Loaded Objects now: 2495.
Total: 3.679800 ms (FindLiveObjects: 0.516000 ms CreateObjectMapping: 0.055500 ms MarkObjects: 3.076200 ms  DeleteObjects: 0.030100 ms)

AssetImportWorkerClient::OnTransportError - code=2 error=End of file
