Using pre-set license
Built from '2020.3/release' branch; Version is '2020.3.7f1 (dd97f2c94397) revision 14522354'; Using compiler version '192528614'; Build Type 'Release'
OS: 'Windows 10 Pro; OS build 19042.985; Version 2009; 64bit' Language: 'fr' Physical Memory: 8060 MB
BatchMode: 1, IsHumanControllingUs: 0, StartBugReporterOnCrash: 0, Is64bit: 1, IsPro: 0

 COMMAND LINE ARGUMENTS:
C:\Program Files\Unity\Hub\Editor\2020.3.7f1\Editor\Unity.exe
-adb2
-batchMode
-noUpm
-name
AssetImportWorker1
-projectPath
C:/Users/KNT/Documents/GitHub/2021-JCO-PO-Jeu_De_Sabre/Jeu de Sabre
-logFile
Logs/AssetImportWorker1.log
-srvPort
52712
Successfully changed project path to: C:/Users/KNT/Documents/GitHub/2021-JCO-PO-Jeu_De_Sabre/Jeu de Sabre
C:/Users/KNT/Documents/GitHub/2021-JCO-PO-Jeu_De_Sabre/Jeu de Sabre
Using Asset Import Pipeline V2.
Refreshing native plugins compatible for Editor in 81.30 ms, found 3 plugins.
Preloading 0 native plugins for Editor in 0.00 ms.
Initialize engine version: 2020.3.7f1 (dd97f2c94397)
[Subsystems] Discovering subsystems at path C:/Program Files/Unity/Hub/Editor/2020.3.7f1/Editor/Data/Resources/UnitySubsystems
[Subsystems] Discovering subsystems at path C:/Users/KNT/Documents/GitHub/2021-JCO-PO-Jeu_De_Sabre/Jeu de Sabre/Assets
GfxDevice: creating device client; threaded=0
Direct3D:
    Version:  Direct3D 11.0 [level 11.1]
    Renderer: Intel(R) Iris(R) Plus Graphics 655 (ID=0x3ea5)
    Vendor:   
    VRAM:     4030 MB
    Driver:   27.20.100.8681
Initialize mono
Mono path[0] = 'C:/Program Files/Unity/Hub/Editor/2020.3.7f1/Editor/Data/Managed'
Mono path[1] = 'C:/Program Files/Unity/Hub/Editor/2020.3.7f1/Editor/Data/MonoBleedingEdge/lib/mono/unityjit'
Mono config path = 'C:/Program Files/Unity/Hub/Editor/2020.3.7f1/Editor/Data/MonoBleedingEdge/etc'
Using monoOptions --debugger-agent=transport=dt_socket,embedding=1,server=y,suspend=n,address=127.0.0.1:56156
Begin MonoManager ReloadAssembly
Registering precompiled unity dll's ...
Register platform support module: C:/Program Files/Unity/Hub/Editor/2020.3.7f1/Editor/Data/PlaybackEngines/WindowsStandaloneSupport/UnityEditor.WindowsStandalone.Extensions.dll
Registered in 0.003041 seconds.
Native extension for WindowsStandalone target not found
Refreshing native plugins compatible for Editor in 87.82 ms, found 3 plugins.
Preloading 0 native plugins for Editor in 0.00 ms.
Mono: successfully reloaded assembly
- Completed reload, in  3.493 seconds
Platform modules already initialized, skipping
Registering precompiled user dll's ...
Registered in 0.001620 seconds.
Begin MonoManager ReloadAssembly
Native extension for WindowsStandalone target not found
Refreshing native plugins compatible for Editor in 74.92 ms, found 3 plugins.
Preloading 0 native plugins for Editor in 0.00 ms.
Mono: successfully reloaded assembly
- Completed reload, in  1.184 seconds
Platform modules already initialized, skipping
========================================================================
Worker process is ready to serve import requests
Launched and connected shader compiler UnityShaderCompiler.exe after 0.06 seconds
Refreshing native plugins compatible for Editor in 0.65 ms, found 3 plugins.
Preloading 0 native plugins for Editor in 0.00 ms.
Unloading 1677 Unused Serialized files (Serialized files now loaded: 0)
System memory in use before: 94.3 MB.
System memory in use after: 94.4 MB.

Unloading 16 unused Assets to reduce memory usage. Loaded Objects now: 2143.
Total: 2.706300 ms (FindLiveObjects: 0.331000 ms CreateObjectMapping: 0.101900 ms MarkObjects: 2.175200 ms  DeleteObjects: 0.097000 ms)

========================================================================
Received Import Request.
  path: Assets/PolygonParticleFX/Prefabs/FX_SwordStab_01.prefab
  artifactKey: Guid(16b154ffbfe6c5841b0a46456345a632) Importer(815301076,1909f56bfc062723c751e8b465ee728b)
Start importing Assets/PolygonParticleFX/Prefabs/FX_SwordStab_01.prefab using Guid(16b154ffbfe6c5841b0a46456345a632) Importer(815301076,1909f56bfc062723c751e8b465ee728b)  -> (artifact id: '175e12c5f802d29fb8245d11f16120c1') in 0.053025 seconds
  Import took 0.056572 seconds .

========================================================================
Received Import Request.
  Time since last request: 2.729399 seconds.
  path: Assets/PolygonParticleFX/Prefabs/FX_SwordStab_01.prefab
  artifactKey: Guid(16b154ffbfe6c5841b0a46456345a632) Importer(815301076,1909f56bfc062723c751e8b465ee728b)
Start importing Assets/PolygonParticleFX/Prefabs/FX_SwordStab_01.prefab using Guid(16b154ffbfe6c5841b0a46456345a632) Importer(815301076,1909f56bfc062723c751e8b465ee728b)  -> (artifact id: '175e12c5f802d29fb8245d11f16120c1') in 0.006935 seconds
  Import took 0.010816 seconds .

========================================================================
Received Prepare
Registering precompiled user dll's ...
Registered in 0.002232 seconds.
Begin MonoManager ReloadAssembly
Native extension for WindowsStandalone target not found
Refreshing native plugins compatible for Editor in 0.67 ms, found 3 plugins.
Preloading 0 native plugins for Editor in 0.00 ms.
Mono: successfully reloaded assembly
- Completed reload, in  1.001 seconds
Platform modules already initialized, skipping
Refreshing native plugins compatible for Editor in 0.58 ms, found 3 plugins.
Preloading 0 native plugins for Editor in 0.00 ms.
Unloading 1652 Unused Serialized files (Serialized files now loaded: 0)
System memory in use before: 92.5 MB.
System memory in use after: 92.6 MB.

Unloading 9 unused Assets to reduce memory usage. Loaded Objects now: 2146.
Total: 3.566100 ms (FindLiveObjects: 0.406700 ms CreateObjectMapping: 0.133600 ms MarkObjects: 2.941300 ms  DeleteObjects: 0.061800 ms)

========================================================================
Received Import Request.
  Time since last request: 12.297641 seconds.
  path: Assets/PolygonParticleFX/Prefabs/FX_SwordStab_01.prefab
  artifactKey: Guid(16b154ffbfe6c5841b0a46456345a632) Importer(815301076,1909f56bfc062723c751e8b465ee728b)
Start importing Assets/PolygonParticleFX/Prefabs/FX_SwordStab_01.prefab using Guid(16b154ffbfe6c5841b0a46456345a632) Importer(815301076,1909f56bfc062723c751e8b465ee728b)  -> (artifact id: 'ae0c575fb931a1438982ffabbf9975b2') in 0.032429 seconds
  Import took 0.037610 seconds .

========================================================================
Received Prepare
Registering precompiled user dll's ...
Registered in 0.001950 seconds.
Begin MonoManager ReloadAssembly
Native extension for WindowsStandalone target not found
Refreshing native plugins compatible for Editor in 0.66 ms, found 3 plugins.
Preloading 0 native plugins for Editor in 0.00 ms.
Mono: successfully reloaded assembly
- Completed reload, in  1.013 seconds
Platform modules already initialized, skipping
Refreshing native plugins compatible for Editor in 1.05 ms, found 3 plugins.
Preloading 0 native plugins for Editor in 0.00 ms.
Unloading 1652 Unused Serialized files (Serialized files now loaded: 0)
System memory in use before: 92.5 MB.
System memory in use after: 92.6 MB.

Unloading 9 unused Assets to reduce memory usage. Loaded Objects now: 2149.
Total: 3.534600 ms (FindLiveObjects: 0.214600 ms CreateObjectMapping: 0.078200 ms MarkObjects: 3.117300 ms  DeleteObjects: 0.123100 ms)

========================================================================
Received Import Request.
  Time since last request: 75.573111 seconds.
  path: Assets/PolygonParticleFX/Prefabs/FX_GlowSpot_03.prefab
  artifactKey: Guid(3d103d65aaa62f34e8e9ad872c5735fb) Importer(815301076,1909f56bfc062723c751e8b465ee728b)
Start importing Assets/PolygonParticleFX/Prefabs/FX_GlowSpot_03.prefab using Guid(3d103d65aaa62f34e8e9ad872c5735fb) Importer(815301076,1909f56bfc062723c751e8b465ee728b)  -> (artifact id: '251baf49f7eb256d014004bddaa60334') in 0.041493 seconds
  Import took 0.048430 seconds .

========================================================================
Received Import Request.
  Time since last request: 0.552906 seconds.
  path: Assets/PolygonParticleFX/Prefabs/FX_GlowSpot_03.prefab
  artifactKey: Guid(3d103d65aaa62f34e8e9ad872c5735fb) Importer(815301076,1909f56bfc062723c751e8b465ee728b)
Start importing Assets/PolygonParticleFX/Prefabs/FX_GlowSpot_03.prefab using Guid(3d103d65aaa62f34e8e9ad872c5735fb) Importer(815301076,1909f56bfc062723c751e8b465ee728b)  -> (artifact id: 'c212bd1d133b0f50c352ba4721ffd8bd') in 0.006097 seconds
  Import took 0.010986 seconds .

========================================================================
Received Import Request.
  Time since last request: 5.491460 seconds.
  path: Assets/PolygonParticleFX/Prefabs/FX_GlowSpot_03.prefab
  artifactKey: Guid(3d103d65aaa62f34e8e9ad872c5735fb) Importer(815301076,1909f56bfc062723c751e8b465ee728b)
Start importing Assets/PolygonParticleFX/Prefabs/FX_GlowSpot_03.prefab using Guid(3d103d65aaa62f34e8e9ad872c5735fb) Importer(815301076,1909f56bfc062723c751e8b465ee728b)  -> (artifact id: '36467c34f50fefee5a3be843919604b3') in 0.007227 seconds
  Import took 0.011570 seconds .

========================================================================
Received Import Request.
  Time since last request: 9.368208 seconds.
  path: Assets/PolygonParticleFX/Prefabs/FX_GlowSpot_03.prefab
  artifactKey: Guid(3d103d65aaa62f34e8e9ad872c5735fb) Importer(815301076,1909f56bfc062723c751e8b465ee728b)
Start importing Assets/PolygonParticleFX/Prefabs/FX_GlowSpot_03.prefab using Guid(3d103d65aaa62f34e8e9ad872c5735fb) Importer(815301076,1909f56bfc062723c751e8b465ee728b)  -> (artifact id: 'e945459ec3bdda382d733cccc4c9a5e8') in 0.004617 seconds
  Import took 0.010704 seconds .

========================================================================
Received Import Request.
  Time since last request: 1.202893 seconds.
  path: Assets/PolygonParticleFX/Prefabs/FX_GlowSpot_03.prefab
  artifactKey: Guid(3d103d65aaa62f34e8e9ad872c5735fb) Importer(815301076,1909f56bfc062723c751e8b465ee728b)
Start importing Assets/PolygonParticleFX/Prefabs/FX_GlowSpot_03.prefab using Guid(3d103d65aaa62f34e8e9ad872c5735fb) Importer(815301076,1909f56bfc062723c751e8b465ee728b)  -> (artifact id: 'cff9d3a8df2ef84d0c51025dc35c956b') in 0.006744 seconds
  Import took 0.011840 seconds .

========================================================================
Received Prepare
Registering precompiled user dll's ...
Registered in 0.001849 seconds.
Begin MonoManager ReloadAssembly
Native extension for WindowsStandalone target not found
Refreshing native plugins compatible for Editor in 0.70 ms, found 3 plugins.
Preloading 0 native plugins for Editor in 0.00 ms.
Mono: successfully reloaded assembly
- Completed reload, in  0.985 seconds
Platform modules already initialized, skipping
Refreshing native plugins compatible for Editor in 0.65 ms, found 3 plugins.
Preloading 0 native plugins for Editor in 0.00 ms.
Unloading 1652 Unused Serialized files (Serialized files now loaded: 0)
System memory in use before: 92.5 MB.
System memory in use after: 92.6 MB.

Unloading 9 unused Assets to reduce memory usage. Loaded Objects now: 2152.
Total: 2.636400 ms (FindLiveObjects: 0.343400 ms CreateObjectMapping: 0.096700 ms MarkObjects: 2.125500 ms  DeleteObjects: 0.069800 ms)

========================================================================
Received Import Request.
  Time since last request: 24.623908 seconds.
  path: Assets/PolygonParticleFX/Prefabs/FX_GlowSpot_03.prefab
  artifactKey: Guid(3d103d65aaa62f34e8e9ad872c5735fb) Importer(815301076,1909f56bfc062723c751e8b465ee728b)
Start importing Assets/PolygonParticleFX/Prefabs/FX_GlowSpot_03.prefab using Guid(3d103d65aaa62f34e8e9ad872c5735fb) Importer(815301076,1909f56bfc062723c751e8b465ee728b)  -> (artifact id: '08bbc494ffb4d0aa08d8db135a520e70') in 0.027812 seconds
  Import took 0.032116 seconds .

========================================================================
Received Import Request.
  Time since last request: 4.385048 seconds.
  path: Assets/PolygonParticleFX/Prefabs/FX_GlowSpot_03.prefab
  artifactKey: Guid(3d103d65aaa62f34e8e9ad872c5735fb) Importer(815301076,1909f56bfc062723c751e8b465ee728b)
Start importing Assets/PolygonParticleFX/Prefabs/FX_GlowSpot_03.prefab using Guid(3d103d65aaa62f34e8e9ad872c5735fb) Importer(815301076,1909f56bfc062723c751e8b465ee728b)  -> (artifact id: 'dd11ccc4b0f0773aa32821ed820181fc') in 0.007424 seconds
  Import took 0.012143 seconds .

========================================================================
Received Prepare
Registering precompiled user dll's ...
Registered in 0.001525 seconds.
Begin MonoManager ReloadAssembly
Native extension for WindowsStandalone target not found
Refreshing native plugins compatible for Editor in 0.85 ms, found 3 plugins.
Preloading 0 native plugins for Editor in 0.00 ms.
Mono: successfully reloaded assembly
- Completed reload, in  1.038 seconds
Platform modules already initialized, skipping
Refreshing native plugins compatible for Editor in 0.66 ms, found 3 plugins.
Preloading 0 native plugins for Editor in 0.00 ms.
Unloading 1652 Unused Serialized files (Serialized files now loaded: 0)
System memory in use before: 92.5 MB.
System memory in use after: 92.6 MB.

Unloading 9 unused Assets to reduce memory usage. Loaded Objects now: 2155.
Total: 2.443100 ms (FindLiveObjects: 0.404200 ms CreateObjectMapping: 0.147100 ms MarkObjects: 1.837500 ms  DeleteObjects: 0.053100 ms)

========================================================================
Received Prepare
Registering precompiled user dll's ...
Registered in 0.001418 seconds.
Begin MonoManager ReloadAssembly
Native extension for WindowsStandalone target not found
Refreshing native plugins compatible for Editor in 0.80 ms, found 3 plugins.
Preloading 0 native plugins for Editor in 0.00 ms.
Mono: successfully reloaded assembly
- Completed reload, in  0.936 seconds
Platform modules already initialized, skipping
Refreshing native plugins compatible for Editor in 0.58 ms, found 3 plugins.
Preloading 0 native plugins for Editor in 0.00 ms.
Unloading 1652 Unused Serialized files (Serialized files now loaded: 0)
System memory in use before: 92.5 MB.
System memory in use after: 92.6 MB.

Unloading 9 unused Assets to reduce memory usage. Loaded Objects now: 2158.
Total: 2.681100 ms (FindLiveObjects: 0.452100 ms CreateObjectMapping: 0.108800 ms MarkObjects: 2.058100 ms  DeleteObjects: 0.061500 ms)

========================================================================
Received Import Request.
  Time since last request: 92.367361 seconds.
  path: Assets/Bouncy.physicMaterial
  artifactKey: Guid(2fa05457653c8e24e8c8fd183b2022f8) Importer(815301076,1909f56bfc062723c751e8b465ee728b)
Start importing Assets/Bouncy.physicMaterial using Guid(2fa05457653c8e24e8c8fd183b2022f8) Importer(815301076,1909f56bfc062723c751e8b465ee728b)  -> (artifact id: '91df11a7ee605f52aab19b3916cd9742') in 0.029946 seconds
  Import took 0.034053 seconds .

========================================================================
Received Import Request.
  Time since last request: 0.020102 seconds.
  path: Assets/Bouncy.physicMaterial
  artifactKey: Guid(2fa05457653c8e24e8c8fd183b2022f8) Importer(815301076,1909f56bfc062723c751e8b465ee728b)
Start importing Assets/Bouncy.physicMaterial using Guid(2fa05457653c8e24e8c8fd183b2022f8) Importer(815301076,1909f56bfc062723c751e8b465ee728b)  -> (artifact id: '91df11a7ee605f52aab19b3916cd9742') in 0.003671 seconds
  Import took 0.010171 seconds .

========================================================================
Received Import Request.
  Time since last request: 19.159078 seconds.
  path: Assets/Bouncy.physicMaterial
  artifactKey: Guid(2fa05457653c8e24e8c8fd183b2022f8) Importer(815301076,1909f56bfc062723c751e8b465ee728b)
Start importing Assets/Bouncy.physicMaterial using Guid(2fa05457653c8e24e8c8fd183b2022f8) Importer(815301076,1909f56bfc062723c751e8b465ee728b)  -> (artifact id: '025c115f4a8b526fb95eafc1a7161b93') in 0.003908 seconds
  Import took 0.009543 seconds .

========================================================================
Received Import Request.
  Time since last request: 0.027196 seconds.
  path: Assets/Bouncy.physicMaterial
  artifactKey: Guid(2fa05457653c8e24e8c8fd183b2022f8) Importer(815301076,1909f56bfc062723c751e8b465ee728b)
Start importing Assets/Bouncy.physicMaterial using Guid(2fa05457653c8e24e8c8fd183b2022f8) Importer(815301076,1909f56bfc062723c751e8b465ee728b)  -> (artifact id: '025c115f4a8b526fb95eafc1a7161b93') in 0.003134 seconds
  Import took 0.009614 seconds .

========================================================================
Received Prepare
Registering precompiled user dll's ...
Registered in 0.001413 seconds.
Begin MonoManager ReloadAssembly
Native extension for WindowsStandalone target not found
Refreshing native plugins compatible for Editor in 0.59 ms, found 3 plugins.
Preloading 0 native plugins for Editor in 0.00 ms.
Mono: successfully reloaded assembly
- Completed reload, in  0.939 seconds
Platform modules already initialized, skipping
Refreshing native plugins compatible for Editor in 0.71 ms, found 3 plugins.
Preloading 0 native plugins for Editor in 0.00 ms.
Unloading 1652 Unused Serialized files (Serialized files now loaded: 0)
System memory in use before: 92.6 MB.
System memory in use after: 92.6 MB.

Unloading 9 unused Assets to reduce memory usage. Loaded Objects now: 2161.
Total: 2.861400 ms (FindLiveObjects: 0.614200 ms CreateObjectMapping: 0.217900 ms MarkObjects: 1.971300 ms  DeleteObjects: 0.057100 ms)

========================================================================
Received Prepare
Registering precompiled user dll's ...
Registered in 0.001491 seconds.
Begin MonoManager ReloadAssembly
Native extension for WindowsStandalone target not found
Refreshing native plugins compatible for Editor in 0.88 ms, found 3 plugins.
Preloading 0 native plugins for Editor in 0.00 ms.
Mono: successfully reloaded assembly
- Completed reload, in  1.184 seconds
Platform modules already initialized, skipping
Refreshing native plugins compatible for Editor in 0.84 ms, found 3 plugins.
Preloading 0 native plugins for Editor in 0.00 ms.
Unloading 1652 Unused Serialized files (Serialized files now loaded: 0)
System memory in use before: 92.6 MB.
System memory in use after: 92.6 MB.

Unloading 9 unused Assets to reduce memory usage. Loaded Objects now: 2164.
Total: 2.908300 ms (FindLiveObjects: 0.317900 ms CreateObjectMapping: 0.082900 ms MarkObjects: 2.371000 ms  DeleteObjects: 0.134200 ms)

========================================================================
Received Prepare
Registering precompiled user dll's ...
Registered in 0.002015 seconds.
Begin MonoManager ReloadAssembly
Native extension for WindowsStandalone target not found
Refreshing native plugins compatible for Editor in 0.84 ms, found 3 plugins.
Preloading 0 native plugins for Editor in 0.00 ms.
Mono: successfully reloaded assembly
- Completed reload, in  1.029 seconds
Platform modules already initialized, skipping
Refreshing native plugins compatible for Editor in 0.73 ms, found 3 plugins.
Preloading 0 native plugins for Editor in 0.00 ms.
Unloading 1652 Unused Serialized files (Serialized files now loaded: 0)
System memory in use before: 92.6 MB.
System memory in use after: 92.7 MB.

Unloading 9 unused Assets to reduce memory usage. Loaded Objects now: 2167.
Total: 2.415000 ms (FindLiveObjects: 0.302900 ms CreateObjectMapping: 0.073900 ms MarkObjects: 1.967700 ms  DeleteObjects: 0.068300 ms)

========================================================================
Received Prepare
Registering precompiled user dll's ...
Registered in 0.001407 seconds.
Begin MonoManager ReloadAssembly
Native extension for WindowsStandalone target not found
Refreshing native plugins compatible for Editor in 0.71 ms, found 3 plugins.
Preloading 0 native plugins for Editor in 0.00 ms.
Mono: successfully reloaded assembly
- Completed reload, in  0.988 seconds
Platform modules already initialized, skipping
Refreshing native plugins compatible for Editor in 0.73 ms, found 3 plugins.
Preloading 0 native plugins for Editor in 0.00 ms.
Unloading 1652 Unused Serialized files (Serialized files now loaded: 0)
System memory in use before: 92.6 MB.
System memory in use after: 92.7 MB.

Unloading 9 unused Assets to reduce memory usage. Loaded Objects now: 2170.
Total: 2.231900 ms (FindLiveObjects: 0.221100 ms CreateObjectMapping: 0.069300 ms MarkObjects: 1.873700 ms  DeleteObjects: 0.066800 ms)

========================================================================
Received Prepare
Registering precompiled user dll's ...
Registered in 0.002299 seconds.
Begin MonoManager ReloadAssembly
Native extension for WindowsStandalone target not found
Refreshing native plugins compatible for Editor in 1.68 ms, found 3 plugins.
Preloading 0 native plugins for Editor in 0.00 ms.
Mono: successfully reloaded assembly
- Completed reload, in  1.004 seconds
Platform modules already initialized, skipping
Refreshing native plugins compatible for Editor in 0.73 ms, found 3 plugins.
Preloading 0 native plugins for Editor in 0.00 ms.
Unloading 1652 Unused Serialized files (Serialized files now loaded: 0)
System memory in use before: 92.6 MB.
System memory in use after: 92.7 MB.

Unloading 9 unused Assets to reduce memory usage. Loaded Objects now: 2173.
Total: 2.936600 ms (FindLiveObjects: 0.296700 ms CreateObjectMapping: 0.049400 ms MarkObjects: 2.536700 ms  DeleteObjects: 0.052900 ms)

========================================================================
Received Prepare
Registering precompiled user dll's ...
Registered in 0.001558 seconds.
Begin MonoManager ReloadAssembly
Native extension for WindowsStandalone target not found
Refreshing native plugins compatible for Editor in 0.69 ms, found 3 plugins.
Preloading 0 native plugins for Editor in 0.00 ms.
Mono: successfully reloaded assembly
- Completed reload, in  0.934 seconds
Platform modules already initialized, skipping
Refreshing native plugins compatible for Editor in 0.65 ms, found 3 plugins.
Preloading 0 native plugins for Editor in 0.00 ms.
Unloading 1652 Unused Serialized files (Serialized files now loaded: 0)
System memory in use before: 92.6 MB.
System memory in use after: 92.7 MB.

Unloading 9 unused Assets to reduce memory usage. Loaded Objects now: 2176.
Total: 2.778700 ms (FindLiveObjects: 0.344800 ms CreateObjectMapping: 0.048100 ms MarkObjects: 2.287200 ms  DeleteObjects: 0.097400 ms)

========================================================================
Received Prepare
Registering precompiled user dll's ...
Registered in 0.002024 seconds.
Begin MonoManager ReloadAssembly
Native extension for WindowsStandalone target not found
Refreshing native plugins compatible for Editor in 0.79 ms, found 3 plugins.
Preloading 0 native plugins for Editor in 0.00 ms.
Mono: successfully reloaded assembly
- Completed reload, in  0.939 seconds
Platform modules already initialized, skipping
Refreshing native plugins compatible for Editor in 0.66 ms, found 3 plugins.
Preloading 0 native plugins for Editor in 0.00 ms.
Unloading 1652 Unused Serialized files (Serialized files now loaded: 0)
System memory in use before: 92.6 MB.
System memory in use after: 92.7 MB.

Unloading 9 unused Assets to reduce memory usage. Loaded Objects now: 2179.
Total: 2.583900 ms (FindLiveObjects: 0.426100 ms CreateObjectMapping: 0.149100 ms MarkObjects: 1.934500 ms  DeleteObjects: 0.072300 ms)

========================================================================
Received Prepare
Registering precompiled user dll's ...
Registered in 0.001381 seconds.
Begin MonoManager ReloadAssembly
Native extension for WindowsStandalone target not found
Refreshing native plugins compatible for Editor in 0.87 ms, found 3 plugins.
Preloading 0 native plugins for Editor in 0.00 ms.
Mono: successfully reloaded assembly
- Completed reload, in  0.926 seconds
Platform modules already initialized, skipping
Refreshing native plugins compatible for Editor in 0.62 ms, found 3 plugins.
Preloading 0 native plugins for Editor in 0.00 ms.
Unloading 1652 Unused Serialized files (Serialized files now loaded: 0)
System memory in use before: 92.6 MB.
System memory in use after: 92.7 MB.

Unloading 9 unused Assets to reduce memory usage. Loaded Objects now: 2182.
Total: 3.165900 ms (FindLiveObjects: 0.429700 ms CreateObjectMapping: 0.148900 ms MarkObjects: 2.526700 ms  DeleteObjects: 0.058800 ms)

========================================================================
Received Prepare
Registering precompiled user dll's ...
Registered in 0.002124 seconds.
Begin MonoManager ReloadAssembly
Native extension for WindowsStandalone target not found
Refreshing native plugins compatible for Editor in 0.72 ms, found 3 plugins.
Preloading 0 native plugins for Editor in 0.00 ms.
Mono: successfully reloaded assembly
- Completed reload, in  0.954 seconds
Platform modules already initialized, skipping
Refreshing native plugins compatible for Editor in 0.58 ms, found 3 plugins.
Preloading 0 native plugins for Editor in 0.00 ms.
Unloading 1652 Unused Serialized files (Serialized files now loaded: 0)
System memory in use before: 92.6 MB.
System memory in use after: 92.7 MB.

Unloading 9 unused Assets to reduce memory usage. Loaded Objects now: 2185.
Total: 2.835500 ms (FindLiveObjects: 0.150500 ms CreateObjectMapping: 0.046900 ms MarkObjects: 2.551300 ms  DeleteObjects: 0.085700 ms)

========================================================================
Received Prepare
Registering precompiled user dll's ...
Registered in 0.001633 seconds.
Begin MonoManager ReloadAssembly
Native extension for WindowsStandalone target not found
Refreshing native plugins compatible for Editor in 0.66 ms, found 3 plugins.
Preloading 0 native plugins for Editor in 0.00 ms.
Mono: successfully reloaded assembly
- Completed reload, in  0.917 seconds
Platform modules already initialized, skipping
Refreshing native plugins compatible for Editor in 0.58 ms, found 3 plugins.
Preloading 0 native plugins for Editor in 0.00 ms.
Unloading 1652 Unused Serialized files (Serialized files now loaded: 0)
System memory in use before: 92.6 MB.
System memory in use after: 92.7 MB.

Unloading 9 unused Assets to reduce memory usage. Loaded Objects now: 2188.
Total: 2.765200 ms (FindLiveObjects: 0.342700 ms CreateObjectMapping: 0.074100 ms MarkObjects: 2.279200 ms  DeleteObjects: 0.068200 ms)

========================================================================
Received Prepare
Registering precompiled user dll's ...
Registered in 0.001429 seconds.
Begin MonoManager ReloadAssembly
Native extension for WindowsStandalone target not found
Refreshing native plugins compatible for Editor in 0.74 ms, found 3 plugins.
Preloading 0 native plugins for Editor in 0.00 ms.
Mono: successfully reloaded assembly
- Completed reload, in  0.950 seconds
Platform modules already initialized, skipping
Refreshing native plugins compatible for Editor in 0.66 ms, found 3 plugins.
Preloading 0 native plugins for Editor in 0.00 ms.
Unloading 1652 Unused Serialized files (Serialized files now loaded: 0)
System memory in use before: 92.6 MB.
System memory in use after: 92.7 MB.

Unloading 9 unused Assets to reduce memory usage. Loaded Objects now: 2191.
Total: 2.825800 ms (FindLiveObjects: 0.224800 ms CreateObjectMapping: 0.075400 ms MarkObjects: 2.471800 ms  DeleteObjects: 0.052400 ms)

========================================================================
Received Prepare
Registering precompiled user dll's ...
Registered in 0.001548 seconds.
Begin MonoManager ReloadAssembly
Native extension for WindowsStandalone target not found
Refreshing native plugins compatible for Editor in 0.65 ms, found 3 plugins.
Preloading 0 native plugins for Editor in 0.00 ms.
Mono: successfully reloaded assembly
- Completed reload, in  0.871 seconds
Platform modules already initialized, skipping
Refreshing native plugins compatible for Editor in 0.58 ms, found 3 plugins.
Preloading 0 native plugins for Editor in 0.00 ms.
Unloading 1652 Unused Serialized files (Serialized files now loaded: 0)
System memory in use before: 92.6 MB.
System memory in use after: 92.7 MB.

Unloading 9 unused Assets to reduce memory usage. Loaded Objects now: 2194.
Total: 3.156000 ms (FindLiveObjects: 0.397600 ms CreateObjectMapping: 0.133300 ms MarkObjects: 2.567100 ms  DeleteObjects: 0.056900 ms)

========================================================================
Received Prepare
Refreshing native plugins compatible for Editor in 2.08 ms, found 3 plugins.
Preloading 0 native plugins for Editor in 0.00 ms.
Unloading 6 Unused Serialized files (Serialized files now loaded: 0)
System memory in use before: 60.0 MB.
System memory in use after: 60.1 MB.

Unloading 6 unused Assets to reduce memory usage. Loaded Objects now: 2194.
Total: 2.201900 ms (FindLiveObjects: 0.204300 ms CreateObjectMapping: 0.055400 ms MarkObjects: 1.822800 ms  DeleteObjects: 0.118500 ms)

========================================================================
Received Prepare
Registering precompiled user dll's ...
Registered in 0.001623 seconds.
Begin MonoManager ReloadAssembly
Native extension for WindowsStandalone target not found
Refreshing native plugins compatible for Editor in 0.58 ms, found 3 plugins.
Preloading 0 native plugins for Editor in 0.00 ms.
Mono: successfully reloaded assembly
- Completed reload, in  0.919 seconds
Platform modules already initialized, skipping
Refreshing native plugins compatible for Editor in 0.68 ms, found 3 plugins.
Preloading 0 native plugins for Editor in 0.00 ms.
Unloading 1652 Unused Serialized files (Serialized files now loaded: 0)
System memory in use before: 93.7 MB.
System memory in use after: 93.8 MB.

Unloading 9 unused Assets to reduce memory usage. Loaded Objects now: 2197.
Total: 1.934400 ms (FindLiveObjects: 0.161600 ms CreateObjectMapping: 0.055800 ms MarkObjects: 1.653800 ms  DeleteObjects: 0.061500 ms)

========================================================================
Received Prepare
Refreshing native plugins compatible for Editor in 2.29 ms, found 3 plugins.
Preloading 0 native plugins for Editor in 0.00 ms.
Unloading 6 Unused Serialized files (Serialized files now loaded: 0)
System memory in use before: 61.1 MB.
System memory in use after: 61.2 MB.

Unloading 6 unused Assets to reduce memory usage. Loaded Objects now: 2197.
Total: 2.411900 ms (FindLiveObjects: 0.295300 ms CreateObjectMapping: 0.064600 ms MarkObjects: 1.991900 ms  DeleteObjects: 0.058800 ms)

========================================================================
Received Prepare
Registering precompiled user dll's ...
Registered in 0.001530 seconds.
Begin MonoManager ReloadAssembly
Native extension for WindowsStandalone target not found
Refreshing native plugins compatible for Editor in 0.61 ms, found 3 plugins.
Preloading 0 native plugins for Editor in 0.00 ms.
Mono: successfully reloaded assembly
- Completed reload, in  0.983 seconds
Platform modules already initialized, skipping
Refreshing native plugins compatible for Editor in 0.62 ms, found 3 plugins.
Preloading 0 native plugins for Editor in 0.00 ms.
Unloading 1652 Unused Serialized files (Serialized files now loaded: 0)
System memory in use before: 93.8 MB.
System memory in use after: 93.8 MB.

Unloading 9 unused Assets to reduce memory usage. Loaded Objects now: 2200.
Total: 2.510000 ms (FindLiveObjects: 0.460800 ms CreateObjectMapping: 0.118600 ms MarkObjects: 1.850100 ms  DeleteObjects: 0.079100 ms)

========================================================================
Received Prepare
Registering precompiled user dll's ...
Registered in 0.001338 seconds.
Begin MonoManager ReloadAssembly
Native extension for WindowsStandalone target not found
Refreshing native plugins compatible for Editor in 1.29 ms, found 3 plugins.
Preloading 0 native plugins for Editor in 0.00 ms.
Mono: successfully reloaded assembly
- Completed reload, in  0.987 seconds
Platform modules already initialized, skipping
Refreshing native plugins compatible for Editor in 0.66 ms, found 3 plugins.
Preloading 0 native plugins for Editor in 0.00 ms.
Unloading 1652 Unused Serialized files (Serialized files now loaded: 0)
System memory in use before: 93.8 MB.
System memory in use after: 93.8 MB.

Unloading 9 unused Assets to reduce memory usage. Loaded Objects now: 2203.
Total: 3.298500 ms (FindLiveObjects: 0.288500 ms CreateObjectMapping: 0.110500 ms MarkObjects: 2.810300 ms  DeleteObjects: 0.087600 ms)

========================================================================
Received Prepare
Registering precompiled user dll's ...
Registered in 0.001403 seconds.
Begin MonoManager ReloadAssembly
Native extension for WindowsStandalone target not found
Refreshing native plugins compatible for Editor in 1.73 ms, found 3 plugins.
Preloading 0 native plugins for Editor in 0.00 ms.
Mono: successfully reloaded assembly
- Completed reload, in  1.150 seconds
Platform modules already initialized, skipping
Refreshing native plugins compatible for Editor in 0.67 ms, found 3 plugins.
Preloading 0 native plugins for Editor in 0.00 ms.
Unloading 1652 Unused Serialized files (Serialized files now loaded: 0)
System memory in use before: 93.8 MB.
System memory in use after: 93.9 MB.

Unloading 9 unused Assets to reduce memory usage. Loaded Objects now: 2206.
Total: 1.992000 ms (FindLiveObjects: 0.164500 ms CreateObjectMapping: 0.057700 ms MarkObjects: 1.710300 ms  DeleteObjects: 0.058500 ms)

========================================================================
Received Prepare
Registering precompiled user dll's ...
Registered in 0.002537 seconds.
Begin MonoManager ReloadAssembly
Native extension for WindowsStandalone target not found
Refreshing native plugins compatible for Editor in 0.79 ms, found 3 plugins.
Preloading 0 native plugins for Editor in 0.00 ms.
Mono: successfully reloaded assembly
- Completed reload, in  0.916 seconds
Platform modules already initialized, skipping
Refreshing native plugins compatible for Editor in 0.71 ms, found 3 plugins.
Preloading 0 native plugins for Editor in 0.00 ms.
Unloading 1652 Unused Serialized files (Serialized files now loaded: 0)
System memory in use before: 93.8 MB.
System memory in use after: 93.9 MB.

Unloading 9 unused Assets to reduce memory usage. Loaded Objects now: 2209.
Total: 1.970400 ms (FindLiveObjects: 0.164700 ms CreateObjectMapping: 0.057000 ms MarkObjects: 1.692200 ms  DeleteObjects: 0.055700 ms)

========================================================================
Received Prepare
Registering precompiled user dll's ...
Registered in 0.003215 seconds.
Begin MonoManager ReloadAssembly
Native extension for WindowsStandalone target not found
Refreshing native plugins compatible for Editor in 1.46 ms, found 3 plugins.
Preloading 0 native plugins for Editor in 0.00 ms.
Mono: successfully reloaded assembly
- Completed reload, in  0.974 seconds
Platform modules already initialized, skipping
Refreshing native plugins compatible for Editor in 0.66 ms, found 3 plugins.
Preloading 0 native plugins for Editor in 0.00 ms.
Unloading 1652 Unused Serialized files (Serialized files now loaded: 0)
System memory in use before: 93.8 MB.
System memory in use after: 93.9 MB.

Unloading 9 unused Assets to reduce memory usage. Loaded Objects now: 2212.
Total: 2.358200 ms (FindLiveObjects: 0.371600 ms CreateObjectMapping: 0.115900 ms MarkObjects: 1.798300 ms  DeleteObjects: 0.071200 ms)

========================================================================
Received Prepare
Registering precompiled user dll's ...
Registered in 0.001471 seconds.
Begin MonoManager ReloadAssembly
Native extension for WindowsStandalone target not found
Refreshing native plugins compatible for Editor in 0.70 ms, found 3 plugins.
Preloading 0 native plugins for Editor in 0.00 ms.
Mono: successfully reloaded assembly
- Completed reload, in  0.996 seconds
Platform modules already initialized, skipping
Refreshing native plugins compatible for Editor in 0.95 ms, found 3 plugins.
Preloading 0 native plugins for Editor in 0.00 ms.
Unloading 1652 Unused Serialized files (Serialized files now loaded: 0)
System memory in use before: 93.8 MB.
System memory in use after: 93.9 MB.

Unloading 9 unused Assets to reduce memory usage. Loaded Objects now: 2215.
Total: 2.402500 ms (FindLiveObjects: 0.341000 ms CreateObjectMapping: 0.065700 ms MarkObjects: 1.877900 ms  DeleteObjects: 0.103700 ms)

========================================================================
Received Prepare
Registering precompiled user dll's ...
Registered in 0.001522 seconds.
Begin MonoManager ReloadAssembly
Native extension for WindowsStandalone target not found
Refreshing native plugins compatible for Editor in 1.18 ms, found 3 plugins.
Preloading 0 native plugins for Editor in 0.00 ms.
Mono: successfully reloaded assembly
- Completed reload, in  1.029 seconds
Platform modules already initialized, skipping
Refreshing native plugins compatible for Editor in 0.67 ms, found 3 plugins.
Preloading 0 native plugins for Editor in 0.00 ms.
Unloading 1652 Unused Serialized files (Serialized files now loaded: 0)
System memory in use before: 93.8 MB.
System memory in use after: 93.9 MB.

Unloading 9 unused Assets to reduce memory usage. Loaded Objects now: 2218.
Total: 2.127600 ms (FindLiveObjects: 0.165800 ms CreateObjectMapping: 0.055900 ms MarkObjects: 1.847000 ms  DeleteObjects: 0.058000 ms)

========================================================================
Received Prepare
Registering precompiled user dll's ...
Registered in 0.001664 seconds.
Begin MonoManager ReloadAssembly
Native extension for WindowsStandalone target not found
Refreshing native plugins compatible for Editor in 0.69 ms, found 3 plugins.
Preloading 0 native plugins for Editor in 0.00 ms.
Mono: successfully reloaded assembly
- Completed reload, in  0.970 seconds
Platform modules already initialized, skipping
Refreshing native plugins compatible for Editor in 0.88 ms, found 3 plugins.
Preloading 0 native plugins for Editor in 0.00 ms.
Unloading 1652 Unused Serialized files (Serialized files now loaded: 0)
System memory in use before: 93.8 MB.
System memory in use after: 93.9 MB.

Unloading 9 unused Assets to reduce memory usage. Loaded Objects now: 2221.
Total: 2.634700 ms (FindLiveObjects: 0.336900 ms CreateObjectMapping: 0.102500 ms MarkObjects: 2.119600 ms  DeleteObjects: 0.074400 ms)

========================================================================
Received Prepare
Refreshing native plugins compatible for Editor in 2.04 ms, found 3 plugins.
Preloading 0 native plugins for Editor in 0.00 ms.
Unloading 6 Unused Serialized files (Serialized files now loaded: 0)
System memory in use before: 61.1 MB.
System memory in use after: 61.2 MB.

Unloading 6 unused Assets to reduce memory usage. Loaded Objects now: 2221.
Total: 4.176900 ms (FindLiveObjects: 0.478700 ms CreateObjectMapping: 0.141900 ms MarkObjects: 3.482200 ms  DeleteObjects: 0.070900 ms)

========================================================================
Received Prepare
Refreshing native plugins compatible for Editor in 2.06 ms, found 3 plugins.
Preloading 0 native plugins for Editor in 0.00 ms.
Unloading 6 Unused Serialized files (Serialized files now loaded: 0)
System memory in use before: 61.1 MB.
System memory in use after: 61.2 MB.

Unloading 6 unused Assets to reduce memory usage. Loaded Objects now: 2221.
Total: 3.471800 ms (FindLiveObjects: 0.506700 ms CreateObjectMapping: 0.138700 ms MarkObjects: 2.767700 ms  DeleteObjects: 0.057200 ms)

========================================================================
Received Prepare
Registering precompiled user dll's ...
Registered in 0.001607 seconds.
Begin MonoManager ReloadAssembly
Native extension for WindowsStandalone target not found
Refreshing native plugins compatible for Editor in 0.64 ms, found 3 plugins.
Preloading 0 native plugins for Editor in 0.00 ms.
Mono: successfully reloaded assembly
- Completed reload, in  1.073 seconds
Platform modules already initialized, skipping
Refreshing native plugins compatible for Editor in 1.08 ms, found 3 plugins.
Preloading 0 native plugins for Editor in 0.00 ms.
Unloading 1652 Unused Serialized files (Serialized files now loaded: 0)
System memory in use before: 93.8 MB.
System memory in use after: 93.9 MB.

Unloading 9 unused Assets to reduce memory usage. Loaded Objects now: 2224.
Total: 5.714600 ms (FindLiveObjects: 0.789200 ms CreateObjectMapping: 0.153000 ms MarkObjects: 4.700600 ms  DeleteObjects: 0.069700 ms)

========================================================================
Received Prepare
Registering precompiled user dll's ...
Registered in 0.001445 seconds.
Begin MonoManager ReloadAssembly
Native extension for WindowsStandalone target not found
Refreshing native plugins compatible for Editor in 0.72 ms, found 3 plugins.
Preloading 0 native plugins for Editor in 0.00 ms.
Mono: successfully reloaded assembly
- Completed reload, in  1.049 seconds
Platform modules already initialized, skipping
Refreshing native plugins compatible for Editor in 1.02 ms, found 3 plugins.
Preloading 0 native plugins for Editor in 0.00 ms.
Unloading 1652 Unused Serialized files (Serialized files now loaded: 0)
System memory in use before: 93.8 MB.
System memory in use after: 93.9 MB.

Unloading 9 unused Assets to reduce memory usage. Loaded Objects now: 2227.
Total: 3.181600 ms (FindLiveObjects: 0.545200 ms CreateObjectMapping: 0.181300 ms MarkObjects: 2.389500 ms  DeleteObjects: 0.063800 ms)

========================================================================
Received Prepare
Registering precompiled user dll's ...
Registered in 0.001401 seconds.
Begin MonoManager ReloadAssembly
Native extension for WindowsStandalone target not found
Refreshing native plugins compatible for Editor in 0.65 ms, found 3 plugins.
Preloading 0 native plugins for Editor in 0.00 ms.
Mono: successfully reloaded assembly
- Completed reload, in  0.964 seconds
Platform modules already initialized, skipping
Refreshing native plugins compatible for Editor in 0.59 ms, found 3 plugins.
Preloading 0 native plugins for Editor in 0.00 ms.
Unloading 1652 Unused Serialized files (Serialized files now loaded: 0)
System memory in use before: 93.8 MB.
System memory in use after: 93.9 MB.

Unloading 9 unused Assets to reduce memory usage. Loaded Objects now: 2230.
Total: 2.322600 ms (FindLiveObjects: 0.295300 ms CreateObjectMapping: 0.119800 ms MarkObjects: 1.834500 ms  DeleteObjects: 0.072400 ms)

========================================================================
Received Prepare
Registering precompiled user dll's ...
Registered in 0.001402 seconds.
Begin MonoManager ReloadAssembly
Native extension for WindowsStandalone target not found
Refreshing native plugins compatible for Editor in 0.59 ms, found 3 plugins.
Preloading 0 native plugins for Editor in 0.00 ms.
Mono: successfully reloaded assembly
- Completed reload, in  0.926 seconds
Platform modules already initialized, skipping
Refreshing native plugins compatible for Editor in 0.68 ms, found 3 plugins.
Preloading 0 native plugins for Editor in 0.00 ms.
Unloading 1652 Unused Serialized files (Serialized files now loaded: 0)
System memory in use before: 93.8 MB.
System memory in use after: 93.9 MB.

Unloading 9 unused Assets to reduce memory usage. Loaded Objects now: 2233.
Total: 2.494800 ms (FindLiveObjects: 0.326100 ms CreateObjectMapping: 0.128900 ms MarkObjects: 1.980000 ms  DeleteObjects: 0.058600 ms)

========================================================================
Received Prepare
Registering precompiled user dll's ...
Registered in 0.002194 seconds.
Begin MonoManager ReloadAssembly
Native extension for WindowsStandalone target not found
Refreshing native plugins compatible for Editor in 0.65 ms, found 3 plugins.
Preloading 0 native plugins for Editor in 0.00 ms.
Mono: successfully reloaded assembly
- Completed reload, in  1.130 seconds
Platform modules already initialized, skipping
Refreshing native plugins compatible for Editor in 1.12 ms, found 3 plugins.
Preloading 0 native plugins for Editor in 0.00 ms.
Unloading 1652 Unused Serialized files (Serialized files now loaded: 0)
System memory in use before: 93.8 MB.
System memory in use after: 93.9 MB.

Unloading 9 unused Assets to reduce memory usage. Loaded Objects now: 2236.
Total: 8.078800 ms (FindLiveObjects: 0.627200 ms CreateObjectMapping: 0.229100 ms MarkObjects: 7.153400 ms  DeleteObjects: 0.067600 ms)

========================================================================
Received Prepare
Registering precompiled user dll's ...
Registered in 0.001412 seconds.
Begin MonoManager ReloadAssembly
Native extension for WindowsStandalone target not found
Refreshing native plugins compatible for Editor in 0.66 ms, found 3 plugins.
Preloading 0 native plugins for Editor in 0.00 ms.
Mono: successfully reloaded assembly
- Completed reload, in  1.027 seconds
Platform modules already initialized, skipping
Refreshing native plugins compatible for Editor in 0.67 ms, found 3 plugins.
Preloading 0 native plugins for Editor in 0.00 ms.
Unloading 1652 Unused Serialized files (Serialized files now loaded: 0)
System memory in use before: 93.9 MB.
System memory in use after: 93.9 MB.

Unloading 9 unused Assets to reduce memory usage. Loaded Objects now: 2239.
Total: 2.347100 ms (FindLiveObjects: 0.183500 ms CreateObjectMapping: 0.056900 ms MarkObjects: 2.042800 ms  DeleteObjects: 0.062700 ms)

========================================================================
Received Prepare
Registering precompiled user dll's ...
Registered in 0.001644 seconds.
Begin MonoManager ReloadAssembly
Native extension for WindowsStandalone target not found
Refreshing native plugins compatible for Editor in 0.69 ms, found 3 plugins.
Preloading 0 native plugins for Editor in 0.00 ms.
Mono: successfully reloaded assembly
- Completed reload, in  0.897 seconds
Platform modules already initialized, skipping
Refreshing native plugins compatible for Editor in 0.75 ms, found 3 plugins.
Preloading 0 native plugins for Editor in 0.00 ms.
Unloading 1652 Unused Serialized files (Serialized files now loaded: 0)
System memory in use before: 93.9 MB.
System memory in use after: 93.9 MB.

Unloading 9 unused Assets to reduce memory usage. Loaded Objects now: 2242.
Total: 2.683300 ms (FindLiveObjects: 0.401400 ms CreateObjectMapping: 0.107800 ms MarkObjects: 2.118100 ms  DeleteObjects: 0.055200 ms)

========================================================================
Received Prepare
Registering precompiled user dll's ...
Registered in 0.001893 seconds.
Begin MonoManager ReloadAssembly
Native extension for WindowsStandalone target not found
Refreshing native plugins compatible for Editor in 0.69 ms, found 3 plugins.
Preloading 0 native plugins for Editor in 0.00 ms.
Mono: successfully reloaded assembly
- Completed reload, in  0.954 seconds
Platform modules already initialized, skipping
Refreshing native plugins compatible for Editor in 0.67 ms, found 3 plugins.
Preloading 0 native plugins for Editor in 0.00 ms.
Unloading 1652 Unused Serialized files (Serialized files now loaded: 0)
System memory in use before: 93.9 MB.
System memory in use after: 94.0 MB.

Unloading 9 unused Assets to reduce memory usage. Loaded Objects now: 2245.
Total: 2.262100 ms (FindLiveObjects: 0.352800 ms CreateObjectMapping: 0.078600 ms MarkObjects: 1.767500 ms  DeleteObjects: 0.061800 ms)

========================================================================
Received Prepare
Registering precompiled user dll's ...
Registered in 0.001545 seconds.
Begin MonoManager ReloadAssembly
Native extension for WindowsStandalone target not found
Refreshing native plugins compatible for Editor in 0.98 ms, found 3 plugins.
Preloading 0 native plugins for Editor in 0.00 ms.
Mono: successfully reloaded assembly
- Completed reload, in  0.938 seconds
Platform modules already initialized, skipping
Refreshing native plugins compatible for Editor in 0.84 ms, found 3 plugins.
Preloading 0 native plugins for Editor in 0.00 ms.
Unloading 1652 Unused Serialized files (Serialized files now loaded: 0)
System memory in use before: 93.9 MB.
System memory in use after: 94.0 MB.

Unloading 9 unused Assets to reduce memory usage. Loaded Objects now: 2248.
Total: 2.537300 ms (FindLiveObjects: 0.311800 ms CreateObjectMapping: 0.107400 ms MarkObjects: 2.046000 ms  DeleteObjects: 0.071400 ms)

========================================================================
Received Prepare
Registering precompiled user dll's ...
Registered in 0.001825 seconds.
Begin MonoManager ReloadAssembly
Native extension for WindowsStandalone target not found
Refreshing native plugins compatible for Editor in 0.71 ms, found 3 plugins.
Preloading 0 native plugins for Editor in 0.00 ms.
Mono: successfully reloaded assembly
- Completed reload, in  0.882 seconds
Platform modules already initialized, skipping
Refreshing native plugins compatible for Editor in 0.75 ms, found 3 plugins.
Preloading 0 native plugins for Editor in 0.00 ms.
Unloading 1652 Unused Serialized files (Serialized files now loaded: 0)
System memory in use before: 93.9 MB.
System memory in use after: 94.0 MB.

Unloading 9 unused Assets to reduce memory usage. Loaded Objects now: 2251.
Total: 2.645000 ms (FindLiveObjects: 0.304100 ms CreateObjectMapping: 0.093500 ms MarkObjects: 2.122800 ms  DeleteObjects: 0.123500 ms)

========================================================================
Received Prepare
Registering precompiled user dll's ...
Registered in 0.001405 seconds.
Begin MonoManager ReloadAssembly
Native extension for WindowsStandalone target not found
Refreshing native plugins compatible for Editor in 0.72 ms, found 3 plugins.
Preloading 0 native plugins for Editor in 0.00 ms.
Mono: successfully reloaded assembly
- Completed reload, in  0.937 seconds
Platform modules already initialized, skipping
Refreshing native plugins compatible for Editor in 0.77 ms, found 3 plugins.
Preloading 0 native plugins for Editor in 0.00 ms.
Unloading 1652 Unused Serialized files (Serialized files now loaded: 0)
System memory in use before: 93.9 MB.
System memory in use after: 94.0 MB.

Unloading 9 unused Assets to reduce memory usage. Loaded Objects now: 2254.
Total: 2.627200 ms (FindLiveObjects: 0.302600 ms CreateObjectMapping: 0.108500 ms MarkObjects: 2.105300 ms  DeleteObjects: 0.109300 ms)

========================================================================
Received Prepare
Registering precompiled user dll's ...
Registered in 0.001719 seconds.
Begin MonoManager ReloadAssembly
Native extension for WindowsStandalone target not found
Refreshing native plugins compatible for Editor in 0.66 ms, found 3 plugins.
Preloading 0 native plugins for Editor in 0.00 ms.
Mono: successfully reloaded assembly
- Completed reload, in  1.029 seconds
Platform modules already initialized, skipping
Refreshing native plugins compatible for Editor in 0.68 ms, found 3 plugins.
Preloading 0 native plugins for Editor in 0.00 ms.
Unloading 1652 Unused Serialized files (Serialized files now loaded: 0)
System memory in use before: 93.9 MB.
System memory in use after: 94.0 MB.

Unloading 9 unused Assets to reduce memory usage. Loaded Objects now: 2257.
Total: 2.204900 ms (FindLiveObjects: 0.309900 ms CreateObjectMapping: 0.106200 ms MarkObjects: 1.728100 ms  DeleteObjects: 0.059200 ms)

========================================================================
Received Prepare
Registering precompiled user dll's ...
Registered in 0.001421 seconds.
Begin MonoManager ReloadAssembly
Native extension for WindowsStandalone target not found
Refreshing native plugins compatible for Editor in 0.89 ms, found 3 plugins.
Preloading 0 native plugins for Editor in 0.00 ms.
Mono: successfully reloaded assembly
- Completed reload, in  0.964 seconds
Platform modules already initialized, skipping
Refreshing native plugins compatible for Editor in 0.72 ms, found 3 plugins.
Preloading 0 native plugins for Editor in 0.00 ms.
Unloading 1652 Unused Serialized files (Serialized files now loaded: 0)
System memory in use before: 93.9 MB.
System memory in use after: 94.0 MB.

Unloading 9 unused Assets to reduce memory usage. Loaded Objects now: 2260.
Total: 6.744700 ms (FindLiveObjects: 0.661000 ms CreateObjectMapping: 0.178600 ms MarkObjects: 5.490600 ms  DeleteObjects: 0.110000 ms)

========================================================================
Received Prepare
Registering precompiled user dll's ...
Registered in 0.001859 seconds.
Begin MonoManager ReloadAssembly
Native extension for WindowsStandalone target not found
Refreshing native plugins compatible for Editor in 0.65 ms, found 3 plugins.
Preloading 0 native plugins for Editor in 0.00 ms.
Mono: successfully reloaded assembly
- Completed reload, in  0.979 seconds
Platform modules already initialized, skipping
Refreshing native plugins compatible for Editor in 0.72 ms, found 3 plugins.
Preloading 0 native plugins for Editor in 0.00 ms.
Unloading 1652 Unused Serialized files (Serialized files now loaded: 0)
System memory in use before: 93.9 MB.
System memory in use after: 94.0 MB.

Unloading 9 unused Assets to reduce memory usage. Loaded Objects now: 2263.
Total: 2.985200 ms (FindLiveObjects: 0.304900 ms CreateObjectMapping: 0.121600 ms MarkObjects: 2.488000 ms  DeleteObjects: 0.069900 ms)

========================================================================
Received Prepare
Registering precompiled user dll's ...
Registered in 0.001502 seconds.
Begin MonoManager ReloadAssembly
Native extension for WindowsStandalone target not found
Refreshing native plugins compatible for Editor in 0.81 ms, found 3 plugins.
Preloading 0 native plugins for Editor in 0.00 ms.
Mono: successfully reloaded assembly
- Completed reload, in  0.945 seconds
Platform modules already initialized, skipping
Refreshing native plugins compatible for Editor in 0.78 ms, found 3 plugins.
Preloading 0 native plugins for Editor in 0.00 ms.
Unloading 1652 Unused Serialized files (Serialized files now loaded: 0)
System memory in use before: 93.9 MB.
System memory in use after: 94.0 MB.

Unloading 9 unused Assets to reduce memory usage. Loaded Objects now: 2266.
Total: 2.484500 ms (FindLiveObjects: 0.272800 ms CreateObjectMapping: 0.107600 ms MarkObjects: 2.042700 ms  DeleteObjects: 0.060200 ms)

========================================================================
Received Prepare
Registering precompiled user dll's ...
Registered in 0.001400 seconds.
Begin MonoManager ReloadAssembly
Native extension for WindowsStandalone target not found
Refreshing native plugins compatible for Editor in 0.66 ms, found 3 plugins.
Preloading 0 native plugins for Editor in 0.00 ms.
Mono: successfully reloaded assembly
- Completed reload, in  1.041 seconds
Platform modules already initialized, skipping
Refreshing native plugins compatible for Editor in 0.68 ms, found 3 plugins.
Preloading 0 native plugins for Editor in 0.00 ms.
Unloading 1652 Unused Serialized files (Serialized files now loaded: 0)
System memory in use before: 94.0 MB.
System memory in use after: 94.0 MB.

Unloading 9 unused Assets to reduce memory usage. Loaded Objects now: 2269.
Total: 4.077000 ms (FindLiveObjects: 0.218600 ms CreateObjectMapping: 0.090500 ms MarkObjects: 3.686900 ms  DeleteObjects: 0.079500 ms)

========================================================================
Received Prepare
Registering precompiled user dll's ...
Registered in 0.001457 seconds.
Begin MonoManager ReloadAssembly
Native extension for WindowsStandalone target not found
Refreshing native plugins compatible for Editor in 0.66 ms, found 3 plugins.
Preloading 0 native plugins for Editor in 0.00 ms.
Mono: successfully reloaded assembly
- Completed reload, in  0.935 seconds
Platform modules already initialized, skipping
Refreshing native plugins compatible for Editor in 0.68 ms, found 3 plugins.
Preloading 0 native plugins for Editor in 0.00 ms.
Unloading 1652 Unused Serialized files (Serialized files now loaded: 0)
System memory in use before: 94.0 MB.
System memory in use after: 94.0 MB.

Unloading 9 unused Assets to reduce memory usage. Loaded Objects now: 2272.
Total: 2.381400 ms (FindLiveObjects: 0.311500 ms CreateObjectMapping: 0.105100 ms MarkObjects: 1.909500 ms  DeleteObjects: 0.054600 ms)

========================================================================
Received Prepare
Registering precompiled user dll's ...
Registered in 0.001390 seconds.
Begin MonoManager ReloadAssembly
Native extension for WindowsStandalone target not found
Refreshing native plugins compatible for Editor in 0.65 ms, found 3 plugins.
Preloading 0 native plugins for Editor in 0.00 ms.
Mono: successfully reloaded assembly
- Completed reload, in  1.047 seconds
Platform modules already initialized, skipping
Refreshing native plugins compatible for Editor in 0.68 ms, found 3 plugins.
Preloading 0 native plugins for Editor in 0.00 ms.
Unloading 1652 Unused Serialized files (Serialized files now loaded: 0)
System memory in use before: 94.0 MB.
System memory in use after: 94.0 MB.

Unloading 9 unused Assets to reduce memory usage. Loaded Objects now: 2275.
Total: 2.364600 ms (FindLiveObjects: 0.331700 ms CreateObjectMapping: 0.126400 ms MarkObjects: 1.847100 ms  DeleteObjects: 0.058400 ms)

========================================================================
Received Prepare
Registering precompiled user dll's ...
Registered in 0.001419 seconds.
Begin MonoManager ReloadAssembly
Native extension for WindowsStandalone target not found
Refreshing native plugins compatible for Editor in 0.93 ms, found 3 plugins.
Preloading 0 native plugins for Editor in 0.00 ms.
Mono: successfully reloaded assembly
- Completed reload, in  0.949 seconds
Platform modules already initialized, skipping
Refreshing native plugins compatible for Editor in 0.66 ms, found 3 plugins.
Preloading 0 native plugins for Editor in 0.00 ms.
Unloading 1652 Unused Serialized files (Serialized files now loaded: 0)
System memory in use before: 94.0 MB.
System memory in use after: 94.1 MB.

Unloading 9 unused Assets to reduce memory usage. Loaded Objects now: 2278.
Total: 3.092600 ms (FindLiveObjects: 0.310000 ms CreateObjectMapping: 0.126000 ms MarkObjects: 2.584400 ms  DeleteObjects: 0.070500 ms)

========================================================================
Received Prepare
Registering precompiled user dll's ...
Registered in 0.001477 seconds.
Begin MonoManager ReloadAssembly
Native extension for WindowsStandalone target not found
Refreshing native plugins compatible for Editor in 0.77 ms, found 3 plugins.
Preloading 0 native plugins for Editor in 0.00 ms.
Mono: successfully reloaded assembly
- Completed reload, in  1.019 seconds
Platform modules already initialized, skipping
Refreshing native plugins compatible for Editor in 0.69 ms, found 3 plugins.
Preloading 0 native plugins for Editor in 0.00 ms.
Unloading 1652 Unused Serialized files (Serialized files now loaded: 0)
System memory in use before: 94.0 MB.
System memory in use after: 94.1 MB.

Unloading 9 unused Assets to reduce memory usage. Loaded Objects now: 2281.
Total: 3.228900 ms (FindLiveObjects: 0.336700 ms CreateObjectMapping: 0.148300 ms MarkObjects: 2.679300 ms  DeleteObjects: 0.062900 ms)

========================================================================
Received Prepare
Registering precompiled user dll's ...
Registered in 0.001404 seconds.
Begin MonoManager ReloadAssembly
Native extension for WindowsStandalone target not found
Refreshing native plugins compatible for Editor in 0.98 ms, found 3 plugins.
Preloading 0 native plugins for Editor in 0.00 ms.
Mono: successfully reloaded assembly
- Completed reload, in  0.930 seconds
Platform modules already initialized, skipping
Refreshing native plugins compatible for Editor in 0.62 ms, found 3 plugins.
Preloading 0 native plugins for Editor in 0.00 ms.
Unloading 1652 Unused Serialized files (Serialized files now loaded: 0)
System memory in use before: 94.0 MB.
System memory in use after: 94.1 MB.

Unloading 9 unused Assets to reduce memory usage. Loaded Objects now: 2284.
Total: 2.739300 ms (FindLiveObjects: 0.303700 ms CreateObjectMapping: 0.089000 ms MarkObjects: 2.284800 ms  DeleteObjects: 0.060700 ms)

========================================================================
Received Prepare
Registering precompiled user dll's ...
Registered in 0.001396 seconds.
Begin MonoManager ReloadAssembly
Native extension for WindowsStandalone target not found
Refreshing native plugins compatible for Editor in 0.61 ms, found 3 plugins.
Preloading 0 native plugins for Editor in 0.00 ms.
Mono: successfully reloaded assembly
- Completed reload, in  0.916 seconds
Platform modules already initialized, skipping
Refreshing native plugins compatible for Editor in 0.59 ms, found 3 plugins.
Preloading 0 native plugins for Editor in 0.00 ms.
Unloading 1652 Unused Serialized files (Serialized files now loaded: 0)
System memory in use before: 94.0 MB.
System memory in use after: 94.1 MB.

Unloading 9 unused Assets to reduce memory usage. Loaded Objects now: 2287.
Total: 2.931500 ms (FindLiveObjects: 0.464300 ms CreateObjectMapping: 0.118700 ms MarkObjects: 2.275900 ms  DeleteObjects: 0.071800 ms)

========================================================================
Received Prepare
Registering precompiled user dll's ...
Registered in 0.002174 seconds.
Begin MonoManager ReloadAssembly
Native extension for WindowsStandalone target not found
Refreshing native plugins compatible for Editor in 0.83 ms, found 3 plugins.
Preloading 0 native plugins for Editor in 0.00 ms.
Mono: successfully reloaded assembly
- Completed reload, in  1.020 seconds
Platform modules already initialized, skipping
Refreshing native plugins compatible for Editor in 0.66 ms, found 3 plugins.
Preloading 0 native plugins for Editor in 0.00 ms.
Unloading 1652 Unused Serialized files (Serialized files now loaded: 0)
System memory in use before: 94.1 MB.
System memory in use after: 94.2 MB.

Unloading 9 unused Assets to reduce memory usage. Loaded Objects now: 2290.
Total: 2.347000 ms (FindLiveObjects: 0.348000 ms CreateObjectMapping: 0.094800 ms MarkObjects: 1.843200 ms  DeleteObjects: 0.060100 ms)

========================================================================
Received Prepare
Registering precompiled user dll's ...
Registered in 0.001358 seconds.
Begin MonoManager ReloadAssembly
Native extension for WindowsStandalone target not found
Refreshing native plugins compatible for Editor in 0.73 ms, found 3 plugins.
Preloading 0 native plugins for Editor in 0.00 ms.
Mono: successfully reloaded assembly
- Completed reload, in  1.156 seconds
Platform modules already initialized, skipping
Refreshing native plugins compatible for Editor in 1.05 ms, found 3 plugins.
Preloading 0 native plugins for Editor in 0.00 ms.
Unloading 1652 Unused Serialized files (Serialized files now loaded: 0)
System memory in use before: 94.1 MB.
System memory in use after: 94.2 MB.

Unloading 9 unused Assets to reduce memory usage. Loaded Objects now: 2293.
Total: 2.047500 ms (FindLiveObjects: 0.176700 ms CreateObjectMapping: 0.059300 ms MarkObjects: 1.743300 ms  DeleteObjects: 0.067300 ms)

========================================================================
Received Prepare
Registering precompiled user dll's ...
Registered in 0.001502 seconds.
Begin MonoManager ReloadAssembly
Native extension for WindowsStandalone target not found
Refreshing native plugins compatible for Editor in 0.65 ms, found 3 plugins.
Preloading 0 native plugins for Editor in 0.00 ms.
Mono: successfully reloaded assembly
- Completed reload, in  0.940 seconds
Platform modules already initialized, skipping
Refreshing native plugins compatible for Editor in 0.71 ms, found 3 plugins.
Preloading 0 native plugins for Editor in 0.00 ms.
Unloading 1652 Unused Serialized files (Serialized files now loaded: 0)
System memory in use before: 94.1 MB.
System memory in use after: 94.2 MB.

Unloading 9 unused Assets to reduce memory usage. Loaded Objects now: 2296.
Total: 2.541000 ms (FindLiveObjects: 0.391800 ms CreateObjectMapping: 0.094200 ms MarkObjects: 1.995400 ms  DeleteObjects: 0.058000 ms)

========================================================================
Received Prepare
Registering precompiled user dll's ...
Registered in 0.001381 seconds.
Begin MonoManager ReloadAssembly
Native extension for WindowsStandalone target not found
Refreshing native plugins compatible for Editor in 1.10 ms, found 3 plugins.
Preloading 0 native plugins for Editor in 0.00 ms.
Mono: successfully reloaded assembly
- Completed reload, in  1.097 seconds
Platform modules already initialized, skipping
Refreshing native plugins compatible for Editor in 0.67 ms, found 3 plugins.
Preloading 0 native plugins for Editor in 0.00 ms.
Unloading 1652 Unused Serialized files (Serialized files now loaded: 0)
System memory in use before: 94.1 MB.
System memory in use after: 94.2 MB.

Unloading 9 unused Assets to reduce memory usage. Loaded Objects now: 2299.
Total: 2.556000 ms (FindLiveObjects: 0.603600 ms CreateObjectMapping: 0.091200 ms MarkObjects: 1.801500 ms  DeleteObjects: 0.058600 ms)

========================================================================
Received Prepare
Registering precompiled user dll's ...
Registered in 0.001431 seconds.
Begin MonoManager ReloadAssembly
Native extension for WindowsStandalone target not found
Refreshing native plugins compatible for Editor in 0.70 ms, found 3 plugins.
Preloading 0 native plugins for Editor in 0.00 ms.
Mono: successfully reloaded assembly
- Completed reload, in  0.953 seconds
Platform modules already initialized, skipping
Refreshing native plugins compatible for Editor in 0.68 ms, found 3 plugins.
Preloading 0 native plugins for Editor in 0.00 ms.
Unloading 1652 Unused Serialized files (Serialized files now loaded: 0)
System memory in use before: 94.1 MB.
System memory in use after: 94.2 MB.

Unloading 9 unused Assets to reduce memory usage. Loaded Objects now: 2302.
Total: 2.842700 ms (FindLiveObjects: 0.342200 ms CreateObjectMapping: 0.127200 ms MarkObjects: 2.314200 ms  DeleteObjects: 0.058000 ms)

========================================================================
Received Prepare
Registering precompiled user dll's ...
Registered in 0.001473 seconds.
Begin MonoManager ReloadAssembly
Native extension for WindowsStandalone target not found
Refreshing native plugins compatible for Editor in 0.64 ms, found 3 plugins.
Preloading 0 native plugins for Editor in 0.00 ms.
Mono: successfully reloaded assembly
- Completed reload, in  1.069 seconds
Platform modules already initialized, skipping
Refreshing native plugins compatible for Editor in 0.71 ms, found 3 plugins.
Preloading 0 native plugins for Editor in 0.00 ms.
Unloading 1652 Unused Serialized files (Serialized files now loaded: 0)
System memory in use before: 94.1 MB.
System memory in use after: 94.2 MB.

Unloading 9 unused Assets to reduce memory usage. Loaded Objects now: 2305.
Total: 2.075000 ms (FindLiveObjects: 0.184800 ms CreateObjectMapping: 0.060800 ms MarkObjects: 1.763300 ms  DeleteObjects: 0.064600 ms)

========================================================================
Received Prepare
Registering precompiled user dll's ...
Registered in 0.001529 seconds.
Begin MonoManager ReloadAssembly
Native extension for WindowsStandalone target not found
Refreshing native plugins compatible for Editor in 0.76 ms, found 3 plugins.
Preloading 0 native plugins for Editor in 0.00 ms.
Mono: successfully reloaded assembly
- Completed reload, in  0.954 seconds
Platform modules already initialized, skipping
Refreshing native plugins compatible for Editor in 0.67 ms, found 3 plugins.
Preloading 0 native plugins for Editor in 0.00 ms.
Unloading 1652 Unused Serialized files (Serialized files now loaded: 0)
System memory in use before: 94.1 MB.
System memory in use after: 94.2 MB.

Unloading 9 unused Assets to reduce memory usage. Loaded Objects now: 2308.
Total: 2.683200 ms (FindLiveObjects: 0.188000 ms CreateObjectMapping: 0.063600 ms MarkObjects: 2.372700 ms  DeleteObjects: 0.058000 ms)

========================================================================
Received Prepare
Registering precompiled user dll's ...
Registered in 0.001564 seconds.
Begin MonoManager ReloadAssembly
Native extension for WindowsStandalone target not found
Refreshing native plugins compatible for Editor in 0.69 ms, found 3 plugins.
Preloading 0 native plugins for Editor in 0.00 ms.
Mono: successfully reloaded assembly
- Completed reload, in  0.931 seconds
Platform modules already initialized, skipping
Refreshing native plugins compatible for Editor in 0.90 ms, found 3 plugins.
Preloading 0 native plugins for Editor in 0.00 ms.
Unloading 1652 Unused Serialized files (Serialized files now loaded: 0)
System memory in use before: 94.2 MB.
System memory in use after: 94.2 MB.

Unloading 9 unused Assets to reduce memory usage. Loaded Objects now: 2311.
Total: 2.371000 ms (FindLiveObjects: 0.178500 ms CreateObjectMapping: 0.076700 ms MarkObjects: 2.055700 ms  DeleteObjects: 0.059300 ms)

========================================================================
Received Prepare
Registering precompiled user dll's ...
Registered in 0.001588 seconds.
Begin MonoManager ReloadAssembly
Native extension for WindowsStandalone target not found
Refreshing native plugins compatible for Editor in 0.74 ms, found 3 plugins.
Preloading 0 native plugins for Editor in 0.00 ms.
Mono: successfully reloaded assembly
- Completed reload, in  0.931 seconds
Platform modules already initialized, skipping
Refreshing native plugins compatible for Editor in 0.61 ms, found 3 plugins.
Preloading 0 native plugins for Editor in 0.00 ms.
Unloading 1652 Unused Serialized files (Serialized files now loaded: 0)
System memory in use before: 94.2 MB.
System memory in use after: 94.2 MB.

Unloading 9 unused Assets to reduce memory usage. Loaded Objects now: 2314.
Total: 2.708600 ms (FindLiveObjects: 0.188400 ms CreateObjectMapping: 0.090500 ms MarkObjects: 2.356600 ms  DeleteObjects: 0.072200 ms)

========================================================================
Received Prepare
Registering precompiled user dll's ...
Registered in 0.001418 seconds.
Begin MonoManager ReloadAssembly
Native extension for WindowsStandalone target not found
Refreshing native plugins compatible for Editor in 0.61 ms, found 3 plugins.
Preloading 0 native plugins for Editor in 0.00 ms.
Mono: successfully reloaded assembly
- Completed reload, in  0.978 seconds
Platform modules already initialized, skipping
Refreshing native plugins compatible for Editor in 0.75 ms, found 3 plugins.
Preloading 0 native plugins for Editor in 0.00 ms.
Unloading 1652 Unused Serialized files (Serialized files now loaded: 0)
System memory in use before: 94.2 MB.
System memory in use after: 94.3 MB.

Unloading 9 unused Assets to reduce memory usage. Loaded Objects now: 2317.
Total: 2.466500 ms (FindLiveObjects: 0.324500 ms CreateObjectMapping: 0.094600 ms MarkObjects: 1.989900 ms  DeleteObjects: 0.056700 ms)

========================================================================
Received Prepare
Registering precompiled user dll's ...
Registered in 0.001478 seconds.
Begin MonoManager ReloadAssembly
Native extension for WindowsStandalone target not found
Refreshing native plugins compatible for Editor in 0.77 ms, found 3 plugins.
Preloading 0 native plugins for Editor in 0.00 ms.
Mono: successfully reloaded assembly
- Completed reload, in  0.970 seconds
Platform modules already initialized, skipping
Refreshing native plugins compatible for Editor in 0.88 ms, found 3 plugins.
Preloading 0 native plugins for Editor in 0.00 ms.
Unloading 1652 Unused Serialized files (Serialized files now loaded: 0)
System memory in use before: 94.2 MB.
System memory in use after: 94.3 MB.

Unloading 9 unused Assets to reduce memory usage. Loaded Objects now: 2320.
Total: 2.506000 ms (FindLiveObjects: 0.329000 ms CreateObjectMapping: 0.114800 ms MarkObjects: 2.002300 ms  DeleteObjects: 0.058900 ms)

========================================================================
Received Prepare
Registering precompiled user dll's ...
Registered in 0.002315 seconds.
Begin MonoManager ReloadAssembly
Native extension for WindowsStandalone target not found
Refreshing native plugins compatible for Editor in 0.68 ms, found 3 plugins.
Preloading 0 native plugins for Editor in 0.00 ms.
Mono: successfully reloaded assembly
- Completed reload, in  0.979 seconds
Platform modules already initialized, skipping
Refreshing native plugins compatible for Editor in 1.11 ms, found 3 plugins.
Preloading 0 native plugins for Editor in 0.00 ms.
Unloading 1652 Unused Serialized files (Serialized files now loaded: 0)
System memory in use before: 94.2 MB.
System memory in use after: 94.3 MB.

Unloading 9 unused Assets to reduce memory usage. Loaded Objects now: 2323.
Total: 3.770700 ms (FindLiveObjects: 0.322200 ms CreateObjectMapping: 0.162800 ms MarkObjects: 3.144900 ms  DeleteObjects: 0.138400 ms)

========================================================================
Received Prepare
Registering precompiled user dll's ...
Registered in 0.002004 seconds.
Begin MonoManager ReloadAssembly
Native extension for WindowsStandalone target not found
Refreshing native plugins compatible for Editor in 0.69 ms, found 3 plugins.
Preloading 0 native plugins for Editor in 0.00 ms.
Mono: successfully reloaded assembly
- Completed reload, in  1.057 seconds
Platform modules already initialized, skipping
Refreshing native plugins compatible for Editor in 0.67 ms, found 3 plugins.
Preloading 0 native plugins for Editor in 0.00 ms.
Unloading 1652 Unused Serialized files (Serialized files now loaded: 0)
System memory in use before: 94.2 MB.
System memory in use after: 94.3 MB.

Unloading 9 unused Assets to reduce memory usage. Loaded Objects now: 2326.
Total: 2.327600 ms (FindLiveObjects: 0.177300 ms CreateObjectMapping: 0.058300 ms MarkObjects: 2.030400 ms  DeleteObjects: 0.060800 ms)

========================================================================
Received Prepare
Registering precompiled user dll's ...
Registered in 0.001721 seconds.
Begin MonoManager ReloadAssembly
Native extension for WindowsStandalone target not found
Refreshing native plugins compatible for Editor in 0.70 ms, found 3 plugins.
Preloading 0 native plugins for Editor in 0.00 ms.
Mono: successfully reloaded assembly
- Completed reload, in  0.941 seconds
Platform modules already initialized, skipping
Refreshing native plugins compatible for Editor in 0.97 ms, found 3 plugins.
Preloading 0 native plugins for Editor in 0.00 ms.
Unloading 1652 Unused Serialized files (Serialized files now loaded: 0)
System memory in use before: 94.2 MB.
System memory in use after: 94.3 MB.

Unloading 9 unused Assets to reduce memory usage. Loaded Objects now: 2329.
Total: 2.705500 ms (FindLiveObjects: 0.370700 ms CreateObjectMapping: 0.092600 ms MarkObjects: 2.182600 ms  DeleteObjects: 0.058400 ms)

========================================================================
Received Prepare
Registering precompiled user dll's ...
Registered in 0.001381 seconds.
Begin MonoManager ReloadAssembly
Native extension for WindowsStandalone target not found
Refreshing native plugins compatible for Editor in 1.08 ms, found 3 plugins.
Preloading 0 native plugins for Editor in 0.00 ms.
Mono: successfully reloaded assembly
- Completed reload, in  1.100 seconds
Platform modules already initialized, skipping
Refreshing native plugins compatible for Editor in 0.69 ms, found 3 plugins.
Preloading 0 native plugins for Editor in 0.00 ms.
Unloading 1652 Unused Serialized files (Serialized files now loaded: 0)
System memory in use before: 94.2 MB.
System memory in use after: 94.3 MB.

Unloading 9 unused Assets to reduce memory usage. Loaded Objects now: 2332.
Total: 2.340900 ms (FindLiveObjects: 0.295700 ms CreateObjectMapping: 0.090000 ms MarkObjects: 1.859400 ms  DeleteObjects: 0.093800 ms)

========================================================================
Received Prepare
Registering precompiled user dll's ...
Registered in 0.001398 seconds.
Begin MonoManager ReloadAssembly
Native extension for WindowsStandalone target not found
Refreshing native plugins compatible for Editor in 0.66 ms, found 3 plugins.
Preloading 0 native plugins for Editor in 0.00 ms.
Mono: successfully reloaded assembly
- Completed reload, in  0.950 seconds
Platform modules already initialized, skipping
Refreshing native plugins compatible for Editor in 0.69 ms, found 3 plugins.
Preloading 0 native plugins for Editor in 0.00 ms.
Unloading 1652 Unused Serialized files (Serialized files now loaded: 0)
System memory in use before: 94.2 MB.
System memory in use after: 94.3 MB.

Unloading 9 unused Assets to reduce memory usage. Loaded Objects now: 2335.
Total: 2.485100 ms (FindLiveObjects: 0.347300 ms CreateObjectMapping: 0.093200 ms MarkObjects: 1.985200 ms  DeleteObjects: 0.058500 ms)

========================================================================
Received Prepare
Registering precompiled user dll's ...
Registered in 0.002243 seconds.
Begin MonoManager ReloadAssembly
Native extension for WindowsStandalone target not found
Refreshing native plugins compatible for Editor in 0.88 ms, found 3 plugins.
Preloading 0 native plugins for Editor in 0.00 ms.
Mono: successfully reloaded assembly
- Completed reload, in  0.929 seconds
Platform modules already initialized, skipping
Refreshing native plugins compatible for Editor in 0.78 ms, found 3 plugins.
Preloading 0 native plugins for Editor in 0.00 ms.
Unloading 1652 Unused Serialized files (Serialized files now loaded: 0)
System memory in use before: 94.2 MB.
System memory in use after: 94.3 MB.

Unloading 9 unused Assets to reduce memory usage. Loaded Objects now: 2338.
Total: 2.405800 ms (FindLiveObjects: 0.367000 ms CreateObjectMapping: 0.096800 ms MarkObjects: 1.875100 ms  DeleteObjects: 0.065700 ms)

========================================================================
Received Prepare
Registering precompiled user dll's ...
Registered in 0.001399 seconds.
Begin MonoManager ReloadAssembly
Native extension for WindowsStandalone target not found
Refreshing native plugins compatible for Editor in 0.61 ms, found 3 plugins.
Preloading 0 native plugins for Editor in 0.00 ms.
Mono: successfully reloaded assembly
- Completed reload, in  0.916 seconds
Platform modules already initialized, skipping
Refreshing native plugins compatible for Editor in 0.59 ms, found 3 plugins.
Preloading 0 native plugins for Editor in 0.00 ms.
Unloading 1652 Unused Serialized files (Serialized files now loaded: 0)
System memory in use before: 94.2 MB.
System memory in use after: 94.3 MB.

Unloading 9 unused Assets to reduce memory usage. Loaded Objects now: 2341.
Total: 2.531800 ms (FindLiveObjects: 0.317600 ms CreateObjectMapping: 0.058200 ms MarkObjects: 2.066100 ms  DeleteObjects: 0.070600 ms)

========================================================================
Received Prepare
Registering precompiled user dll's ...
Registered in 0.001423 seconds.
Begin MonoManager ReloadAssembly
Native extension for WindowsStandalone target not found
Refreshing native plugins compatible for Editor in 0.72 ms, found 3 plugins.
Preloading 0 native plugins for Editor in 0.00 ms.
Mono: successfully reloaded assembly
- Completed reload, in  1.058 seconds
Platform modules already initialized, skipping
Refreshing native plugins compatible for Editor in 0.66 ms, found 3 plugins.
Preloading 0 native plugins for Editor in 0.00 ms.
Unloading 1652 Unused Serialized files (Serialized files now loaded: 0)
System memory in use before: 94.2 MB.
System memory in use after: 94.3 MB.

Unloading 9 unused Assets to reduce memory usage. Loaded Objects now: 2344.
Total: 2.062500 ms (FindLiveObjects: 0.187600 ms CreateObjectMapping: 0.062400 ms MarkObjects: 1.750900 ms  DeleteObjects: 0.060200 ms)

========================================================================
Received Prepare
Registering precompiled user dll's ...
Registered in 0.001534 seconds.
Begin MonoManager ReloadAssembly
Native extension for WindowsStandalone target not found
Refreshing native plugins compatible for Editor in 0.63 ms, found 3 plugins.
Preloading 0 native plugins for Editor in 0.00 ms.
Mono: successfully reloaded assembly
- Completed reload, in  0.934 seconds
Platform modules already initialized, skipping
Refreshing native plugins compatible for Editor in 0.70 ms, found 3 plugins.
Preloading 0 native plugins for Editor in 0.00 ms.
Unloading 1652 Unused Serialized files (Serialized files now loaded: 0)
System memory in use before: 94.3 MB.
System memory in use after: 94.3 MB.

Unloading 9 unused Assets to reduce memory usage. Loaded Objects now: 2347.
Total: 2.947900 ms (FindLiveObjects: 0.548900 ms CreateObjectMapping: 0.191700 ms MarkObjects: 2.142900 ms  DeleteObjects: 0.063200 ms)

========================================================================
Received Prepare
Registering precompiled user dll's ...
Registered in 0.002502 seconds.
Begin MonoManager ReloadAssembly
Native extension for WindowsStandalone target not found
Refreshing native plugins compatible for Editor in 0.68 ms, found 3 plugins.
Preloading 0 native plugins for Editor in 0.00 ms.
Mono: successfully reloaded assembly
- Completed reload, in  1.039 seconds
Platform modules already initialized, skipping
Refreshing native plugins compatible for Editor in 0.67 ms, found 3 plugins.
Preloading 0 native plugins for Editor in 0.00 ms.
Unloading 1652 Unused Serialized files (Serialized files now loaded: 0)
System memory in use before: 94.3 MB.
System memory in use after: 94.3 MB.

Unloading 9 unused Assets to reduce memory usage. Loaded Objects now: 2350.
Total: 2.194400 ms (FindLiveObjects: 0.251400 ms CreateObjectMapping: 0.094600 ms MarkObjects: 1.791000 ms  DeleteObjects: 0.056300 ms)

========================================================================
Received Prepare
Registering precompiled user dll's ...
Registered in 0.001475 seconds.
Begin MonoManager ReloadAssembly
Native extension for WindowsStandalone target not found
Refreshing native plugins compatible for Editor in 0.81 ms, found 3 plugins.
Preloading 0 native plugins for Editor in 0.00 ms.
Mono: successfully reloaded assembly
- Completed reload, in  0.932 seconds
Platform modules already initialized, skipping
Refreshing native plugins compatible for Editor in 0.83 ms, found 3 plugins.
Preloading 0 native plugins for Editor in 0.00 ms.
Unloading 1652 Unused Serialized files (Serialized files now loaded: 0)
System memory in use before: 94.3 MB.
System memory in use after: 94.4 MB.

Unloading 9 unused Assets to reduce memory usage. Loaded Objects now: 2353.
Total: 2.640800 ms (FindLiveObjects: 0.180700 ms CreateObjectMapping: 0.056100 ms MarkObjects: 2.340400 ms  DeleteObjects: 0.062200 ms)

========================================================================
Received Prepare
Registering precompiled user dll's ...
Registered in 0.001365 seconds.
Begin MonoManager ReloadAssembly
Native extension for WindowsStandalone target not found
Refreshing native plugins compatible for Editor in 0.81 ms, found 3 plugins.
Preloading 0 native plugins for Editor in 0.00 ms.
Mono: successfully reloaded assembly
- Completed reload, in  1.076 seconds
Platform modules already initialized, skipping
Refreshing native plugins compatible for Editor in 1.00 ms, found 3 plugins.
Preloading 0 native plugins for Editor in 0.00 ms.
Unloading 1652 Unused Serialized files (Serialized files now loaded: 0)
System memory in use before: 94.3 MB.
System memory in use after: 94.4 MB.

Unloading 9 unused Assets to reduce memory usage. Loaded Objects now: 2356.
Total: 3.162400 ms (FindLiveObjects: 0.283800 ms CreateObjectMapping: 0.081700 ms MarkObjects: 2.726400 ms  DeleteObjects: 0.069200 ms)

========================================================================
Received Prepare
Registering precompiled user dll's ...
Registered in 0.001633 seconds.
Begin MonoManager ReloadAssembly
Native extension for WindowsStandalone target not found
Refreshing native plugins compatible for Editor in 0.65 ms, found 3 plugins.
Preloading 0 native plugins for Editor in 0.00 ms.
Mono: successfully reloaded assembly
- Completed reload, in  0.957 seconds
Platform modules already initialized, skipping
Refreshing native plugins compatible for Editor in 0.72 ms, found 3 plugins.
Preloading 0 native plugins for Editor in 0.00 ms.
Unloading 1652 Unused Serialized files (Serialized files now loaded: 0)
System memory in use before: 94.3 MB.
System memory in use after: 94.4 MB.

Unloading 9 unused Assets to reduce memory usage. Loaded Objects now: 2359.
Total: 3.060300 ms (FindLiveObjects: 0.558400 ms CreateObjectMapping: 0.170900 ms MarkObjects: 2.272800 ms  DeleteObjects: 0.057100 ms)

========================================================================
Received Prepare
Registering precompiled user dll's ...
Registered in 0.001505 seconds.
Begin MonoManager ReloadAssembly
Native extension for WindowsStandalone target not found
Refreshing native plugins compatible for Editor in 0.67 ms, found 3 plugins.
Preloading 0 native plugins for Editor in 0.00 ms.
Mono: successfully reloaded assembly
- Completed reload, in  0.941 seconds
Platform modules already initialized, skipping
Refreshing native plugins compatible for Editor in 1.10 ms, found 3 plugins.
Preloading 0 native plugins for Editor in 0.00 ms.
Unloading 1652 Unused Serialized files (Serialized files now loaded: 0)
System memory in use before: 94.3 MB.
System memory in use after: 94.4 MB.

Unloading 9 unused Assets to reduce memory usage. Loaded Objects now: 2362.
Total: 2.589400 ms (FindLiveObjects: 0.348200 ms CreateObjectMapping: 0.126000 ms MarkObjects: 2.054800 ms  DeleteObjects: 0.059600 ms)

========================================================================
Received Prepare
Registering precompiled user dll's ...
Registered in 0.002636 seconds.
Begin MonoManager ReloadAssembly
Native extension for WindowsStandalone target not found
Refreshing native plugins compatible for Editor in 0.73 ms, found 3 plugins.
Preloading 0 native plugins for Editor in 0.00 ms.
Mono: successfully reloaded assembly
- Completed reload, in  1.110 seconds
Platform modules already initialized, skipping
Refreshing native plugins compatible for Editor in 1.04 ms, found 3 plugins.
Preloading 0 native plugins for Editor in 0.00 ms.
Unloading 1652 Unused Serialized files (Serialized files now loaded: 0)
System memory in use before: 94.3 MB.
System memory in use after: 94.4 MB.

Unloading 9 unused Assets to reduce memory usage. Loaded Objects now: 2365.
Total: 2.537900 ms (FindLiveObjects: 0.363000 ms CreateObjectMapping: 0.100600 ms MarkObjects: 1.996600 ms  DeleteObjects: 0.076200 ms)

========================================================================
Received Import Request.
  Time since last request: 9940.758775 seconds.
  path: Assets/Scenes/UI.unity
  artifactKey: Guid(52952a63b6b7fbe4f92fbb4a21567f8b) Importer(815301076,1909f56bfc062723c751e8b465ee728b)
Start importing Assets/Scenes/UI.unity using Guid(52952a63b6b7fbe4f92fbb4a21567f8b) Importer(815301076,1909f56bfc062723c751e8b465ee728b)  -> (artifact id: '43e36a6f4bd429d6c3344e4310fef3c8') in 0.044089 seconds
  Import took 0.054211 seconds .

========================================================================
Received Import Request.
  Time since last request: 307.195873 seconds.
  path: Assets/Scenes/stam.png
  artifactKey: Guid(a132d4bbcef21b848a2ca4f4c39f2476) Importer(815301076,1909f56bfc062723c751e8b465ee728b)
Start importing Assets/Scenes/stam.png using Guid(a132d4bbcef21b848a2ca4f4c39f2476) Importer(815301076,1909f56bfc062723c751e8b465ee728b)  -> (artifact id: '8c67b712772188721fe4fc67fbb44bba') in 0.146501 seconds
  Import took 0.154483 seconds .

========================================================================
Received Import Request.
  Time since last request: 14.387853 seconds.
  path: Assets/GUI Kit Casual Game/Casual Game_v2.0/Preview/'Stage_Select_Type1.png
  artifactKey: Guid(dafb0946b8e8d48b9be9cf44df16f833) Importer(815301076,1909f56bfc062723c751e8b465ee728b)
Start importing Assets/GUI Kit Casual Game/Casual Game_v2.0/Preview/'Stage_Select_Type1.png using Guid(dafb0946b8e8d48b9be9cf44df16f833) Importer(815301076,1909f56bfc062723c751e8b465ee728b)  -> (artifact id: 'e9e06103db1d8c2c9c8246c62f280e35') in 0.101519 seconds
  Import took 0.109915 seconds .

========================================================================
Received Import Request.
  Time since last request: 0.000302 seconds.
  path: Assets/GUI Kit Casual Game/Casual Game_v2.0/Preview/_Common_RuneIcons.png
  artifactKey: Guid(e06c625a1ba3847338ad1be14e22717e) Importer(815301076,1909f56bfc062723c751e8b465ee728b)
Start importing Assets/GUI Kit Casual Game/Casual Game_v2.0/Preview/_Common_RuneIcons.png using Guid(e06c625a1ba3847338ad1be14e22717e) Importer(815301076,1909f56bfc062723c751e8b465ee728b)  -> (artifact id: '32320105e2f662d59d966bb449fe13e8') in 0.072963 seconds
  Import took 0.081245 seconds .

========================================================================
Received Import Request.
  Time since last request: 0.000291 seconds.
  path: Assets/GUI Kit Casual Game/Casual Game_v2.0/Preview/_Common_Icons.png
  artifactKey: Guid(79ebc05f9cf3441dd81c2e8022a3bdbd) Importer(815301076,1909f56bfc062723c751e8b465ee728b)
Start importing Assets/GUI Kit Casual Game/Casual Game_v2.0/Preview/_Common_Icons.png using Guid(79ebc05f9cf3441dd81c2e8022a3bdbd) Importer(815301076,1909f56bfc062723c751e8b465ee728b)  -> (artifact id: 'c12aabc5801020a638e6f09c2f588f14') in 0.038185 seconds
  Import took 0.043973 seconds .

========================================================================
Received Import Request.
  Time since last request: 0.000303 seconds.
  path: Assets/GUI Kit Casual Game/Casual Game_v2.0/Preview/_Component_1.png
  artifactKey: Guid(3ed727598cd0547a7b3bdc48b44c435f) Importer(815301076,1909f56bfc062723c751e8b465ee728b)
Start importing Assets/GUI Kit Casual Game/Casual Game_v2.0/Preview/_Component_1.png using Guid(3ed727598cd0547a7b3bdc48b44c435f) Importer(815301076,1909f56bfc062723c751e8b465ee728b)  -> (artifact id: 'c21cbdb658bd94b371e1bf3c00813586') in 0.032097 seconds
  Import took 0.036603 seconds .

========================================================================
Received Import Request.
  Time since last request: 0.000311 seconds.
  path: Assets/GUI Kit Casual Game/Casual Game_v2.0/Preview/_Common_FunctionIcon.png
  artifactKey: Guid(2e9d5b2c134f646e0a003db48e1a893f) Importer(815301076,1909f56bfc062723c751e8b465ee728b)
Start importing Assets/GUI Kit Casual Game/Casual Game_v2.0/Preview/_Common_FunctionIcon.png using Guid(2e9d5b2c134f646e0a003db48e1a893f) Importer(815301076,1909f56bfc062723c751e8b465ee728b)  -> (artifact id: 'd90c6250b8b7c602974a781f1506a7eb') in 0.067268 seconds
  Import took 0.072160 seconds .

========================================================================
Received Import Request.
  Time since last request: 0.000323 seconds.
  path: Assets/GUI Kit Casual Game/Casual Game_v2.0/Preview/_Component_2.png
  artifactKey: Guid(1c93fc4926f8b4110b2d9a3bc5bbb94e) Importer(815301076,1909f56bfc062723c751e8b465ee728b)
Start importing Assets/GUI Kit Casual Game/Casual Game_v2.0/Preview/_Component_2.png using Guid(1c93fc4926f8b4110b2d9a3bc5bbb94e) Importer(815301076,1909f56bfc062723c751e8b465ee728b)  -> (artifact id: 'c7ca44a4729f52c952d3e0342b03a646') in 0.028519 seconds
  Import took 0.033805 seconds .

========================================================================
Received Import Request.
  Time since last request: 0.000311 seconds.
  path: Assets/GUI Kit Casual Game/Casual Game_v2.0/Preview/_Component_4.png
  artifactKey: Guid(16a32ae14e0434c57b89cfca1418d9cd) Importer(815301076,1909f56bfc062723c751e8b465ee728b)
Start importing Assets/GUI Kit Casual Game/Casual Game_v2.0/Preview/_Component_4.png using Guid(16a32ae14e0434c57b89cfca1418d9cd) Importer(815301076,1909f56bfc062723c751e8b465ee728b)  -> (artifact id: '710a377aff29bbcf869f019c5b770d4b') in 0.028870 seconds
  Import took 0.034112 seconds .

========================================================================
Received Import Request.
  Time since last request: 0.000314 seconds.
  path: Assets/GUI Kit Casual Game/Casual Game_v2.0/Preview/_Component_3.png
  artifactKey: Guid(531af8be9d79a4bd3bdccba8ab2f33e4) Importer(815301076,1909f56bfc062723c751e8b465ee728b)
Start importing Assets/GUI Kit Casual Game/Casual Game_v2.0/Preview/_Component_3.png using Guid(531af8be9d79a4bd3bdccba8ab2f33e4) Importer(815301076,1909f56bfc062723c751e8b465ee728b)  -> (artifact id: 'a8ef1da7c0f5cbaefde7f3f111b1558d') in 0.026612 seconds
  Import took 0.031677 seconds .

========================================================================
Received Import Request.
  Time since last request: 19.090275 seconds.
  path: Assets/Sprites
  artifactKey: Guid(fa4e63bbc0f269047af6a7b7fe36b901) Importer(815301076,1909f56bfc062723c751e8b465ee728b)
Start importing Assets/Sprites using Guid(fa4e63bbc0f269047af6a7b7fe36b901) Importer(815301076,1909f56bfc062723c751e8b465ee728b)  -> (artifact id: 'cc39529f102203d0bbfae1f46e2be676') in 0.012250 seconds
  Import took 0.018572 seconds .

========================================================================
Received Import Request.
  Time since last request: 0.009211 seconds.
  path: Assets/Sprites
  artifactKey: Guid(fa4e63bbc0f269047af6a7b7fe36b901) Importer(815301076,1909f56bfc062723c751e8b465ee728b)
Start importing Assets/Sprites using Guid(fa4e63bbc0f269047af6a7b7fe36b901) Importer(815301076,1909f56bfc062723c751e8b465ee728b)  -> (artifact id: 'cc39529f102203d0bbfae1f46e2be676') in 0.005324 seconds
  Import took 0.009989 seconds .

========================================================================
Received Import Request.
  Time since last request: 11.424339 seconds.
  path: Assets/Sprites/stam.png
  artifactKey: Guid(db2f482a895fc2246a57568e70506f63) Importer(815301076,1909f56bfc062723c751e8b465ee728b)
Start importing Assets/Sprites/stam.png using Guid(db2f482a895fc2246a57568e70506f63) Importer(815301076,1909f56bfc062723c751e8b465ee728b)  -> (artifact id: '9df321ef1d1d59f22e1f3162d5effdf8') in 0.012125 seconds
  Import took 0.025258 seconds .

AssetImportWorkerClient::OnTransportError - code=2 error=End of file
