Using pre-set license
Built from '2020.3/release' branch; Version is '2020.3.7f1 (dd97f2c94397) revision 14522354'; Using compiler version '192528614'; Build Type 'Release'
OS: 'Windows 10 Pro; OS build 19042.1052; Version 2009; 64bit' Language: 'fr' Physical Memory: 8060 MB
BatchMode: 1, IsHumanControllingUs: 0, StartBugReporterOnCrash: 0, Is64bit: 1, IsPro: 0

 COMMAND LINE ARGUMENTS:
C:\Program Files\Unity\Hub\Editor\2020.3.7f1\Editor\Unity.exe
-adb2
-batchMode
-noUpm
-name
AssetImportWorker0
-projectPath
C:/Projet/UnityProjet/2021-JCO-PO-Jeu_De_Sabre/Jeu de Sabre
-logFile
Logs/AssetImportWorker0.log
-srvPort
54671
Successfully changed project path to: C:/Projet/UnityProjet/2021-JCO-PO-Jeu_De_Sabre/Jeu de Sabre
C:/Projet/UnityProjet/2021-JCO-PO-Jeu_De_Sabre/Jeu de Sabre
Using Asset Import Pipeline V2.
Refreshing native plugins compatible for Editor in 74.65 ms, found 3 plugins.
Preloading 0 native plugins for Editor in 0.00 ms.
Initialize engine version: 2020.3.7f1 (dd97f2c94397)
[Subsystems] Discovering subsystems at path C:/Program Files/Unity/Hub/Editor/2020.3.7f1/Editor/Data/Resources/UnitySubsystems
[Subsystems] Discovering subsystems at path C:/Projet/UnityProjet/2021-JCO-PO-Jeu_De_Sabre/Jeu de Sabre/Assets
GfxDevice: creating device client; threaded=0
Direct3D:
    Version:  Direct3D 11.0 [level 11.1]
    Renderer: Intel(R) Iris(R) Plus Graphics 655 (ID=0x3ea5)
    Vendor:   
    VRAM:     4030 MB
    Driver:   27.20.100.8681
Initialize mono
Mono path[0] = 'C:/Program Files/Unity/Hub/Editor/2020.3.7f1/Editor/Data/Managed'
Mono path[1] = 'C:/Program Files/Unity/Hub/Editor/2020.3.7f1/Editor/Data/MonoBleedingEdge/lib/mono/unityjit'
Mono config path = 'C:/Program Files/Unity/Hub/Editor/2020.3.7f1/Editor/Data/MonoBleedingEdge/etc'
Using monoOptions --debugger-agent=transport=dt_socket,embedding=1,server=y,suspend=n,address=127.0.0.1:56936
Begin MonoManager ReloadAssembly
Registering precompiled unity dll's ...
Register platform support module: C:/Program Files/Unity/Hub/Editor/2020.3.7f1/Editor/Data/PlaybackEngines/WindowsStandaloneSupport/UnityEditor.WindowsStandalone.Extensions.dll
Registered in 0.002227 seconds.
Native extension for WindowsStandalone target not found
Refreshing native plugins compatible for Editor in 60.58 ms, found 3 plugins.
Preloading 0 native plugins for Editor in 0.00 ms.
Mono: successfully reloaded assembly
- Completed reload, in  4.964 seconds
Platform modules already initialized, skipping
Registering precompiled user dll's ...
Registered in 0.001479 seconds.
Begin MonoManager ReloadAssembly
Native extension for WindowsStandalone target not found
Refreshing native plugins compatible for Editor in 67.46 ms, found 3 plugins.
Preloading 0 native plugins for Editor in 0.00 ms.
Mono: successfully reloaded assembly
- Completed reload, in  1.097 seconds
Platform modules already initialized, skipping
========================================================================
Worker process is ready to serve import requests
Launched and connected shader compiler UnityShaderCompiler.exe after 0.05 seconds
Refreshing native plugins compatible for Editor in 0.62 ms, found 3 plugins.
Preloading 0 native plugins for Editor in 0.00 ms.
Unloading 1680 Unused Serialized files (Serialized files now loaded: 0)
System memory in use before: 95.3 MB.
System memory in use after: 95.4 MB.

Unloading 16 unused Assets to reduce memory usage. Loaded Objects now: 2146.
Total: 2.453300 ms (FindLiveObjects: 0.261100 ms CreateObjectMapping: 0.200700 ms MarkObjects: 1.857600 ms  DeleteObjects: 0.132800 ms)

========================================================================
Received Import Request.
  path: Assets/EffectSabre.mat
  artifactKey: Guid(0109284f963cde442819ba97ce26e01a) Importer(815301076,1909f56bfc062723c751e8b465ee728b)
Start importing Assets/EffectSabre.mat using Guid(0109284f963cde442819ba97ce26e01a) Importer(815301076,1909f56bfc062723c751e8b465ee728b)  -> (artifact id: 'd47b0b716b8619df5b45d69fb344801a') in 0.145395 seconds
  Import took 0.150092 seconds .

========================================================================
Received Import Request.
  Time since last request: 0.000328 seconds.
  path: Assets/Sound.prefab
  artifactKey: Guid(0f8a027844ab1904694a7c6247862f47) Importer(815301076,1909f56bfc062723c751e8b465ee728b)
Start importing Assets/Sound.prefab using Guid(0f8a027844ab1904694a7c6247862f47) Importer(815301076,1909f56bfc062723c751e8b465ee728b)  -> (artifact id: 'aee483d60c22ecb9e6a7a6b9327ef59a') in 0.023629 seconds
  Import took 0.027340 seconds .

========================================================================
Received Import Request.
  Time since last request: 0.000383 seconds.
  path: Assets/MusicSound.prefab
  artifactKey: Guid(3fdd68f698bfd1847aaad4d5c66d798b) Importer(815301076,1909f56bfc062723c751e8b465ee728b)
Start importing Assets/MusicSound.prefab using Guid(3fdd68f698bfd1847aaad4d5c66d798b) Importer(815301076,1909f56bfc062723c751e8b465ee728b)  -> (artifact id: 'b36dfece4e13114d13882bce41698003') in 0.008248 seconds
  Import took 0.013190 seconds .

========================================================================
Received Import Request.
  Time since last request: 0.000287 seconds.
  path: Assets/red.mat
  artifactKey: Guid(9256b0bd46c39b545b9de8036dd70c36) Importer(815301076,1909f56bfc062723c751e8b465ee728b)
Start importing Assets/red.mat using Guid(9256b0bd46c39b545b9de8036dd70c36) Importer(815301076,1909f56bfc062723c751e8b465ee728b)  -> (artifact id: '536defcb48dda76c1bf2a9123c235a27') in 0.013970 seconds
  Import took 0.018152 seconds .

========================================================================
Received Import Request.
  Time since last request: 0.000276 seconds.
  path: Assets/classic_hurt.mp3
  artifactKey: Guid(9bd153b4e5d873f43adf76809e9d8a49) Importer(815301076,1909f56bfc062723c751e8b465ee728b)
Start importing Assets/classic_hurt.mp3 using Guid(9bd153b4e5d873f43adf76809e9d8a49) Importer(815301076,1909f56bfc062723c751e8b465ee728b)  -> (artifact id: '8f875a7dfc0107d22d9f9a0adf510fc2') in 0.036659 seconds
  Import took 0.041574 seconds .

========================================================================
Received Import Request.
  Time since last request: 0.000248 seconds.
  path: Assets/timer.mp3
  artifactKey: Guid(4587b6f21d88f394e8c0073a1e4af3b1) Importer(815301076,1909f56bfc062723c751e8b465ee728b)
Start importing Assets/timer.mp3 using Guid(4587b6f21d88f394e8c0073a1e4af3b1) Importer(815301076,1909f56bfc062723c751e8b465ee728b)  -> (artifact id: 'fbb47965115813075e5fe95d6c8015c2') in 0.017656 seconds
  Import took 0.022300 seconds .

========================================================================
Received Import Request.
  Time since last request: 0.000219 seconds.
  path: Assets/Or.mat
  artifactKey: Guid(9ffc95822da5489418ca50839931b0e3) Importer(815301076,1909f56bfc062723c751e8b465ee728b)
Start importing Assets/Or.mat using Guid(9ffc95822da5489418ca50839931b0e3) Importer(815301076,1909f56bfc062723c751e8b465ee728b)  -> (artifact id: 'e64720f0bb5358249efaa922f44e7912') in 0.017575 seconds
  Import took 0.022289 seconds .

========================================================================
Received Import Request.
  Time since last request: 0.000297 seconds.
  path: Assets/DamageSound.prefab
  artifactKey: Guid(43df1abccd5a2ea4a8ee721072dfffb3) Importer(815301076,1909f56bfc062723c751e8b465ee728b)
Start importing Assets/DamageSound.prefab using Guid(43df1abccd5a2ea4a8ee721072dfffb3) Importer(815301076,1909f56bfc062723c751e8b465ee728b)  -> (artifact id: '1f8a6289c55cb5190434d2126b6598e0') in 0.009666 seconds
  Import took 0.012969 seconds .

========================================================================
Received Import Request.
  Time since last request: 90.200046 seconds.
  path: Assets/OptiCamV2.unity
  artifactKey: Guid(a4043f6f952b6e44d9f1826df94cdc9c) Importer(815301076,1909f56bfc062723c751e8b465ee728b)
Start importing Assets/OptiCamV2.unity using Guid(a4043f6f952b6e44d9f1826df94cdc9c) Importer(815301076,1909f56bfc062723c751e8b465ee728b)  -> (artifact id: 'e9aab6d84b4ca5b4a80d1c10dcb2a84d') in 0.009140 seconds
  Import took 0.015183 seconds .

========================================================================
Received Import Request.
  Time since last request: 0.003999 seconds.
  path: Assets/OptiCamV2.unity
  artifactKey: Guid(a4043f6f952b6e44d9f1826df94cdc9c) Importer(815301076,1909f56bfc062723c751e8b465ee728b)
Start importing Assets/OptiCamV2.unity using Guid(a4043f6f952b6e44d9f1826df94cdc9c) Importer(815301076,1909f56bfc062723c751e8b465ee728b)  -> (artifact id: 'e9aab6d84b4ca5b4a80d1c10dcb2a84d') in 0.002969 seconds
  Import took 0.007147 seconds .

========================================================================
Received Import Request.
  Time since last request: 1118.717083 seconds.
  path: Assets/Scenes/NOIR.mat
  artifactKey: Guid(6587b593558143747869a76a518c42b2) Importer(815301076,1909f56bfc062723c751e8b465ee728b)
Start importing Assets/Scenes/NOIR.mat using Guid(6587b593558143747869a76a518c42b2) Importer(815301076,1909f56bfc062723c751e8b465ee728b)  -> (artifact id: 'bff252b192826173c75690dc872dd065') in 0.019253 seconds
  Import took 0.026356 seconds .

========================================================================
Received Import Request.
  Time since last request: 0.000315 seconds.
  path: Assets/Scenes/TRANSPARET.mat
  artifactKey: Guid(e30ddce9659b1e5489da84e41f39ab89) Importer(815301076,1909f56bfc062723c751e8b465ee728b)
Start importing Assets/Scenes/TRANSPARET.mat using Guid(e30ddce9659b1e5489da84e41f39ab89) Importer(815301076,1909f56bfc062723c751e8b465ee728b)  -> (artifact id: '52171c5d763753b887bac612216b73ae') in 0.022536 seconds
  Import took 0.028052 seconds .

========================================================================
Received Import Request.
  Time since last request: 0.000254 seconds.
  path: Assets/Scenes/TransCharachter.mat
  artifactKey: Guid(65de37b17f94250408d453742df2cb13) Importer(815301076,1909f56bfc062723c751e8b465ee728b)
Start importing Assets/Scenes/TransCharachter.mat using Guid(65de37b17f94250408d453742df2cb13) Importer(815301076,1909f56bfc062723c751e8b465ee728b)  -> (artifact id: '7cb85e8ec5205b1a2686cbc07582ef2a') in 0.015872 seconds
  Import took 0.021237 seconds .

========================================================================
Received Import Request.
  Time since last request: 0.000345 seconds.
  path: Assets/Scenes/ORANGE.mat
  artifactKey: Guid(6d8427ab28fc8414c9248f74f42b15bd) Importer(815301076,1909f56bfc062723c751e8b465ee728b)
Start importing Assets/Scenes/ORANGE.mat using Guid(6d8427ab28fc8414c9248f74f42b15bd) Importer(815301076,1909f56bfc062723c751e8b465ee728b)  -> (artifact id: '032097762751dba8da5da236721daae6') in 0.018208 seconds
  Import took 0.023024 seconds .

========================================================================
Received Import Request.
  Time since last request: 7.072901 seconds.
  path: Assets/Scenes/Map.unity
  artifactKey: Guid(97e97b34d9511e24d818c9032ac4910c) Importer(815301076,1909f56bfc062723c751e8b465ee728b)
Start importing Assets/Scenes/Map.unity using Guid(97e97b34d9511e24d818c9032ac4910c) Importer(815301076,1909f56bfc062723c751e8b465ee728b)  -> (artifact id: '57bb08921b7b7c607bb0c82957ca7ed0') in 0.007832 seconds
  Import took 0.012404 seconds .

========================================================================
Received Import Request.
  Time since last request: 0.004569 seconds.
  path: Assets/Scenes/Map.unity
  artifactKey: Guid(97e97b34d9511e24d818c9032ac4910c) Importer(815301076,1909f56bfc062723c751e8b465ee728b)
Start importing Assets/Scenes/Map.unity using Guid(97e97b34d9511e24d818c9032ac4910c) Importer(815301076,1909f56bfc062723c751e8b465ee728b)  -> (artifact id: '57bb08921b7b7c607bb0c82957ca7ed0') in 0.003984 seconds
  Import took 0.008016 seconds .

========================================================================
Received Import Request.
  Time since last request: 172.301921 seconds.
  path: Assets/Scenes/SampleScene.unity
  artifactKey: Guid(aa88dd558708952448600faeba2b02d8) Importer(815301076,1909f56bfc062723c751e8b465ee728b)
Start importing Assets/Scenes/SampleScene.unity using Guid(aa88dd558708952448600faeba2b02d8) Importer(815301076,1909f56bfc062723c751e8b465ee728b)  -> (artifact id: 'c4f149b5e49d99939eb861907c9faf93') in 0.010650 seconds
  Import took 0.015979 seconds .

========================================================================
Received Import Request.
  Time since last request: 0.000698 seconds.
  path: Assets/Scenes/SampleScene.unity
  artifactKey: Guid(aa88dd558708952448600faeba2b02d8) Importer(815301076,1909f56bfc062723c751e8b465ee728b)
Start importing Assets/Scenes/SampleScene.unity using Guid(aa88dd558708952448600faeba2b02d8) Importer(815301076,1909f56bfc062723c751e8b465ee728b)  -> (artifact id: 'c4f149b5e49d99939eb861907c9faf93') in 0.005573 seconds
  Import took 0.010332 seconds .

========================================================================
Received Import Request.
  Time since last request: 0.895742 seconds.
  path: Assets/Scenes/collision.unity
  artifactKey: Guid(cf48b36d67af3f2499f89038e8c84cbf) Importer(815301076,1909f56bfc062723c751e8b465ee728b)
Start importing Assets/Scenes/collision.unity using Guid(cf48b36d67af3f2499f89038e8c84cbf) Importer(815301076,1909f56bfc062723c751e8b465ee728b)  -> (artifact id: '73a66885e5f67c4d0d51249341940110') in 0.010028 seconds
  Import took 0.015412 seconds .

========================================================================
Received Import Request.
  Time since last request: 0.001653 seconds.
  path: Assets/Scenes/collision.unity
  artifactKey: Guid(cf48b36d67af3f2499f89038e8c84cbf) Importer(815301076,1909f56bfc062723c751e8b465ee728b)
Start importing Assets/Scenes/collision.unity using Guid(cf48b36d67af3f2499f89038e8c84cbf) Importer(815301076,1909f56bfc062723c751e8b465ee728b)  -> (artifact id: '73a66885e5f67c4d0d51249341940110') in 0.003038 seconds
  Import took 0.007594 seconds .

========================================================================
Received Import Request.
  Time since last request: 0.628838 seconds.
  path: Assets/Scenes/DoubleCam.unity
  artifactKey: Guid(dff32ff5a2552e344878794ebfaec04a) Importer(815301076,1909f56bfc062723c751e8b465ee728b)
Start importing Assets/Scenes/DoubleCam.unity using Guid(dff32ff5a2552e344878794ebfaec04a) Importer(815301076,1909f56bfc062723c751e8b465ee728b)  -> (artifact id: '5f9af63d2570cbec8fc0310291d98285') in 0.011152 seconds
  Import took 0.015883 seconds .

========================================================================
Received Import Request.
  Time since last request: 0.000909 seconds.
  path: Assets/Scenes/DoubleCam.unity
  artifactKey: Guid(dff32ff5a2552e344878794ebfaec04a) Importer(815301076,1909f56bfc062723c751e8b465ee728b)
Start importing Assets/Scenes/DoubleCam.unity using Guid(dff32ff5a2552e344878794ebfaec04a) Importer(815301076,1909f56bfc062723c751e8b465ee728b)  -> (artifact id: '5f9af63d2570cbec8fc0310291d98285') in 0.003940 seconds
  Import took 0.008309 seconds .

========================================================================
Received Import Request.
  Time since last request: 28.718675 seconds.
  path: Assets/HYPERCASUAL - Stickman Customization/Textures/clothes_texture/Materials/cloth_17_texture_bleu.mat
  artifactKey: Guid(899e995deb46bc342ac4f5dfff459bf2) Importer(815301076,1909f56bfc062723c751e8b465ee728b)
Start importing Assets/HYPERCASUAL - Stickman Customization/Textures/clothes_texture/Materials/cloth_17_texture_bleu.mat using Guid(899e995deb46bc342ac4f5dfff459bf2) Importer(815301076,1909f56bfc062723c751e8b465ee728b)  -> (artifact id: '8256bfca136a9a4309da28e2d3c837d4') in 0.022131 seconds
  Import took 0.026945 seconds .

========================================================================
Received Import Request.
  Time since last request: 0.000203 seconds.
  path: Assets/GUI Kit Casual Game/Casual Game_v2.0/ResourcesData/Particle/Materials/fx_light03_line_small.mat
  artifactKey: Guid(fd2d3886a367a49b4926d4f22d953f1d) Importer(815301076,1909f56bfc062723c751e8b465ee728b)
Start importing Assets/GUI Kit Casual Game/Casual Game_v2.0/ResourcesData/Particle/Materials/fx_light03_line_small.mat using Guid(fd2d3886a367a49b4926d4f22d953f1d) Importer(815301076,1909f56bfc062723c751e8b465ee728b)  -> (artifact id: '86fa12440b4b00b98332ebfa0e1213cc') in 0.020164 seconds
  Import took 0.029083 seconds .

========================================================================
Received Import Request.
  Time since last request: 0.000410 seconds.
  path: Assets/GUI Kit Casual Game/Casual Game_v2.0/ResourcesData/Particle/Materials/fx_Star_l_blurry_purple.mat
  artifactKey: Guid(92e48a67f552644bcb3565cdeb56b23d) Importer(815301076,1909f56bfc062723c751e8b465ee728b)
Start importing Assets/GUI Kit Casual Game/Casual Game_v2.0/ResourcesData/Particle/Materials/fx_Star_l_blurry_purple.mat using Guid(92e48a67f552644bcb3565cdeb56b23d) Importer(815301076,1909f56bfc062723c751e8b465ee728b)  -> (artifact id: 'a8b6dbf2ca691572c05b4102b79310f7') in 0.037863 seconds
  Import took 0.043083 seconds .

========================================================================
Received Import Request.
  Time since last request: 0.000285 seconds.
  path: Assets/GUI Kit Casual Game/Casual Game_v2.0/ResourcesData/Particle/Materials/fx_circle_line02.mat
  artifactKey: Guid(aeb76914336e646c6845d64af7a9c678) Importer(815301076,1909f56bfc062723c751e8b465ee728b)
Start importing Assets/GUI Kit Casual Game/Casual Game_v2.0/ResourcesData/Particle/Materials/fx_circle_line02.mat using Guid(aeb76914336e646c6845d64af7a9c678) Importer(815301076,1909f56bfc062723c751e8b465ee728b)  -> (artifact id: '5d0e8fcc09793f09514313e97388bac5') in 0.030172 seconds
  Import took 0.036324 seconds .

========================================================================
Received Import Request.
  Time since last request: 0.000317 seconds.
  path: Assets/GUI Kit Casual Game/Casual Game_v2.0/ResourcesData/Particle/Materials/fx_circle_glow03.mat
  artifactKey: Guid(43fb3184e004b4a628b7ac3c39a4fcf3) Importer(815301076,1909f56bfc062723c751e8b465ee728b)
Start importing Assets/GUI Kit Casual Game/Casual Game_v2.0/ResourcesData/Particle/Materials/fx_circle_glow03.mat using Guid(43fb3184e004b4a628b7ac3c39a4fcf3) Importer(815301076,1909f56bfc062723c751e8b465ee728b)  -> (artifact id: '23abaf6733ecd52eb624bc717151d910') in 0.033559 seconds
  Import took 0.037947 seconds .

========================================================================
Received Import Request.
  Time since last request: 0.000322 seconds.
  path: Assets/GUI Kit Casual Game/Casual Game_v2.0/ResourcesData/Particle/Materials/fx_Star_l_blurry_green.mat
  artifactKey: Guid(d340d6812fead4fdeabe436360d2d010) Importer(815301076,1909f56bfc062723c751e8b465ee728b)
Start importing Assets/GUI Kit Casual Game/Casual Game_v2.0/ResourcesData/Particle/Materials/fx_Star_l_blurry_green.mat using Guid(d340d6812fead4fdeabe436360d2d010) Importer(815301076,1909f56bfc062723c751e8b465ee728b)  -> (artifact id: '8df5de6af71f5e4ebad6a4ca02f6d977') in 0.016701 seconds
  Import took 0.021291 seconds .

========================================================================
Received Import Request.
  Time since last request: 0.000195 seconds.
  path: Assets/GUI Kit Casual Game/Casual Game_v2.0/ResourcesData/Particle/Materials/fx_Star_l_blurry_yellow.mat
  artifactKey: Guid(b63846fc093b34fe4b674f1bfe0eb487) Importer(815301076,1909f56bfc062723c751e8b465ee728b)
Start importing Assets/GUI Kit Casual Game/Casual Game_v2.0/ResourcesData/Particle/Materials/fx_Star_l_blurry_yellow.mat using Guid(b63846fc093b34fe4b674f1bfe0eb487) Importer(815301076,1909f56bfc062723c751e8b465ee728b)  -> (artifact id: 'c50e72e228de394e7af767ebb1b6e72d') in 0.038682 seconds
  Import took 0.043057 seconds .

========================================================================
Received Import Request.
  Time since last request: 0.000371 seconds.
  path: Assets/GUI Kit Casual Game/Casual Game_v2.0/ResourcesData/Particle/Materials/fx_light02_line.mat
  artifactKey: Guid(963fa6a4145db4478960e2c9a18b2762) Importer(815301076,1909f56bfc062723c751e8b465ee728b)
Start importing Assets/GUI Kit Casual Game/Casual Game_v2.0/ResourcesData/Particle/Materials/fx_light02_line.mat using Guid(963fa6a4145db4478960e2c9a18b2762) Importer(815301076,1909f56bfc062723c751e8b465ee728b)  -> (artifact id: '924beb61b5a8e349cfaee61156cac8f0') in 0.019253 seconds
  Import took 0.022624 seconds .

========================================================================
Received Import Request.
  Time since last request: 0.000315 seconds.
  path: Assets/GUI Kit Casual Game/Casual Game_v2.0/ResourcesData/Fonts/LilitaOne-Regular.ttf
  artifactKey: Guid(c16eb7d7c3953489db00312b8b09df4b) Importer(815301076,1909f56bfc062723c751e8b465ee728b)
Start importing Assets/GUI Kit Casual Game/Casual Game_v2.0/ResourcesData/Fonts/LilitaOne-Regular.ttf using Guid(c16eb7d7c3953489db00312b8b09df4b) Importer(815301076,1909f56bfc062723c751e8b465ee728b)  -> (artifact id: 'e4605f870c561515fe29427634f8637e') in 0.082627 seconds
  Import took 0.087325 seconds .

========================================================================
Received Import Request.
  Time since last request: 0.000275 seconds.
  path: Assets/GUI Kit Casual Game/Casual Game_v2.0/ResourcesData/Particle/Materials/fx_circle_glow04.mat
  artifactKey: Guid(37d14ae22b5ce40d582ae779639c856c) Importer(815301076,1909f56bfc062723c751e8b465ee728b)
Start importing Assets/GUI Kit Casual Game/Casual Game_v2.0/ResourcesData/Particle/Materials/fx_circle_glow04.mat using Guid(37d14ae22b5ce40d582ae779639c856c) Importer(815301076,1909f56bfc062723c751e8b465ee728b)  -> (artifact id: '46aeef08deedd0fa9080e2d62c7e9c64') in 0.011924 seconds
  Import took 0.015629 seconds .

========================================================================
Received Import Request.
  Time since last request: 0.000299 seconds.
  path: Assets/GUI Kit Casual Game/Casual Game_v2.0/ResourcesData/Particle/Materials/fx_Star_l_blurry_blue.mat
  artifactKey: Guid(e6f4d75db0d90446589504ad879cb46e) Importer(815301076,1909f56bfc062723c751e8b465ee728b)
Start importing Assets/GUI Kit Casual Game/Casual Game_v2.0/ResourcesData/Particle/Materials/fx_Star_l_blurry_blue.mat using Guid(e6f4d75db0d90446589504ad879cb46e) Importer(815301076,1909f56bfc062723c751e8b465ee728b)  -> (artifact id: '021956d6324c875d104d5f620748f458') in 0.030379 seconds
  Import took 0.034313 seconds .

========================================================================
Received Import Request.
  Time since last request: 0.000251 seconds.
  path: Assets/GUI Kit Casual Game/Casual Game_v2.0/ResourcesData/Particle/Materials/fx_circle_line03_blue.mat
  artifactKey: Guid(0e5fe1858f0454fa7905e0148fcbb970) Importer(815301076,1909f56bfc062723c751e8b465ee728b)
Start importing Assets/GUI Kit Casual Game/Casual Game_v2.0/ResourcesData/Particle/Materials/fx_circle_line03_blue.mat using Guid(0e5fe1858f0454fa7905e0148fcbb970) Importer(815301076,1909f56bfc062723c751e8b465ee728b)  -> (artifact id: 'c70bb40e8e88f69d7970436e990cd214') in 0.037375 seconds
  Import took 0.040486 seconds .

========================================================================
Received Import Request.
  Time since last request: 0.000302 seconds.
  path: Assets/TextMesh Pro/Fonts/LiberationSans.ttf
  artifactKey: Guid(e3265ab4bf004d28a9537516768c1c75) Importer(815301076,1909f56bfc062723c751e8b465ee728b)
Start importing Assets/TextMesh Pro/Fonts/LiberationSans.ttf using Guid(e3265ab4bf004d28a9537516768c1c75) Importer(815301076,1909f56bfc062723c751e8b465ee728b)  -> (artifact id: 'c4fde046f74fde62840369d1bc3f580a') in 0.018001 seconds
  Import took 0.021497 seconds .

========================================================================
Received Import Request.
  Time since last request: 0.000330 seconds.
  path: Assets/GUI Kit Casual Game/Casual Game_v2.0/ResourcesData/Particle/Materials/fx_circle.mat
  artifactKey: Guid(49b5bfeafb7a042e0a4b9be1b789920a) Importer(815301076,1909f56bfc062723c751e8b465ee728b)
Start importing Assets/GUI Kit Casual Game/Casual Game_v2.0/ResourcesData/Particle/Materials/fx_circle.mat using Guid(49b5bfeafb7a042e0a4b9be1b789920a) Importer(815301076,1909f56bfc062723c751e8b465ee728b)  -> (artifact id: '035ffc2a6b37db2d901ec52015aac10c') in 0.020042 seconds
  Import took 0.024443 seconds .

========================================================================
Received Import Request.
  Time since last request: 0.000401 seconds.
  path: Assets/GUI Kit Casual Game/Casual Game_v2.0/ResourcesData/Particle/Materials/fx_Star_l_blurry_red.mat
  artifactKey: Guid(139ce17d388b84eb284255684202a24e) Importer(815301076,1909f56bfc062723c751e8b465ee728b)
Start importing Assets/GUI Kit Casual Game/Casual Game_v2.0/ResourcesData/Particle/Materials/fx_Star_l_blurry_red.mat using Guid(139ce17d388b84eb284255684202a24e) Importer(815301076,1909f56bfc062723c751e8b465ee728b)  -> (artifact id: '89c6680d6a4cd921d9e06ead5c812586') in 0.017909 seconds
  Import took 0.022807 seconds .

========================================================================
Received Import Request.
  Time since last request: 0.000365 seconds.
  path: Assets/GUI Kit Casual Game/Casual Game_v2.0/ResourcesData/Particle/Materials/fx_light01.mat
  artifactKey: Guid(d1b3f2ac448c24cc4b18d526e5b2aa18) Importer(815301076,1909f56bfc062723c751e8b465ee728b)
Start importing Assets/GUI Kit Casual Game/Casual Game_v2.0/ResourcesData/Particle/Materials/fx_light01.mat using Guid(d1b3f2ac448c24cc4b18d526e5b2aa18) Importer(815301076,1909f56bfc062723c751e8b465ee728b)  -> (artifact id: '4407bdd79d9a4c3d2a39ea3a0a2a8465') in 0.022759 seconds
  Import took 0.027163 seconds .

========================================================================
Received Import Request.
  Time since last request: 0.000299 seconds.
  path: Assets/GUI Kit Casual Game/Casual Game_v2.0/ResourcesData/Particle/Materials/fx_circle_glow01.mat
  artifactKey: Guid(43ac6238438b34784b2c658e59e96fce) Importer(815301076,1909f56bfc062723c751e8b465ee728b)
Start importing Assets/GUI Kit Casual Game/Casual Game_v2.0/ResourcesData/Particle/Materials/fx_circle_glow01.mat using Guid(43ac6238438b34784b2c658e59e96fce) Importer(815301076,1909f56bfc062723c751e8b465ee728b)  -> (artifact id: 'de5895ea4fb4ff8ed18b81554e71c222') in 0.017547 seconds
  Import took 0.020614 seconds .

========================================================================
Received Import Request.
  Time since last request: 0.000305 seconds.
  path: Assets/GUI Kit Casual Game/Casual Game_v2.0/ResourcesData/Particle/Materials/fx_Star_l_blurry_white.mat
  artifactKey: Guid(d84e336ce4f8a417cb315c306976c4da) Importer(815301076,1909f56bfc062723c751e8b465ee728b)
Start importing Assets/GUI Kit Casual Game/Casual Game_v2.0/ResourcesData/Particle/Materials/fx_Star_l_blurry_white.mat using Guid(d84e336ce4f8a417cb315c306976c4da) Importer(815301076,1909f56bfc062723c751e8b465ee728b)  -> (artifact id: '467721d2328a5e3db8903335918d8199') in 0.027454 seconds
  Import took 0.031138 seconds .

========================================================================
Received Import Request.
  Time since last request: 0.000302 seconds.
  path: Assets/GUI Kit Casual Game/Casual Game_v2.0/ResourcesData/Particle/Materials/fx_Star_l_clear_blue.mat
  artifactKey: Guid(8817af8399a44484ca02c825c3938c84) Importer(815301076,1909f56bfc062723c751e8b465ee728b)
Start importing Assets/GUI Kit Casual Game/Casual Game_v2.0/ResourcesData/Particle/Materials/fx_Star_l_clear_blue.mat using Guid(8817af8399a44484ca02c825c3938c84) Importer(815301076,1909f56bfc062723c751e8b465ee728b)  -> (artifact id: 'bd23ee71d16b0de739ed240f44995da0') in 0.016428 seconds
  Import took 0.020423 seconds .

========================================================================
Received Import Request.
  Time since last request: 0.000334 seconds.
  path: Assets/GUI Kit Casual Game/Casual Game_v2.0/ResourcesData/Particle/Materials/fx_Star_l_clear_purple.mat
  artifactKey: Guid(2f5b215f9b06349348d463e6ca989acf) Importer(815301076,1909f56bfc062723c751e8b465ee728b)
Start importing Assets/GUI Kit Casual Game/Casual Game_v2.0/ResourcesData/Particle/Materials/fx_Star_l_clear_purple.mat using Guid(2f5b215f9b06349348d463e6ca989acf) Importer(815301076,1909f56bfc062723c751e8b465ee728b)  -> (artifact id: '4ea14e885dc22a6c03cc8045c45b97c1') in 0.023010 seconds
  Import took 0.027234 seconds .

========================================================================
Received Import Request.
  Time since last request: 0.000307 seconds.
  path: Assets/GUI Kit Casual Game/Casual Game_v2.0/ResourcesData/Particle/Materials/fx_circle_line01.mat
  artifactKey: Guid(0522b0239aa6e4ada96c4c958215059f) Importer(815301076,1909f56bfc062723c751e8b465ee728b)
Start importing Assets/GUI Kit Casual Game/Casual Game_v2.0/ResourcesData/Particle/Materials/fx_circle_line01.mat using Guid(0522b0239aa6e4ada96c4c958215059f) Importer(815301076,1909f56bfc062723c751e8b465ee728b)  -> (artifact id: 'f1e252ff362486b1a927a175417849b9') in 0.016386 seconds
  Import took 0.019578 seconds .

========================================================================
Received Import Request.
  Time since last request: 0.000417 seconds.
  path: Assets/GUI Kit Casual Game/Casual Game_v2.0/ResourcesData/Particle/Materials/fx_Star_l_clear_green.mat
  artifactKey: Guid(4d98e8a4b8f4f4ae1bca717e892b5f03) Importer(815301076,1909f56bfc062723c751e8b465ee728b)
Start importing Assets/GUI Kit Casual Game/Casual Game_v2.0/ResourcesData/Particle/Materials/fx_Star_l_clear_green.mat using Guid(4d98e8a4b8f4f4ae1bca717e892b5f03) Importer(815301076,1909f56bfc062723c751e8b465ee728b)  -> (artifact id: '05d2af95889b6868e12558ea2b5714bc') in 0.028937 seconds
  Import took 0.032225 seconds .

========================================================================
Received Import Request.
  Time since last request: 0.000313 seconds.
  path: Assets/GUI Kit Casual Game/Casual Game_v2.0/ResourcesData/Particle/Materials/fx_circle_glow02.mat
  artifactKey: Guid(331c5437370034c75b0d36c940e03669) Importer(815301076,1909f56bfc062723c751e8b465ee728b)
Start importing Assets/GUI Kit Casual Game/Casual Game_v2.0/ResourcesData/Particle/Materials/fx_circle_glow02.mat using Guid(331c5437370034c75b0d36c940e03669) Importer(815301076,1909f56bfc062723c751e8b465ee728b)  -> (artifact id: 'a3bd33d34a5d2d3a4950204d340c0814') in 0.017523 seconds
  Import took 0.022597 seconds .

========================================================================
Received Import Request.
  Time since last request: 0.761893 seconds.
  path: Assets/GUI Kit Casual Game/Casual Game_v2.0/Prefabs/Prefabs_Component_Frames/_PrefabsPanel_BarFrames.prefab
  artifactKey: Guid(6a9b17f983e2843c4bb24ab89ec3f9e1) Importer(815301076,1909f56bfc062723c751e8b465ee728b)
Start importing Assets/GUI Kit Casual Game/Casual Game_v2.0/Prefabs/Prefabs_Component_Frames/_PrefabsPanel_BarFrames.prefab using Guid(6a9b17f983e2843c4bb24ab89ec3f9e1) Importer(815301076,1909f56bfc062723c751e8b465ee728b)  -> (artifact id: '861583b1cc2166d79e474f89a0ddc50a') in 0.017724 seconds
  Import took 0.021750 seconds .

========================================================================
Received Import Request.
  Time since last request: 0.000326 seconds.
  path: Assets/GUI Kit Casual Game/Casual Game_v2.0/Prefabs/Prefabs_Component_Frames/_PrefabsPanel_TableFrames.prefab
  artifactKey: Guid(a6ad203b971da49cb8bd8d65d307901d) Importer(815301076,1909f56bfc062723c751e8b465ee728b)
Start importing Assets/GUI Kit Casual Game/Casual Game_v2.0/Prefabs/Prefabs_Component_Frames/_PrefabsPanel_TableFrames.prefab using Guid(a6ad203b971da49cb8bd8d65d307901d) Importer(815301076,1909f56bfc062723c751e8b465ee728b)  -> (artifact id: '0ba66c9068c65c5f2b3367574ee8a7f1') in 0.009403 seconds
  Import took 0.013023 seconds .

========================================================================
Received Import Request.
  Time since last request: 0.000316 seconds.
  path: Assets/GUI Kit Casual Game/Casual Game_v2.0/Prefabs/Prefabs_Component_Buttons/Btn_MainButton_Green.prefab
  artifactKey: Guid(9e10565277ea942469a04e8e4a29b8e8) Importer(815301076,1909f56bfc062723c751e8b465ee728b)
Start importing Assets/GUI Kit Casual Game/Casual Game_v2.0/Prefabs/Prefabs_Component_Buttons/Btn_MainButton_Green.prefab using Guid(9e10565277ea942469a04e8e4a29b8e8) Importer(815301076,1909f56bfc062723c751e8b465ee728b)  -> (artifact id: '1502c3e57564864bec046af7326c0472') in 0.085414 seconds
  Import took 0.090713 seconds .

========================================================================
Received Import Request.
  Time since last request: 0.000561 seconds.
  path: Assets/GUI Kit Casual Game/Casual Game_v2.0/Prefabs/Prefabs_Component_Buttons/Btn_OtherButton_Hexagon01_Red.prefab
  artifactKey: Guid(2be8689af4340481493c2c9f51d8eeb8) Importer(815301076,1909f56bfc062723c751e8b465ee728b)
Start importing Assets/GUI Kit Casual Game/Casual Game_v2.0/Prefabs/Prefabs_Component_Buttons/Btn_OtherButton_Hexagon01_Red.prefab using Guid(2be8689af4340481493c2c9f51d8eeb8) Importer(815301076,1909f56bfc062723c751e8b465ee728b)  -> (artifact id: '2992e76f7a6671e51e8fc89ec34b5cff') in 0.014891 seconds
  Import took 0.019113 seconds .

========================================================================
Received Import Request.
  Time since last request: 0.000339 seconds.
  path: Assets/GUI Kit Casual Game/Casual Game_v2.0/Prefabs/Prefabs_Component_Buttons/Btn_MainButton_White.prefab
  artifactKey: Guid(8ba6aaa54c2a54fc89efad79b667970d) Importer(815301076,1909f56bfc062723c751e8b465ee728b)
Start importing Assets/GUI Kit Casual Game/Casual Game_v2.0/Prefabs/Prefabs_Component_Buttons/Btn_MainButton_White.prefab using Guid(8ba6aaa54c2a54fc89efad79b667970d) Importer(815301076,1909f56bfc062723c751e8b465ee728b)  -> (artifact id: '1c15f72931094b7b56b268df6a930bbd') in 0.025135 seconds
  Import took 0.029032 seconds .

========================================================================
Received Import Request.
  Time since last request: 0.000294 seconds.
  path: Assets/GUI Kit Casual Game/Casual Game_v2.0/Prefabs/Prefabs_Component_Frames/_PrefabsPanel_OtherFrames.prefab
  artifactKey: Guid(33164486ce18e46c6b5933ed0380e8ae) Importer(815301076,1909f56bfc062723c751e8b465ee728b)
Start importing Assets/GUI Kit Casual Game/Casual Game_v2.0/Prefabs/Prefabs_Component_Frames/_PrefabsPanel_OtherFrames.prefab using Guid(33164486ce18e46c6b5933ed0380e8ae) Importer(815301076,1909f56bfc062723c751e8b465ee728b)  -> (artifact id: '8c0ef11ebbbb7ef30ea263c0f22dec96') in 0.088097 seconds
  Import took 0.093821 seconds .

========================================================================
Received Import Request.
  Time since last request: 0.000761 seconds.
  path: Assets/GUI Kit Casual Game/Casual Game_v2.0/Prefabs/Prefabs_Demo_UI/Button_Facebook.prefab
  artifactKey: Guid(bd55f50d327274423b4d887e5df9eec6) Importer(815301076,1909f56bfc062723c751e8b465ee728b)
Start importing Assets/GUI Kit Casual Game/Casual Game_v2.0/Prefabs/Prefabs_Demo_UI/Button_Facebook.prefab using Guid(bd55f50d327274423b4d887e5df9eec6) Importer(815301076,1909f56bfc062723c751e8b465ee728b)  -> (artifact id: '19da73227c8fe624438dc63fb847e86b') in 0.014328 seconds
  Import took 0.018225 seconds .

========================================================================
Received Import Request.
  Time since last request: 0.000287 seconds.
  path: Assets/GUI Kit Casual Game/Casual Game_v2.0/Prefabs/Prefabs_Component_Popups/_PrefabsPanel_Popups_1.prefab
  artifactKey: Guid(a204d3ea0d9c044c585415300146489b) Importer(815301076,1909f56bfc062723c751e8b465ee728b)
Start importing Assets/GUI Kit Casual Game/Casual Game_v2.0/Prefabs/Prefabs_Component_Popups/_PrefabsPanel_Popups_1.prefab using Guid(a204d3ea0d9c044c585415300146489b) Importer(815301076,1909f56bfc062723c751e8b465ee728b)  -> (artifact id: 'cc3e115072b9cfce3fb9f8c12b0ae0c3') in 0.061240 seconds
  Import took 0.065803 seconds .

========================================================================
Received Import Request.
  Time since last request: 0.000403 seconds.
  path: Assets/GUI Kit Casual Game/Casual Game_v2.0/Prefabs/Prefabs_Demo_UI/Button_Cost.prefab
  artifactKey: Guid(97f24d11ee3cd4ca4881af378ccaf890) Importer(815301076,1909f56bfc062723c751e8b465ee728b)
Start importing Assets/GUI Kit Casual Game/Casual Game_v2.0/Prefabs/Prefabs_Demo_UI/Button_Cost.prefab using Guid(97f24d11ee3cd4ca4881af378ccaf890) Importer(815301076,1909f56bfc062723c751e8b465ee728b)  -> (artifact id: '7b00a03b5f5bac951e605aaed60711de') in 0.020445 seconds
  Import took 0.024913 seconds .

========================================================================
Received Import Request.
  Time since last request: 0.000486 seconds.
  path: Assets/GUI Kit Casual Game/Casual Game_v2.0/Prefabs/Prefabs_Component_Buttons/Btn_MainButton_Sky.prefab
  artifactKey: Guid(889608bb0f2024861b25e0b3c772326e) Importer(815301076,1909f56bfc062723c751e8b465ee728b)
Start importing Assets/GUI Kit Casual Game/Casual Game_v2.0/Prefabs/Prefabs_Component_Buttons/Btn_MainButton_Sky.prefab using Guid(889608bb0f2024861b25e0b3c772326e) Importer(815301076,1909f56bfc062723c751e8b465ee728b)  -> (artifact id: '98a117bcb72fe823359a5e25518e8c87') in 0.029639 seconds
  Import took 0.033200 seconds .

========================================================================
Received Import Request.
  Time since last request: 0.000312 seconds.
  path: Assets/GUI Kit Casual Game/Casual Game_v2.0/Prefabs/Prefabs_Component_Buttons/Btn_OtherButton_Circle01_d.prefab
  artifactKey: Guid(8c49446e2bb594c8cb4015fcf0542ec7) Importer(815301076,1909f56bfc062723c751e8b465ee728b)
Start importing Assets/GUI Kit Casual Game/Casual Game_v2.0/Prefabs/Prefabs_Component_Buttons/Btn_OtherButton_Circle01_d.prefab using Guid(8c49446e2bb594c8cb4015fcf0542ec7) Importer(815301076,1909f56bfc062723c751e8b465ee728b)  -> (artifact id: 'ff0256b0fd78517e208a782f5813f18e') in 0.017500 seconds
  Import took 0.020882 seconds .

========================================================================
Received Import Request.
  Time since last request: 0.000301 seconds.
  path: Assets/GUI Kit Casual Game/Casual Game_v2.0/Prefabs/Prefabs_Component_Buttons/Btn_MainButton_BlueGray.prefab
  artifactKey: Guid(f112556180188462e8d21b748d8da130) Importer(815301076,1909f56bfc062723c751e8b465ee728b)
Start importing Assets/GUI Kit Casual Game/Casual Game_v2.0/Prefabs/Prefabs_Component_Buttons/Btn_MainButton_BlueGray.prefab using Guid(f112556180188462e8d21b748d8da130) Importer(815301076,1909f56bfc062723c751e8b465ee728b)  -> (artifact id: 'b0f496444ee265384de1b121b06c6c8f') in 0.028902 seconds
  Import took 0.032544 seconds .

========================================================================
Received Import Request.
  Time since last request: 0.000396 seconds.
  path: Assets/GUI Kit Casual Game/Casual Game_v2.0/Prefabs/Prefabs_Demo_UI/Button_Chat.prefab
  artifactKey: Guid(b420db7a23c64420eb3751b080447f17) Importer(815301076,1909f56bfc062723c751e8b465ee728b)
Start importing Assets/GUI Kit Casual Game/Casual Game_v2.0/Prefabs/Prefabs_Demo_UI/Button_Chat.prefab using Guid(b420db7a23c64420eb3751b080447f17) Importer(815301076,1909f56bfc062723c751e8b465ee728b)  -> (artifact id: 'bc4d884037efcb64c3df5112c86ea990') in 0.023018 seconds
  Import took 0.027493 seconds .

========================================================================
Received Import Request.
  Time since last request: 0.000335 seconds.
  path: Assets/GUI Kit Casual Game/Casual Game_v2.0/Prefabs/Prefabs_Component_Frames/_PrefabsPanel_CardFrames.prefab
  artifactKey: Guid(a5115502a48b741ddb2b5ba45d38d828) Importer(815301076,1909f56bfc062723c751e8b465ee728b)
Start importing Assets/GUI Kit Casual Game/Casual Game_v2.0/Prefabs/Prefabs_Component_Frames/_PrefabsPanel_CardFrames.prefab using Guid(a5115502a48b741ddb2b5ba45d38d828) Importer(815301076,1909f56bfc062723c751e8b465ee728b)  -> (artifact id: 'ff2cc9e321f2b97c9064a8a59039074d') in 0.059272 seconds
  Import took 0.063676 seconds .

========================================================================
Received Import Request.
  Time since last request: 0.000298 seconds.
  path: Assets/GUI Kit Casual Game/Casual Game_v2.0/Prefabs/Prefabs_Component_Frames/_PrefabsPanel_ListFrames_2.prefab
  artifactKey: Guid(e00631d7526024011805c55baef6f862) Importer(815301076,1909f56bfc062723c751e8b465ee728b)
Start importing Assets/GUI Kit Casual Game/Casual Game_v2.0/Prefabs/Prefabs_Component_Frames/_PrefabsPanel_ListFrames_2.prefab using Guid(e00631d7526024011805c55baef6f862) Importer(815301076,1909f56bfc062723c751e8b465ee728b)  -> (artifact id: '9de2107685ecbf3e91b95ac9c3df60e1') in 0.054331 seconds
  Import took 0.058223 seconds .

========================================================================
Received Import Request.
  Time since last request: 0.000414 seconds.
  path: Assets/GUI Kit Casual Game/Casual Game_v2.0/Prefabs/Prefabs_Component_Buttons/Btn_OtherButton_Square04.prefab
  artifactKey: Guid(5b97edb2477e44ce3a3186c6ec1e1f3d) Importer(815301076,1909f56bfc062723c751e8b465ee728b)
Start importing Assets/GUI Kit Casual Game/Casual Game_v2.0/Prefabs/Prefabs_Component_Buttons/Btn_OtherButton_Square04.prefab using Guid(5b97edb2477e44ce3a3186c6ec1e1f3d) Importer(815301076,1909f56bfc062723c751e8b465ee728b)  -> (artifact id: '595622641a1c9aa11900d8427143d90c') in 0.008795 seconds
  Import took 0.012730 seconds .

========================================================================
Received Import Request.
  Time since last request: 0.000398 seconds.
  path: Assets/GUI Kit Casual Game/Casual Game_v2.0/Prefabs/Prefabs_Component_Buttons/_PrefabsPanel_Buttons.prefab
  artifactKey: Guid(fa4a72350af3c40aaaab67c974c5c466) Importer(815301076,1909f56bfc062723c751e8b465ee728b)
Start importing Assets/GUI Kit Casual Game/Casual Game_v2.0/Prefabs/Prefabs_Component_Buttons/_PrefabsPanel_Buttons.prefab using Guid(fa4a72350af3c40aaaab67c974c5c466) Importer(815301076,1909f56bfc062723c751e8b465ee728b)  -> (artifact id: '2153a99b81033de0b841d47c9c52ffbc') in 0.071081 seconds
  Import took 0.076051 seconds .

========================================================================
Received Import Request.
  Time since last request: 0.000226 seconds.
  path: Assets/GUI Kit Casual Game/Casual Game_v2.0/Prefabs/Prefabs_Component_Frames/_PrefabsPanel_ListFrames_1.prefab
  artifactKey: Guid(4fd693c0c36e94967bfa6a9429bd6211) Importer(815301076,1909f56bfc062723c751e8b465ee728b)
Start importing Assets/GUI Kit Casual Game/Casual Game_v2.0/Prefabs/Prefabs_Component_Frames/_PrefabsPanel_ListFrames_1.prefab using Guid(4fd693c0c36e94967bfa6a9429bd6211) Importer(815301076,1909f56bfc062723c751e8b465ee728b)  -> (artifact id: '58a6c6ee85f1fb9e40ad4895b5bf3fc2') in 0.061676 seconds
  Import took 0.067305 seconds .

========================================================================
Received Import Request.
  Time since last request: 0.000396 seconds.
  path: Assets/GUI Kit Casual Game/Casual Game_v2.0/Prefabs/Prefabs_Component_Buttons/Btn_OtherButton_SideButton01_Left.prefab
  artifactKey: Guid(c4727d5c45d9d41c3a274e7ffab962dc) Importer(815301076,1909f56bfc062723c751e8b465ee728b)
Start importing Assets/GUI Kit Casual Game/Casual Game_v2.0/Prefabs/Prefabs_Component_Buttons/Btn_OtherButton_SideButton01_Left.prefab using Guid(c4727d5c45d9d41c3a274e7ffab962dc) Importer(815301076,1909f56bfc062723c751e8b465ee728b)  -> (artifact id: '56c2ec2af0004ede2f8df0f2f5cf784a') in 0.009688 seconds
  Import took 0.014477 seconds .

========================================================================
Received Import Request.
  Time since last request: 0.000317 seconds.
  path: Assets/GUI Kit Casual Game/Casual Game_v2.0/Prefabs/Prefabs_Component_Buttons/Btn ↓↓↓↓↓↓↓↓↓↓↓↓↓↓↓↓↓↓.prefab
  artifactKey: Guid(95ce38ef8b364492db1ef5947c08316f) Importer(815301076,1909f56bfc062723c751e8b465ee728b)
Start importing Assets/GUI Kit Casual Game/Casual Game_v2.0/Prefabs/Prefabs_Component_Buttons/Btn ↓↓↓↓↓↓↓↓↓↓↓↓↓↓↓↓↓↓.prefab using Guid(95ce38ef8b364492db1ef5947c08316f) Importer(815301076,1909f56bfc062723c751e8b465ee728b)  -> (artifact id: 'ac9a60c985c93fdfdceca756389b571c') in 0.008975 seconds
  Import took 0.012263 seconds .

========================================================================
Received Import Request.
  Time since last request: 0.000345 seconds.
  path: Assets/GUI Kit Casual Game/Casual Game_v2.0/Prefabs/Prefabs_Component_Buttons/Btn_OtherButton_Circle02.prefab
  artifactKey: Guid(3ca609fb4e566410fbf45cf21462a6aa) Importer(815301076,1909f56bfc062723c751e8b465ee728b)
Start importing Assets/GUI Kit Casual Game/Casual Game_v2.0/Prefabs/Prefabs_Component_Buttons/Btn_OtherButton_Circle02.prefab using Guid(3ca609fb4e566410fbf45cf21462a6aa) Importer(815301076,1909f56bfc062723c751e8b465ee728b)  -> (artifact id: 'c29dca211cdd60b47614ea055e63bafa') in 0.007879 seconds
  Import took 0.011009 seconds .

========================================================================
Received Import Request.
  Time since last request: 0.000323 seconds.
  path: Assets/GUI Kit Casual Game/Casual Game_v2.0/Prefabs/Prefabs_Component_Buttons/Btn_MainButton_Red.prefab
  artifactKey: Guid(9a8b60df0dfe24bbf9cace34d56930ad) Importer(815301076,1909f56bfc062723c751e8b465ee728b)
Start importing Assets/GUI Kit Casual Game/Casual Game_v2.0/Prefabs/Prefabs_Component_Buttons/Btn_MainButton_Red.prefab using Guid(9a8b60df0dfe24bbf9cace34d56930ad) Importer(815301076,1909f56bfc062723c751e8b465ee728b)  -> (artifact id: 'df2f7e8b19ff524c17cc40e6a7de0eee') in 0.028064 seconds
  Import took 0.032390 seconds .

========================================================================
Received Import Request.
  Time since last request: 0.000344 seconds.
  path: Assets/GUI Kit Casual Game/Casual Game_v2.0/Prefabs/Prefabs_Demo_UI/Button_Guest.prefab
  artifactKey: Guid(3e20999d550b04d799dcdabeeb5fcd65) Importer(815301076,1909f56bfc062723c751e8b465ee728b)
Start importing Assets/GUI Kit Casual Game/Casual Game_v2.0/Prefabs/Prefabs_Demo_UI/Button_Guest.prefab using Guid(3e20999d550b04d799dcdabeeb5fcd65) Importer(815301076,1909f56bfc062723c751e8b465ee728b)  -> (artifact id: 'e0e35badf451dc4eb4bb73cbf6c60ddc') in 0.015679 seconds
  Import took 0.020911 seconds .

========================================================================
Received Import Request.
  Time since last request: 0.000338 seconds.
  path: Assets/GUI Kit Casual Game/Casual Game_v2.0/Prefabs/Prefabs_Component_Slider/_PrefabsPanel_Slider_1.prefab
  artifactKey: Guid(8f876d044ba744274b56252f2f270b00) Importer(815301076,1909f56bfc062723c751e8b465ee728b)
Start importing Assets/GUI Kit Casual Game/Casual Game_v2.0/Prefabs/Prefabs_Component_Slider/_PrefabsPanel_Slider_1.prefab using Guid(8f876d044ba744274b56252f2f270b00) Importer(815301076,1909f56bfc062723c751e8b465ee728b)  -> (artifact id: 'aabd642364e106269d456561e4cb295a') in 0.139502 seconds
  Import took 0.145541 seconds .

========================================================================
Received Import Request.
  Time since last request: 0.000320 seconds.
  path: Assets/GUI Kit Casual Game/Casual Game_v2.0/Prefabs/Prefabs_Demo_UI/Button_Next.prefab
  artifactKey: Guid(ce6626e56438e4adba41da27db2e672b) Importer(815301076,1909f56bfc062723c751e8b465ee728b)
Start importing Assets/GUI Kit Casual Game/Casual Game_v2.0/Prefabs/Prefabs_Demo_UI/Button_Next.prefab using Guid(ce6626e56438e4adba41da27db2e672b) Importer(815301076,1909f56bfc062723c751e8b465ee728b)  -> (artifact id: 'bdb8e8ec0c8f69942052de651b7d0c79') in 0.008853 seconds
  Import took 0.012157 seconds .

========================================================================
Received Import Request.
  Time since last request: 0.000325 seconds.
  path: Assets/GUI Kit Casual Game/Casual Game_v2.0/Prefabs/Prefabs_Component_Buttons/Btn_MainButton_Orange.prefab
  artifactKey: Guid(a8fedbf9c9c4c46529e4f8f91744330c) Importer(815301076,1909f56bfc062723c751e8b465ee728b)
Start importing Assets/GUI Kit Casual Game/Casual Game_v2.0/Prefabs/Prefabs_Component_Buttons/Btn_MainButton_Orange.prefab using Guid(a8fedbf9c9c4c46529e4f8f91744330c) Importer(815301076,1909f56bfc062723c751e8b465ee728b)  -> (artifact id: '786b6892d2bbd5603f2bf919e8908bff') in 0.030295 seconds
  Import took 0.033039 seconds .

========================================================================
Received Import Request.
  Time since last request: 0.000308 seconds.
  path: Assets/GUI Kit Casual Game/Casual Game_v2.0/Prefabs/Prefabs_Component_Popups/_PrefabsPanel_Popups_2.prefab
  artifactKey: Guid(b65f735ab034a4cccbb26664ba321c78) Importer(815301076,1909f56bfc062723c751e8b465ee728b)
Start importing Assets/GUI Kit Casual Game/Casual Game_v2.0/Prefabs/Prefabs_Component_Popups/_PrefabsPanel_Popups_2.prefab using Guid(b65f735ab034a4cccbb26664ba321c78) Importer(815301076,1909f56bfc062723c751e8b465ee728b)  -> (artifact id: '86a3a0e3217b450301bc8528c5cc66d9') in 0.054848 seconds
  Import took 0.059230 seconds .

========================================================================
Received Import Request.
  Time since last request: 0.000430 seconds.
  path: Assets/GUI Kit Casual Game/Casual Game_v2.0/Prefabs/Prefabs_Demo_UI/Button_DailySpin.prefab
  artifactKey: Guid(100c59203fd3e45ef92fe1bf7e2356d3) Importer(815301076,1909f56bfc062723c751e8b465ee728b)
Start importing Assets/GUI Kit Casual Game/Casual Game_v2.0/Prefabs/Prefabs_Demo_UI/Button_DailySpin.prefab using Guid(100c59203fd3e45ef92fe1bf7e2356d3) Importer(815301076,1909f56bfc062723c751e8b465ee728b)  -> (artifact id: '604aa658c0899c12bbf56114c515d910') in 0.022517 seconds
  Import took 0.025980 seconds .

========================================================================
Received Import Request.
  Time since last request: 0.000307 seconds.
  path: Assets/GUI Kit Casual Game/Casual Game_v2.0/Prefabs/Prefabs_Component_Buttons/Btn_MainButton_Yellow.prefab
  artifactKey: Guid(aa27390216c3a4dd89ce5cf5ad82da72) Importer(815301076,1909f56bfc062723c751e8b465ee728b)
Start importing Assets/GUI Kit Casual Game/Casual Game_v2.0/Prefabs/Prefabs_Component_Buttons/Btn_MainButton_Yellow.prefab using Guid(aa27390216c3a4dd89ce5cf5ad82da72) Importer(815301076,1909f56bfc062723c751e8b465ee728b)  -> (artifact id: '8762eaa3e8d32ee2bf2d6ca3bfb5cb53') in 0.030020 seconds
  Import took 0.033300 seconds .

========================================================================
Received Import Request.
  Time since last request: 0.000270 seconds.
  path: Assets/GUI Kit Casual Game/Casual Game_v2.0/Prefabs/Prefabs_Component_Buttons/Btn_OtherButton_Circle01_n.prefab
  artifactKey: Guid(7e4742c1c1a1448d8ab96a2962bcb691) Importer(815301076,1909f56bfc062723c751e8b465ee728b)
Start importing Assets/GUI Kit Casual Game/Casual Game_v2.0/Prefabs/Prefabs_Component_Buttons/Btn_OtherButton_Circle01_n.prefab using Guid(7e4742c1c1a1448d8ab96a2962bcb691) Importer(815301076,1909f56bfc062723c751e8b465ee728b)  -> (artifact id: '4ef1ffe1b3631932606957aa5fbed921') in 0.018366 seconds
  Import took 0.022085 seconds .

========================================================================
Received Import Request.
  Time since last request: 0.000300 seconds.
  path: Assets/GUI Kit Casual Game/Casual Game_v2.0/Prefabs/Prefabs_Demo_UI/Button_Battle.prefab
  artifactKey: Guid(6fdedcf2c7fe547679865aec3cb5d9b3) Importer(815301076,1909f56bfc062723c751e8b465ee728b)
Start importing Assets/GUI Kit Casual Game/Casual Game_v2.0/Prefabs/Prefabs_Demo_UI/Button_Battle.prefab using Guid(6fdedcf2c7fe547679865aec3cb5d9b3) Importer(815301076,1909f56bfc062723c751e8b465ee728b)  -> (artifact id: '440e6d7da17083e82baa5a597bb83f9f') in 0.030166 seconds
  Import took 0.033367 seconds .

========================================================================
Received Import Request.
  Time since last request: 0.000324 seconds.
  path: Assets/GUI Kit Casual Game/Casual Game_v2.0/Prefabs/Prefabs_Component_Buttons/Btn_MainButton-Group-.prefab
  artifactKey: Guid(3d504a9ad5c3c41eaa1e637d4e5db64a) Importer(815301076,1909f56bfc062723c751e8b465ee728b)
Start importing Assets/GUI Kit Casual Game/Casual Game_v2.0/Prefabs/Prefabs_Component_Buttons/Btn_MainButton-Group-.prefab using Guid(3d504a9ad5c3c41eaa1e637d4e5db64a) Importer(815301076,1909f56bfc062723c751e8b465ee728b)  -> (artifact id: '2ea39a6c7ef31531f4ce01bb93398374') in 0.038618 seconds
  Import took 0.045736 seconds .

========================================================================
Received Import Request.
  Time since last request: 0.000276 seconds.
  path: Assets/GUI Kit Casual Game/Casual Game_v2.0/Prefabs/Prefabs_Component_Buttons/Btn_OtherButton_Square03_Purple.prefab
  artifactKey: Guid(ef5d2e555b20e464697fd2c7cb4f9678) Importer(815301076,1909f56bfc062723c751e8b465ee728b)
Start importing Assets/GUI Kit Casual Game/Casual Game_v2.0/Prefabs/Prefabs_Component_Buttons/Btn_OtherButton_Square03_Purple.prefab using Guid(ef5d2e555b20e464697fd2c7cb4f9678) Importer(815301076,1909f56bfc062723c751e8b465ee728b)  -> (artifact id: '7ac08e65fa3964d9a2de941c0605bfd9') in 0.015790 seconds
  Import took 0.019960 seconds .

========================================================================
Received Import Request.
  Time since last request: 0.000277 seconds.
  path: Assets/GUI Kit Casual Game/Casual Game_v2.0/Prefabs/Prefabs_Component_Buttons/Btn_OtherButton_SideButton02_Right.prefab
  artifactKey: Guid(4271882bd9b874fd4b12aede30dd42ec) Importer(815301076,1909f56bfc062723c751e8b465ee728b)
Start importing Assets/GUI Kit Casual Game/Casual Game_v2.0/Prefabs/Prefabs_Component_Buttons/Btn_OtherButton_SideButton02_Right.prefab using Guid(4271882bd9b874fd4b12aede30dd42ec) Importer(815301076,1909f56bfc062723c751e8b465ee728b)  -> (artifact id: '0cf584bb729b9ac8f101ecc0c04b809b') in 0.010906 seconds
  Import took 0.015074 seconds .

========================================================================
Received Import Request.
  Time since last request: 0.000298 seconds.
  path: Assets/GUI Kit Casual Game/Casual Game_v2.0/Prefabs/Prefabs_Demo_UI/Button_Auto.prefab
  artifactKey: Guid(261a329b46ca2446c958f17400868f2a) Importer(815301076,1909f56bfc062723c751e8b465ee728b)
Start importing Assets/GUI Kit Casual Game/Casual Game_v2.0/Prefabs/Prefabs_Demo_UI/Button_Auto.prefab using Guid(261a329b46ca2446c958f17400868f2a) Importer(815301076,1909f56bfc062723c751e8b465ee728b)  -> (artifact id: '82f940c931ae24228ab17b9b48765847') in 0.015807 seconds
  Import took 0.022474 seconds .

========================================================================
Received Import Request.
  Time since last request: 0.000378 seconds.
  path: Assets/GUI Kit Casual Game/Casual Game_v2.0/Prefabs/Prefabs_Component_Buttons/Btn_OtherButton_Polygon01.prefab
  artifactKey: Guid(0c1621f73ead642cf828731c847c9f5b) Importer(815301076,1909f56bfc062723c751e8b465ee728b)
Start importing Assets/GUI Kit Casual Game/Casual Game_v2.0/Prefabs/Prefabs_Component_Buttons/Btn_OtherButton_Polygon01.prefab using Guid(0c1621f73ead642cf828731c847c9f5b) Importer(815301076,1909f56bfc062723c751e8b465ee728b)  -> (artifact id: 'a88cc3e4c425f4ea1c3811c4be6b2296') in 0.030712 seconds
  Import took 0.034592 seconds .

========================================================================
Received Import Request.
  Time since last request: 0.000315 seconds.
  path: Assets/GUI Kit Casual Game/Casual Game_v2.0/Prefabs/Prefabs_Demo_UI/Button_Help.prefab
  artifactKey: Guid(7c29e46d6d0c64627bbcd94940122a68) Importer(815301076,1909f56bfc062723c751e8b465ee728b)
Start importing Assets/GUI Kit Casual Game/Casual Game_v2.0/Prefabs/Prefabs_Demo_UI/Button_Help.prefab using Guid(7c29e46d6d0c64627bbcd94940122a68) Importer(815301076,1909f56bfc062723c751e8b465ee728b)  -> (artifact id: '378d09cb8a0701dbbf000113a7e0ad62') in 0.010104 seconds
  Import took 0.014339 seconds .

========================================================================
Received Import Request.
  Time since last request: 0.000351 seconds.
  path: Assets/GUI Kit Casual Game/Casual Game_v2.0/Prefabs/Prefabs_Component_Buttons/Btn_OtherButton_Square02.prefab
  artifactKey: Guid(7ff6613f1b6c54467a8faf21ff261247) Importer(815301076,1909f56bfc062723c751e8b465ee728b)
Start importing Assets/GUI Kit Casual Game/Casual Game_v2.0/Prefabs/Prefabs_Component_Buttons/Btn_OtherButton_Square02.prefab using Guid(7ff6613f1b6c54467a8faf21ff261247) Importer(815301076,1909f56bfc062723c751e8b465ee728b)  -> (artifact id: '057d2a433fdf8707aa21e243eaff3750') in 0.012345 seconds
  Import took 0.016113 seconds .

========================================================================
Received Import Request.
  Time since last request: 0.000351 seconds.
  path: Assets/GUI Kit Casual Game/Casual Game_v2.0/Prefabs/Prefabs_Component_Label/_PrefabsPanel_Label.prefab
  artifactKey: Guid(4d028b829fe794a4bb02cb35600edbf3) Importer(815301076,1909f56bfc062723c751e8b465ee728b)
Start importing Assets/GUI Kit Casual Game/Casual Game_v2.0/Prefabs/Prefabs_Component_Label/_PrefabsPanel_Label.prefab using Guid(4d028b829fe794a4bb02cb35600edbf3) Importer(815301076,1909f56bfc062723c751e8b465ee728b)  -> (artifact id: '453daf789cb683d0f1d284cabd4b33ea') in 0.076747 seconds
  Import took 0.081125 seconds .

========================================================================
Received Import Request.
  Time since last request: 0.000295 seconds.
  path: Assets/GUI Kit Casual Game/Casual Game_v2.0/Prefabs/Prefabs_Demo_UI/Button_Close.prefab
  artifactKey: Guid(5d5cb366421fa40e6932e5d57d1e1ea0) Importer(815301076,1909f56bfc062723c751e8b465ee728b)
Start importing Assets/GUI Kit Casual Game/Casual Game_v2.0/Prefabs/Prefabs_Demo_UI/Button_Close.prefab using Guid(5d5cb366421fa40e6932e5d57d1e1ea0) Importer(815301076,1909f56bfc062723c751e8b465ee728b)  -> (artifact id: '82eadfc70370cc0578dd42735e1bb9da') in 0.009840 seconds
  Import took 0.013763 seconds .

========================================================================
Received Import Request.
  Time since last request: 0.000307 seconds.
  path: Assets/GUI Kit Casual Game/Casual Game_v2.0/Prefabs/Prefabs_Demo_UI/Button_Ok.prefab
  artifactKey: Guid(4bef6041548134282abca4cb00f403d4) Importer(815301076,1909f56bfc062723c751e8b465ee728b)
Start importing Assets/GUI Kit Casual Game/Casual Game_v2.0/Prefabs/Prefabs_Demo_UI/Button_Ok.prefab using Guid(4bef6041548134282abca4cb00f403d4) Importer(815301076,1909f56bfc062723c751e8b465ee728b)  -> (artifact id: '990c99e10240923c6d8498d08c78c45b') in 0.043357 seconds
  Import took 0.048130 seconds .

========================================================================
Received Import Request.
  Time since last request: 0.000310 seconds.
  path: Assets/GUI Kit Casual Game/Casual Game_v2.0/Prefabs/Prefabs_Component_Buttons/Btn_OtherButton_Polygon02.prefab
  artifactKey: Guid(af3f4ebe4147149bda4ec06e4544153b) Importer(815301076,1909f56bfc062723c751e8b465ee728b)
Start importing Assets/GUI Kit Casual Game/Casual Game_v2.0/Prefabs/Prefabs_Component_Buttons/Btn_OtherButton_Polygon02.prefab using Guid(af3f4ebe4147149bda4ec06e4544153b) Importer(815301076,1909f56bfc062723c751e8b465ee728b)  -> (artifact id: '2588ef696e86cbc9957c3a42a218d3e8') in 0.029759 seconds
  Import took 0.034481 seconds .

========================================================================
Received Import Request.
  Time since last request: 0.000275 seconds.
  path: Assets/GUI Kit Casual Game/Casual Game_v2.0/Prefabs/Prefabs_Demo_UI/Button_Back.prefab
  artifactKey: Guid(0aaa9b214319a4f05be61c1f414bd7ac) Importer(815301076,1909f56bfc062723c751e8b465ee728b)
Start importing Assets/GUI Kit Casual Game/Casual Game_v2.0/Prefabs/Prefabs_Demo_UI/Button_Back.prefab using Guid(0aaa9b214319a4f05be61c1f414bd7ac) Importer(815301076,1909f56bfc062723c751e8b465ee728b)  -> (artifact id: 'd72be6b26ddd31eba413ba5337bebf09') in 0.008811 seconds
  Import took 0.012934 seconds .

========================================================================
Received Import Request.
  Time since last request: 0.000399 seconds.
  path: Assets/GUI Kit Casual Game/Casual Game_v2.0/Prefabs/Prefabs_Component_Buttons/Btn_OtherButton_Square01_Yellow.prefab
  artifactKey: Guid(f090e23226d0445e3942f04bf4616c03) Importer(815301076,1909f56bfc062723c751e8b465ee728b)
Start importing Assets/GUI Kit Casual Game/Casual Game_v2.0/Prefabs/Prefabs_Component_Buttons/Btn_OtherButton_Square01_Yellow.prefab using Guid(f090e23226d0445e3942f04bf4616c03) Importer(815301076,1909f56bfc062723c751e8b465ee728b)  -> (artifact id: '2e6847140b2c2c23f83d7e7728999046') in 0.029007 seconds
  Import took 0.033116 seconds .

========================================================================
Received Import Request.
  Time since last request: 0.000380 seconds.
  path: Assets/GUI Kit Casual Game/Casual Game_v2.0/Prefabs/Prefabs_Demo_UI/Button_Home.prefab
  artifactKey: Guid(1d92cb7c1275c4e4b95285e0ed2bba79) Importer(815301076,1909f56bfc062723c751e8b465ee728b)
Start importing Assets/GUI Kit Casual Game/Casual Game_v2.0/Prefabs/Prefabs_Demo_UI/Button_Home.prefab using Guid(1d92cb7c1275c4e4b95285e0ed2bba79) Importer(815301076,1909f56bfc062723c751e8b465ee728b)  -> (artifact id: 'd4fc9fdab79e701cb95c45acaa1f4386') in 0.012568 seconds
  Import took 0.017111 seconds .

========================================================================
Received Import Request.
  Time since last request: 0.000354 seconds.
  path: Assets/GUI Kit Casual Game/Casual Game_v2.0/Prefabs/Prefabs_Component_Buttons/Btn_OtherButton_Square05.prefab
  artifactKey: Guid(923c23b8593254dc5aa874dc22afce97) Importer(815301076,1909f56bfc062723c751e8b465ee728b)
Start importing Assets/GUI Kit Casual Game/Casual Game_v2.0/Prefabs/Prefabs_Component_Buttons/Btn_OtherButton_Square05.prefab using Guid(923c23b8593254dc5aa874dc22afce97) Importer(815301076,1909f56bfc062723c751e8b465ee728b)  -> (artifact id: 'fe7eb9d3784dd8885eaa9a75063bed39') in 0.008659 seconds
  Import took 0.012513 seconds .

========================================================================
Received Import Request.
  Time since last request: 0.000341 seconds.
  path: Assets/GUI Kit Casual Game/Casual Game_v2.0/Prefabs/Prefabs_Component_Slider/_PrefabsPanel_Slider_2.prefab
  artifactKey: Guid(b2d8544b4d3d0404f90a8a1acf4f011c) Importer(815301076,1909f56bfc062723c751e8b465ee728b)
Start importing Assets/GUI Kit Casual Game/Casual Game_v2.0/Prefabs/Prefabs_Component_Slider/_PrefabsPanel_Slider_2.prefab using Guid(b2d8544b4d3d0404f90a8a1acf4f011c) Importer(815301076,1909f56bfc062723c751e8b465ee728b)  -> (artifact id: '22a5394fe75a0ac1e4b5810b5fda0085') in 0.070391 seconds
  Import took 0.074973 seconds .

========================================================================
Received Import Request.
  Time since last request: 0.000309 seconds.
  path: Assets/GUI Kit Casual Game/Casual Game_v2.0/Prefabs/Prefabs_Component_Frames/_PrefabsPanel_ItemFrames.prefab
  artifactKey: Guid(0ac2edb56a7f64cd0b24492680ee1bfd) Importer(815301076,1909f56bfc062723c751e8b465ee728b)
Start importing Assets/GUI Kit Casual Game/Casual Game_v2.0/Prefabs/Prefabs_Component_Frames/_PrefabsPanel_ItemFrames.prefab using Guid(0ac2edb56a7f64cd0b24492680ee1bfd) Importer(815301076,1909f56bfc062723c751e8b465ee728b)  -> (artifact id: '0a4b960fe24387f8fd64bf7c73876bf2') in 0.093613 seconds
  Import took 0.098395 seconds .

========================================================================
Received Import Request.
  Time since last request: 0.000287 seconds.
  path: Assets/GUI Kit Casual Game/Casual Game_v2.0/Prefabs/Prefabs_Component_Buttons/Btn_MainButton_Gray.prefab
  artifactKey: Guid(bdb8da037ac62489d9b2f6b1250107a3) Importer(815301076,1909f56bfc062723c751e8b465ee728b)
Start importing Assets/GUI Kit Casual Game/Casual Game_v2.0/Prefabs/Prefabs_Component_Buttons/Btn_MainButton_Gray.prefab using Guid(bdb8da037ac62489d9b2f6b1250107a3) Importer(815301076,1909f56bfc062723c751e8b465ee728b)  -> (artifact id: 'af09e269df02daae8a81312b008af98b') in 0.027608 seconds
  Import took 0.032945 seconds .

========================================================================
Received Import Request.
  Time since last request: 0.000358 seconds.
  path: Assets/GUI Kit Casual Game/Casual Game_v2.0/Prefabs/Prefabs_Component_Buttons/Btn_OtherButton_Square01_Blue.prefab
  artifactKey: Guid(dd8be203362534465bb76e3090c1564f) Importer(815301076,1909f56bfc062723c751e8b465ee728b)
Start importing Assets/GUI Kit Casual Game/Casual Game_v2.0/Prefabs/Prefabs_Component_Buttons/Btn_OtherButton_Square01_Blue.prefab using Guid(dd8be203362534465bb76e3090c1564f) Importer(815301076,1909f56bfc062723c751e8b465ee728b)  -> (artifact id: 'f42bbbb87c9652fb29ae8a21a9232c6c') in 0.031639 seconds
  Import took 0.035230 seconds .

========================================================================
Received Import Request.
  Time since last request: 0.000352 seconds.
  path: Assets/GUI Kit Casual Game/Casual Game_v2.0/Prefabs/Prefabs_Component_Buttons/Btn_OtherButton_Square06.prefab
  artifactKey: Guid(d21c37bdbcc744219a752b64f206e898) Importer(815301076,1909f56bfc062723c751e8b465ee728b)
Start importing Assets/GUI Kit Casual Game/Casual Game_v2.0/Prefabs/Prefabs_Component_Buttons/Btn_OtherButton_Square06.prefab using Guid(d21c37bdbcc744219a752b64f206e898) Importer(815301076,1909f56bfc062723c751e8b465ee728b)  -> (artifact id: 'e836a52fb995b0096d5a2f25ee96216a') in 0.010079 seconds
  Import took 0.014186 seconds .

========================================================================
Received Import Request.
  Time since last request: 0.000347 seconds.
  path: Assets/GUI Kit Casual Game/Casual Game_v2.0/Prefabs/Prefabs_Component_Buttons/Btn_OtherButton_Square03_Blue.prefab
  artifactKey: Guid(95611a4ae71f8491cb11d410875147bd) Importer(815301076,1909f56bfc062723c751e8b465ee728b)
Start importing Assets/GUI Kit Casual Game/Casual Game_v2.0/Prefabs/Prefabs_Component_Buttons/Btn_OtherButton_Square03_Blue.prefab using Guid(95611a4ae71f8491cb11d410875147bd) Importer(815301076,1909f56bfc062723c751e8b465ee728b)  -> (artifact id: 'd20e5b57eea54af1e92cea4999abdc1b') in 0.019518 seconds
  Import took 0.023083 seconds .

========================================================================
Received Import Request.
  Time since last request: 0.000415 seconds.
  path: Assets/GUI Kit Casual Game/Casual Game_v2.0/Prefabs/Prefabs_Component_Popups/_PrefabsPanel_Popups_3.prefab
  artifactKey: Guid(993c740444d1040c2b02aa75e5e79920) Importer(815301076,1909f56bfc062723c751e8b465ee728b)
Start importing Assets/GUI Kit Casual Game/Casual Game_v2.0/Prefabs/Prefabs_Component_Popups/_PrefabsPanel_Popups_3.prefab using Guid(993c740444d1040c2b02aa75e5e79920) Importer(815301076,1909f56bfc062723c751e8b465ee728b)  -> (artifact id: '575b9cceaa6f535194d41ba8f096b454') in 0.018915 seconds
  Import took 0.023221 seconds .

========================================================================
Received Import Request.
  Time since last request: 0.000361 seconds.
  path: Assets/GUI Kit Casual Game/Casual Game_v2.0/Prefabs/Prefabs_Demo_UI/Button_Info.prefab
  artifactKey: Guid(8d6a8e46687ed4f149631531bd31191d) Importer(815301076,1909f56bfc062723c751e8b465ee728b)
Start importing Assets/GUI Kit Casual Game/Casual Game_v2.0/Prefabs/Prefabs_Demo_UI/Button_Info.prefab using Guid(8d6a8e46687ed4f149631531bd31191d) Importer(815301076,1909f56bfc062723c751e8b465ee728b)  -> (artifact id: '690504091b0b06cf066877c123ce6179') in 0.008406 seconds
  Import took 0.012804 seconds .

========================================================================
Received Import Request.
  Time since last request: 0.000405 seconds.
  path: Assets/GUI Kit Casual Game/Casual Game_v2.0/Prefabs/Prefabs_Component_Buttons/Btn_MainButton_Blue.prefab
  artifactKey: Guid(8ab284b5214534699984acce51873626) Importer(815301076,1909f56bfc062723c751e8b465ee728b)
Start importing Assets/GUI Kit Casual Game/Casual Game_v2.0/Prefabs/Prefabs_Component_Buttons/Btn_MainButton_Blue.prefab using Guid(8ab284b5214534699984acce51873626) Importer(815301076,1909f56bfc062723c751e8b465ee728b)  -> (artifact id: 'c2651ff9cd78655e8cbbb2f8fd83497f') in 0.028631 seconds
  Import took 0.032286 seconds .

========================================================================
Received Import Request.
  Time since last request: 0.000275 seconds.
  path: Assets/GUI Kit Casual Game/Casual Game_v2.0/Prefabs/Prefabs_Component_Buttons/Btn_OtherButton_Square08.prefab
  artifactKey: Guid(b7b74df048b214bc18025b5f7193ff6c) Importer(815301076,1909f56bfc062723c751e8b465ee728b)
Start importing Assets/GUI Kit Casual Game/Casual Game_v2.0/Prefabs/Prefabs_Component_Buttons/Btn_OtherButton_Square08.prefab using Guid(b7b74df048b214bc18025b5f7193ff6c) Importer(815301076,1909f56bfc062723c751e8b465ee728b)  -> (artifact id: 'bc9b8fa13cf3855db9f1dbf9c3724612') in 0.016207 seconds
  Import took 0.020586 seconds .

========================================================================
Received Import Request.
  Time since last request: 0.000298 seconds.
  path: Assets/GUI Kit Casual Game/Casual Game_v2.0/Prefabs/Prefabs_Component_Buttons/Btn_MainButton_Blue.prefab
  artifactKey: Guid(8ab284b5214534699984acce51873626) Importer(815301076,1909f56bfc062723c751e8b465ee728b)
Start importing Assets/GUI Kit Casual Game/Casual Game_v2.0/Prefabs/Prefabs_Component_Buttons/Btn_MainButton_Blue.prefab using Guid(8ab284b5214534699984acce51873626) Importer(815301076,1909f56bfc062723c751e8b465ee728b)  -> (artifact id: 'c2651ff9cd78655e8cbbb2f8fd83497f') in 0.026782 seconds
  Import took 0.030678 seconds .

========================================================================
Received Import Request.
  Time since last request: 0.000304 seconds.
  path: Assets/GUI Kit Casual Game/Casual Game_v2.0/Prefabs/Prefabs_Component_Buttons/Btn_MainButton_Purple.prefab
  artifactKey: Guid(b0f639c3f42fa45f88859cda7d1ee061) Importer(815301076,1909f56bfc062723c751e8b465ee728b)
Start importing Assets/GUI Kit Casual Game/Casual Game_v2.0/Prefabs/Prefabs_Component_Buttons/Btn_MainButton_Purple.prefab using Guid(b0f639c3f42fa45f88859cda7d1ee061) Importer(815301076,1909f56bfc062723c751e8b465ee728b)  -> (artifact id: '14700a66cb3bde6032a9fa23ba782df8') in 0.028228 seconds
  Import took 0.033611 seconds .

========================================================================
Received Import Request.
  Time since last request: 0.000355 seconds.
  path: Assets/GUI Kit Casual Game/Casual Game_v2.0/Prefabs/Prefabs_Component_Buttons/Btn_OtherButton_Square07.prefab
  artifactKey: Guid(c5bd70ba55fb940eab65e02d859442dd) Importer(815301076,1909f56bfc062723c751e8b465ee728b)
Start importing Assets/GUI Kit Casual Game/Casual Game_v2.0/Prefabs/Prefabs_Component_Buttons/Btn_OtherButton_Square07.prefab using Guid(c5bd70ba55fb940eab65e02d859442dd) Importer(815301076,1909f56bfc062723c751e8b465ee728b)  -> (artifact id: '0b45ae5759d1d365c652a0de8f3a8a9e') in 0.012800 seconds
  Import took 0.017438 seconds .

========================================================================
Received Import Request.
  Time since last request: 0.000344 seconds.
  path: Assets/GUI Kit Casual Game/Casual Game_v2.0/Prefabs/Prefabs_Component_Buttons/Btn_OtherButton_Hexagon01_Blue.prefab
  artifactKey: Guid(766697219b1f9467e802797f5c91eeb6) Importer(815301076,1909f56bfc062723c751e8b465ee728b)
Start importing Assets/GUI Kit Casual Game/Casual Game_v2.0/Prefabs/Prefabs_Component_Buttons/Btn_OtherButton_Hexagon01_Blue.prefab using Guid(766697219b1f9467e802797f5c91eeb6) Importer(815301076,1909f56bfc062723c751e8b465ee728b)  -> (artifact id: 'afe195a55ec766a21f7e7c548deb4606') in 0.008229 seconds
  Import took 0.012092 seconds .

========================================================================
Received Import Request.
  Time since last request: 0.005786 seconds.
  path: Assets/GUI Kit Casual Game/Casual Game_v2.0/Prefabs/Prefabs_Component_Buttons/Btn_OtherButton_Hexagon01_Blue.prefab
  artifactKey: Guid(766697219b1f9467e802797f5c91eeb6) Importer(815301076,1909f56bfc062723c751e8b465ee728b)
Start importing Assets/GUI Kit Casual Game/Casual Game_v2.0/Prefabs/Prefabs_Component_Buttons/Btn_OtherButton_Hexagon01_Blue.prefab using Guid(766697219b1f9467e802797f5c91eeb6) Importer(815301076,1909f56bfc062723c751e8b465ee728b)  -> (artifact id: 'afe195a55ec766a21f7e7c548deb4606') in 0.005849 seconds
  Import took 0.009425 seconds .

========================================================================
Received Import Request.
  Time since last request: 18.430574 seconds.
  path: Assets/OptiCamV2.unity
  artifactKey: Guid(a4043f6f952b6e44d9f1826df94cdc9c) Importer(815301076,1909f56bfc062723c751e8b465ee728b)
Start importing Assets/OptiCamV2.unity using Guid(a4043f6f952b6e44d9f1826df94cdc9c) Importer(815301076,1909f56bfc062723c751e8b465ee728b)  -> (artifact id: '7150283af657e60ea88334c00816a64e') in 0.004963 seconds
  Import took 0.010111 seconds .

========================================================================
Received Import Request.
  Time since last request: 0.005786 seconds.
  path: Assets/OptiCamV2.unity
  artifactKey: Guid(a4043f6f952b6e44d9f1826df94cdc9c) Importer(815301076,1909f56bfc062723c751e8b465ee728b)
Start importing Assets/OptiCamV2.unity using Guid(a4043f6f952b6e44d9f1826df94cdc9c) Importer(815301076,1909f56bfc062723c751e8b465ee728b)  -> (artifact id: '7150283af657e60ea88334c00816a64e') in 0.004504 seconds
  Import took 0.008819 seconds .

========================================================================
Received Import Request.
  Time since last request: 284.924476 seconds.
  path: Assets/Scenes/OptiCamV2.unity
  artifactKey: Guid(a4043f6f952b6e44d9f1826df94cdc9c) Importer(815301076,1909f56bfc062723c751e8b465ee728b)
Start importing Assets/Scenes/OptiCamV2.unity using Guid(a4043f6f952b6e44d9f1826df94cdc9c) Importer(815301076,1909f56bfc062723c751e8b465ee728b)  -> (artifact id: '18c01f65847f8ef0ce7ae62b70c6bbfa') in 0.003354 seconds
  Import took 0.008069 seconds .

========================================================================
Received Import Request.
  Time since last request: 0.009449 seconds.
  path: Assets/Scenes/OptiCamV2.unity
  artifactKey: Guid(a4043f6f952b6e44d9f1826df94cdc9c) Importer(815301076,1909f56bfc062723c751e8b465ee728b)
Start importing Assets/Scenes/OptiCamV2.unity using Guid(a4043f6f952b6e44d9f1826df94cdc9c) Importer(815301076,1909f56bfc062723c751e8b465ee728b)  -> (artifact id: '18c01f65847f8ef0ce7ae62b70c6bbfa') in 0.003651 seconds
  Import took 0.007022 seconds .

========================================================================
Received Prepare
Registering precompiled user dll's ...
Registered in 0.001404 seconds.
Begin MonoManager ReloadAssembly
Native extension for WindowsStandalone target not found
Refreshing native plugins compatible for Editor in 0.58 ms, found 3 plugins.
Preloading 0 native plugins for Editor in 0.00 ms.
Mono: successfully reloaded assembly
- Completed reload, in  0.841 seconds
Platform modules already initialized, skipping
Refreshing native plugins compatible for Editor in 0.66 ms, found 3 plugins.
Preloading 0 native plugins for Editor in 0.00 ms.
Unloading 1655 Unused Serialized files (Serialized files now loaded: 0)
System memory in use before: 98.2 MB.
System memory in use after: 98.3 MB.

Unloading 9 unused Assets to reduce memory usage. Loaded Objects now: 2197.
Total: 2.379200 ms (FindLiveObjects: 0.291400 ms CreateObjectMapping: 0.111900 ms MarkObjects: 1.897700 ms  DeleteObjects: 0.076900 ms)

AssetImportWorkerClient::OnTransportError - code=2 error=End of file
